<?xml version="1.0" encoding="UTF-8"?>
<!-- Generated by org.testng.reporters.JUnitXMLReporter -->
<testsuite ignored="24" hostname="IN-BAV-L0832" failures="18" tests="30" name="Test" time="381.761" errors="0" timestamp="2021-04-01T15:29:23 IST">
  <testcase classname="com.tests.home.HomePageTests" name="homeTest" time="0.203"/>
  <testcase classname="com.tests.registration.SignUpTests" name="beforeSignUpTest" time="6.257"/>
  <testcase classname="com.tests.registration.SignUpTests" name="signUpTest" time="4.35">
    <failure type="java.lang.NullPointerException">
      <![CDATA[java.lang.NullPointerException
at org.openqa.selenium.interactions.Actions.sendKeysInTicks(Actions.java:231)
at org.openqa.selenium.interactions.Actions.sendKeys(Actions.java:214)
at com.tests.registration.SignUpTests.signUpTest(SignUpTests.java:76)
at java.base/java.util.ArrayList.forEach(ArrayList.java:1507)
... Removed 27 stack frames]]>
    </failure>
  </testcase> <!-- signUpTest -->
  <testcase classname="com.tests.registration.SignUpTests" name="signUpTest" time="5.662">
    <failure type="java.lang.AssertionError" message="expected [http://a.testaddressbook.com/] but found [http://a.testaddressbook.com/users]">
      <![CDATA[java.lang.AssertionError: expected [http://a.testaddressbook.com/] but found [http://a.testaddressbook.com/users]
at com.tests.registration.SignUpTests.signUpTest(SignUpTests.java:105)
at java.base/java.util.ArrayList.forEach(ArrayList.java:1507)
... Removed 32 stack frames]]>
    </failure>
  </testcase> <!-- signUpTest -->
  <testcase classname="com.tests.registration.SignUpTests" name="signUpTest" time="5.395">
    <failure type="java.lang.AssertionError" message="expected [http://a.testaddressbook.com/] but found [http://a.testaddressbook.com/users]">
      <![CDATA[java.lang.AssertionError: expected [http://a.testaddressbook.com/] but found [http://a.testaddressbook.com/users]
at com.tests.registration.SignUpTests.signUpTest(SignUpTests.java:105)
at java.base/java.util.ArrayList.forEach(ArrayList.java:1507)
... Removed 32 stack frames]]>
    </failure>
  </testcase> <!-- signUpTest -->
  <testcase classname="com.tests.registration.SignUpTests" name="signUpTest" time="5.369">
    <failure type="java.lang.AssertionError" message="expected [http://a.testaddressbook.com/] but found [http://a.testaddressbook.com/users]">
      <![CDATA[java.lang.AssertionError: expected [http://a.testaddressbook.com/] but found [http://a.testaddressbook.com/users]
at com.tests.registration.SignUpTests.signUpTest(SignUpTests.java:105)
at java.base/java.util.ArrayList.forEach(ArrayList.java:1507)
... Removed 32 stack frames]]>
    </failure>
  </testcase> <!-- signUpTest -->
  <testcase classname="com.tests.registration.SignUpTests" name="signUpTest" time="5.263">
    <failure type="java.lang.AssertionError" message="expected [http://a.testaddressbook.com/] but found [http://a.testaddressbook.com/users]">
      <![CDATA[java.lang.AssertionError: expected [http://a.testaddressbook.com/] but found [http://a.testaddressbook.com/users]
at com.tests.registration.SignUpTests.signUpTest(SignUpTests.java:105)
at java.base/java.util.ArrayList.forEach(ArrayList.java:1507)
... Removed 32 stack frames]]>
    </failure>
  </testcase> <!-- signUpTest -->
  <testcase classname="com.tests.registration.SignUpTests" name="signUpTest" time="5.529">
    <failure type="java.lang.AssertionError" message="expected [http://a.testaddressbook.com/] but found [http://a.testaddressbook.com/users]">
      <![CDATA[java.lang.AssertionError: expected [http://a.testaddressbook.com/] but found [http://a.testaddressbook.com/users]
at com.tests.registration.SignUpTests.signUpTest(SignUpTests.java:105)
at java.base/java.util.ArrayList.forEach(ArrayList.java:1507)
... Removed 32 stack frames]]>
    </failure>
  </testcase> <!-- signUpTest -->
  <testcase classname="com.tests.registration.SignUpTests" name="signUpTest" time="5.41">
    <failure type="java.lang.AssertionError" message="expected [http://a.testaddressbook.com/] but found [http://a.testaddressbook.com/users]">
      <![CDATA[java.lang.AssertionError: expected [http://a.testaddressbook.com/] but found [http://a.testaddressbook.com/users]
at com.tests.registration.SignUpTests.signUpTest(SignUpTests.java:105)
at java.base/java.util.ArrayList.forEach(ArrayList.java:1507)
... Removed 32 stack frames]]>
    </failure>
  </testcase> <!-- signUpTest -->
  <testcase classname="com.tests.registration.SignUpTests" name="signUpTest" time="5.639">
    <failure type="java.lang.AssertionError" message="expected [http://a.testaddressbook.com/] but found [http://a.testaddressbook.com/users]">
      <![CDATA[java.lang.AssertionError: expected [http://a.testaddressbook.com/] but found [http://a.testaddressbook.com/users]
at com.tests.registration.SignUpTests.signUpTest(SignUpTests.java:105)
at java.base/java.util.ArrayList.forEach(ArrayList.java:1507)
... Removed 32 stack frames]]>
    </failure>
  </testcase> <!-- signUpTest -->
  <testcase classname="com.tests.registration.SignUpTests" name="signUpTest" time="5.629">
    <failure type="java.lang.AssertionError" message="expected [http://a.testaddressbook.com/] but found [http://a.testaddressbook.com/users]">
      <![CDATA[java.lang.AssertionError: expected [http://a.testaddressbook.com/] but found [http://a.testaddressbook.com/users]
at com.tests.registration.SignUpTests.signUpTest(SignUpTests.java:105)
at java.base/java.util.ArrayList.forEach(ArrayList.java:1507)
... Removed 32 stack frames]]>
    </failure>
  </testcase> <!-- signUpTest -->
  <testcase classname="com.tests.registration.SignUpTests" name="signUpTest" time="5.186">
    <failure type="java.lang.AssertionError" message="expected [http://a.testaddressbook.com/] but found [http://a.testaddressbook.com/users]">
      <![CDATA[java.lang.AssertionError: expected [http://a.testaddressbook.com/] but found [http://a.testaddressbook.com/users]
at com.tests.registration.SignUpTests.signUpTest(SignUpTests.java:105)
at java.base/java.util.ArrayList.forEach(ArrayList.java:1507)
... Removed 32 stack frames]]>
    </failure>
  </testcase> <!-- signUpTest -->
  <testcase classname="com.tests.registration.SignUpTests" name="signUpTest" time="4.734"/>
  <testcase classname="com.tests.registration.SignUpTests" name="signUpTest" time="5.169">
    <failure type="java.lang.AssertionError" message="expected [http://a.testaddressbook.com/] but found [http://a.testaddressbook.com/users]">
      <![CDATA[java.lang.AssertionError: expected [http://a.testaddressbook.com/] but found [http://a.testaddressbook.com/users]
at com.tests.registration.SignUpTests.signUpTest(SignUpTests.java:105)
at java.base/java.util.ArrayList.forEach(ArrayList.java:1507)
... Removed 32 stack frames]]>
    </failure>
  </testcase> <!-- signUpTest -->
  <testcase classname="com.tests.registration.SignInTests" name="signInTest" time="3.186">
    <failure type="java.lang.IllegalArgumentException" message="Keys to send should be a not null CharSequence">
      <![CDATA[java.lang.IllegalArgumentException: Keys to send should be a not null CharSequence
at org.openqa.selenium.remote.RemoteWebElement.sendKeys(RemoteWebElement.java:97)
at org.openqa.selenium.support.pagefactory.internal.LocatingElementHandler.invoke(LocatingElementHandler.java:51)
at com.sun.proxy.$Proxy19.sendKeys(Unknown Source)
at com.tests.registration.SignInTests.signInTest(SignInTests.java:45)
at java.base/java.util.ArrayList.forEach(ArrayList.java:1507)
... Removed 31 stack frames]]>
    </failure>
  </testcase> <!-- signInTest -->
  <testcase classname="com.tests.registration.SignInTests" name="signInTest" time="10.737"/>
  <testcase classname="com.tests.registration.SignInTests" name="signInTest" time="10.848"/>
  <testcase classname="com.tests.registration.SignInTests" name="signInTest" time="11.664"/>
  <testcase classname="com.tests.registration.SignInTests" name="signInTest" time="10.496"/>
  <testcase classname="com.tests.registration.SignInTests" name="signInTest" time="10.387"/>
  <testcase classname="com.tests.registration.SignInTests" name="signInTest" time="10.38"/>
  <testcase classname="com.tests.registration.SignInTests" name="signInTest" time="4.191">
    <failure type="java.lang.AssertionError" message="expected [true] but found [false]">
      <![CDATA[java.lang.AssertionError: expected [true] but found [false]
at com.tests.registration.SignInTests.signInTest(SignInTests.java:67)
at java.base/java.util.ArrayList.forEach(ArrayList.java:1507)
... Removed 31 stack frames]]>
    </failure>
  </testcase> <!-- signInTest -->
  <testcase classname="com.tests.registration.SignInTests" name="signInTest" time="11.013"/>
  <testcase classname="com.tests.registration.SignInTests" name="signInTest" time="3.982">
    <failure type="java.lang.AssertionError" message="expected [true] but found [false]">
      <![CDATA[java.lang.AssertionError: expected [true] but found [false]
at com.tests.registration.SignInTests.signInTest(SignInTests.java:67)
at java.base/java.util.ArrayList.forEach(ArrayList.java:1507)
... Removed 31 stack frames]]>
    </failure>
  </testcase> <!-- signInTest -->
  <testcase classname="com.tests.registration.SignInTests" name="signInTest" time="3.476">
    <failure type="java.lang.AssertionError" message="expected [true] but found [false]">
      <![CDATA[java.lang.AssertionError: expected [true] but found [false]
at com.tests.registration.SignInTests.signInTest(SignInTests.java:67)
at java.base/java.util.ArrayList.forEach(ArrayList.java:1507)
... Removed 31 stack frames]]>
    </failure>
  </testcase> <!-- signInTest -->
  <testcase classname="com.tests.registration.SignInTests" name="signInTest" time="3.936">
    <failure type="java.lang.AssertionError" message="expected [true] but found [false]">
      <![CDATA[java.lang.AssertionError: expected [true] but found [false]
at com.tests.registration.SignInTests.signInTest(SignInTests.java:67)
at java.base/java.util.ArrayList.forEach(ArrayList.java:1507)
... Removed 31 stack frames]]>
    </failure>
  </testcase> <!-- signInTest -->
  <testcase classname="com.tests.addresses.AddressTests" name="addressFormsTest" time="9.761"/>
  <testcase classname="com.tests.addresses.ValidateAddressTests" name="VerifyAddressForms" time="6.134">
    <failure type="java.lang.AssertionError" message="expected [muskan] but found [amrita]">
      <![CDATA[java.lang.AssertionError: expected [muskan] but found [amrita]
at com.tests.addresses.ValidateAddressTests.VerifyAddressForms(ValidateAddressTests.java:42)
at java.base/java.util.ArrayList.forEach(ArrayList.java:1507)
... Removed 32 stack frames]]>
    </failure>
  </testcase> <!-- VerifyAddressForms -->
  <testcase classname="com.tests.addresslinks.EditLinkTests" name="EditLink" time="10.822">
    <failure type="java.lang.AssertionError" message="expected [No] but found [Yes]">
      <![CDATA[java.lang.AssertionError: expected [No] but found [Yes]
at com.tests.addresslinks.EditLinkTests.EditLink(EditLinkTests.java:51)
at java.base/java.util.ArrayList.forEach(ArrayList.java:1507)
... Removed 32 stack frames]]>
    </failure>
  </testcase> <!-- EditLink -->
  <testcase classname="com.tests.addresslinks.DestroyLinkTests" name="EditLink" time="6.134"/>
  <testcase classname="com.pages.home.BaseClass" name="@AfterTest afterTest" time="0.0">
    <ignored/>
  </testcase> <!-- @AfterTest afterTest -->
  <testcase classname="com.pages.home.BaseClass" name="@AfterTest afterTest" time="0.0">
    <ignored/>
  </testcase> <!-- @AfterTest afterTest -->
  <testcase classname="com.pages.home.BaseClass" name="@AfterTest afterTest" time="0.0">
    <ignored/>
  </testcase> <!-- @AfterTest afterTest -->
  <testcase classname="com.pages.home.BaseClass" name="@AfterTest afterTest" time="0.0">
    <ignored/>
  </testcase> <!-- @AfterTest afterTest -->
  <testcase classname="com.pages.home.BaseClass" name="@AfterTest afterTest" time="0.0">
    <ignored/>
  </testcase> <!-- @AfterTest afterTest -->
  <testcase classname="com.pages.home.BaseClass" name="@AfterTest afterTest" time="0.0">
    <ignored/>
  </testcase> <!-- @AfterTest afterTest -->
  <testcase classname="com.pages.home.BaseClass" name="@BeforeSuite startup" time="0.0">
    <ignored/>
  </testcase> <!-- @BeforeSuite startup -->
  <testcase classname="com.pages.home.BaseClass" name="@BeforeSuite startup" time="0.0">
    <ignored/>
  </testcase> <!-- @BeforeSuite startup -->
  <testcase classname="com.pages.home.BaseClass" name="@BeforeSuite startup" time="0.0">
    <ignored/>
  </testcase> <!-- @BeforeSuite startup -->
  <testcase classname="com.pages.home.BaseClass" name="@BeforeSuite startup" time="0.0">
    <ignored/>
  </testcase> <!-- @BeforeSuite startup -->
  <testcase classname="com.pages.home.BaseClass" name="@BeforeSuite startup" time="0.0">
    <ignored/>
  </testcase> <!-- @BeforeSuite startup -->
  <testcase classname="com.pages.home.BaseClass" name="@BeforeSuite startup" time="0.0">
    <ignored/>
  </testcase> <!-- @BeforeSuite startup -->
  <testcase classname="com.pages.home.BaseClass" name="@AfterSuite afterSuite" time="0.0">
    <ignored/>
  </testcase> <!-- @AfterSuite afterSuite -->
  <testcase classname="com.pages.home.BaseClass" name="@AfterSuite afterSuite" time="0.0">
    <ignored/>
  </testcase> <!-- @AfterSuite afterSuite -->
  <testcase classname="com.pages.home.BaseClass" name="@AfterSuite afterSuite" time="0.0">
    <ignored/>
  </testcase> <!-- @AfterSuite afterSuite -->
  <testcase classname="com.pages.home.BaseClass" name="@AfterSuite afterSuite" time="0.0">
    <ignored/>
  </testcase> <!-- @AfterSuite afterSuite -->
  <testcase classname="com.pages.home.BaseClass" name="@AfterSuite afterSuite" time="0.0">
    <ignored/>
  </testcase> <!-- @AfterSuite afterSuite -->
  <testcase classname="com.pages.home.BaseClass" name="@AfterSuite afterSuite" time="0.0">
    <ignored/>
  </testcase> <!-- @AfterSuite afterSuite -->
  <testcase classname="com.pages.home.BaseClass" name="@BeforeTest beforeTest" time="0.0">
    <ignored/>
  </testcase> <!-- @BeforeTest beforeTest -->
  <testcase classname="com.pages.home.BaseClass" name="@BeforeTest beforeTest" time="0.0">
    <ignored/>
  </testcase> <!-- @BeforeTest beforeTest -->
  <testcase classname="com.pages.home.BaseClass" name="@BeforeTest beforeTest" time="0.0">
    <ignored/>
  </testcase> <!-- @BeforeTest beforeTest -->
  <testcase classname="com.pages.home.BaseClass" name="@BeforeTest beforeTest" time="0.0">
    <ignored/>
  </testcase> <!-- @BeforeTest beforeTest -->
  <testcase classname="com.pages.home.BaseClass" name="@BeforeTest beforeTest" time="0.0">
    <ignored/>
  </testcase> <!-- @BeforeTest beforeTest -->
  <testcase classname="com.pages.home.BaseClass" name="@BeforeTest beforeTest" time="0.0">
    <ignored/>
  </testcase> <!-- @BeforeTest beforeTest -->
</testsuite> <!-- Test -->
