<?xml version="1.0" encoding="UTF-8"?>
<testng-results ignored="24" total="80" passed="47" failed="9" skipped="0">
  <reporter-output>
  </reporter-output>
  <suite started-at="2021-04-05T15:14:31 IST" name="Surefire suite" finished-at="2021-04-05T15:27:27 IST" duration-ms="775721">
    <groups>
    </groups>
    <test started-at="2021-04-05T15:14:31 IST" name="Surefire test" finished-at="2021-04-05T15:27:27 IST" duration-ms="775721">
      <class name="com.tests.addresses.ValidateAddressTests">
        <test-method is-config="true" signature="beforeClass()[pri:0, instance:com.tests.addresses.ValidateAddressTests@314c508a]" started-at="2021-04-05T15:17:02 IST" name="beforeClass" finished-at="2021-04-05T15:17:02 IST" duration-ms="1" status="PASS">
          <reporter-output>
          </reporter-output>
        </test-method> <!-- beforeClass -->
        <test-method is-config="true" signature="beforeMethod()[pri:0, instance:com.tests.addresses.ValidateAddressTests@314c508a]" started-at="2021-04-05T15:17:02 IST" name="beforeMethod" finished-at="2021-04-05T15:17:06 IST" duration-ms="3686" status="PASS">
          <reporter-output>
          </reporter-output>
        </test-method> <!-- beforeMethod -->
        <test-method signature="VerifyAddressForms(java.lang.String, java.lang.String, java.lang.String, java.lang.String, java.lang.String, java.lang.String, java.lang.String, java.lang.String, java.lang.String, java.lang.String, java.lang.String, java.lang.String, java.lang.String, java.lang.String)[pri:0, instance:com.tests.addresses.ValidateAddressTests@314c508a]" started-at="2021-04-05T15:17:06 IST" name="VerifyAddressForms" data-provider="getValidateData" finished-at="2021-04-05T15:17:13 IST" duration-ms="7234" status="PASS">
          <params>
            <param index="0">
              <value>
                <![CDATA[amrita2234@gmail.com]]>
              </value>
            </param>
            <param index="1">
              <value>
                <![CDATA[amrita12]]>
              </value>
            </param>
            <param index="2">
              <value>
                <![CDATA[amrita]]>
              </value>
            </param>
            <param index="3">
              <value>
                <![CDATA[kaur]]>
              </value>
            </param>
            <param index="4">
              <value>
                <![CDATA[H.124]]>
              </value>
            </param>
            <param index="5">
              <value>
                <![CDATA[yamunanagar]]>
              </value>
            </param>
            <param index="6">
              <value>
                <![CDATA[Karnal]]>
              </value>
            </param>
            <param index="7">
              <value>
                <![CDATA[AZ]]>
              </value>
            </param>
            <param index="8">
              <value>
                <![CDATA[12345]]>
              </value>
            </param>
            <param index="9">
              <value>
                <![CDATA[22/11/1999]]>
              </value>
            </param>
            <param index="10">
              <value>
                <![CDATA[22]]>
              </value>
            </param>
            <param index="11">
              <value>
                <![CDATA[https://www.google.com]]>
              </value>
            </param>
            <param index="12">
              <value>
                <![CDATA[987-654-3459]]>
              </value>
            </param>
            <param index="13">
              <value>
                <![CDATA[thanks]]>
              </value>
            </param>
          </params>
          <reporter-output>
          </reporter-output>
        </test-method> <!-- VerifyAddressForms -->
        <test-method is-config="true" signature="tearDown(org.testng.ITestResult)[pri:0, instance:com.tests.addresses.ValidateAddressTests@314c508a]" started-at="2021-04-05T15:17:13 IST" name="tearDown" finished-at="2021-04-05T15:17:15 IST" duration-ms="2155" status="PASS">
          <params>
            <param index="0">
              <value>
                <![CDATA[[TestResult name=VerifyAddressForms status=SUCCESS method=ValidateAddressTests.VerifyAddressForms(java.lang.String, java.lang.String, java.lang.String, java.lang.String, java.lang.String, java.lang.String, java.lang.String, java.lang.String, java.lang.String, java.lang.String, java.lang.String, java.lang.String, java.lang.String, java.lang.String)[pri:0, instance:com.tests.addresses.ValidateAddressTests@314c508a] output={null}]]]>
              </value>
            </param>
          </params>
          <reporter-output>
          </reporter-output>
        </test-method> <!-- tearDown -->
        <test-method is-config="true" signature="beforeMethod()[pri:0, instance:com.tests.addresses.ValidateAddressTests@314c508a]" started-at="2021-04-05T15:17:15 IST" name="beforeMethod" finished-at="2021-04-05T15:17:19 IST" duration-ms="3671" status="PASS">
          <reporter-output>
          </reporter-output>
        </test-method> <!-- beforeMethod -->
        <test-method signature="VerifyAddressForms(java.lang.String, java.lang.String, java.lang.String, java.lang.String, java.lang.String, java.lang.String, java.lang.String, java.lang.String, java.lang.String, java.lang.String, java.lang.String, java.lang.String, java.lang.String, java.lang.String)[pri:0, instance:com.tests.addresses.ValidateAddressTests@314c508a]" started-at="2021-04-05T15:17:19 IST" name="VerifyAddressForms" data-provider="getValidateData" finished-at="2021-04-05T15:17:27 IST" duration-ms="7342" status="PASS">
          <params>
            <param index="0">
              <value>
                <![CDATA[fazal2234@yahoo.com]]>
              </value>
            </param>
            <param index="1">
              <value>
                <![CDATA[12Fazal]]>
              </value>
            </param>
            <param index="2">
              <value>
                <![CDATA[Fazal]]>
              </value>
            </param>
            <param index="3">
              <value>
                <![CDATA[mirza]]>
              </value>
            </param>
            <param index="4">
              <value>
                <![CDATA[234 Sivalik]]>
              </value>
            </param>
            <param index="5">
              <value>
                <![CDATA[Kharar]]>
              </value>
            </param>
            <param index="6">
              <value>
                <![CDATA[Mohali]]>
              </value>
            </param>
            <param index="7">
              <value>
                <![CDATA[CA]]>
              </value>
            </param>
            <param index="8">
              <value>
                <![CDATA[34556]]>
              </value>
            </param>
            <param index="9">
              <value>
                <![CDATA[10/11/00]]>
              </value>
            </param>
            <param index="10">
              <value>
                <![CDATA[12]]>
              </value>
            </param>
            <param index="11">
              <value>
                <![CDATA[https://www.globalsqa.com/angularJs-protractor]]>
              </value>
            </param>
            <param index="12">
              <value>
                <![CDATA[987-654-3460]]>
              </value>
            </param>
            <param index="13">
              <value>
                <![CDATA[please look at this.]]>
              </value>
            </param>
          </params>
          <reporter-output>
          </reporter-output>
        </test-method> <!-- VerifyAddressForms -->
        <test-method is-config="true" signature="tearDown(org.testng.ITestResult)[pri:0, instance:com.tests.addresses.ValidateAddressTests@314c508a]" started-at="2021-04-05T15:17:27 IST" name="tearDown" finished-at="2021-04-05T15:17:29 IST" duration-ms="2329" status="PASS">
          <params>
            <param index="0">
              <value>
                <![CDATA[[TestResult name=VerifyAddressForms status=SUCCESS method=ValidateAddressTests.VerifyAddressForms(java.lang.String, java.lang.String, java.lang.String, java.lang.String, java.lang.String, java.lang.String, java.lang.String, java.lang.String, java.lang.String, java.lang.String, java.lang.String, java.lang.String, java.lang.String, java.lang.String)[pri:0, instance:com.tests.addresses.ValidateAddressTests@314c508a] output={null}]]]>
              </value>
            </param>
          </params>
          <reporter-output>
          </reporter-output>
        </test-method> <!-- tearDown -->
        <test-method is-config="true" signature="beforeMethod()[pri:0, instance:com.tests.addresses.ValidateAddressTests@314c508a]" started-at="2021-04-05T15:17:29 IST" name="beforeMethod" finished-at="2021-04-05T15:17:33 IST" duration-ms="3967" status="PASS">
          <reporter-output>
          </reporter-output>
        </test-method> <!-- beforeMethod -->
        <test-method signature="VerifyAddressForms(java.lang.String, java.lang.String, java.lang.String, java.lang.String, java.lang.String, java.lang.String, java.lang.String, java.lang.String, java.lang.String, java.lang.String, java.lang.String, java.lang.String, java.lang.String, java.lang.String)[pri:0, instance:com.tests.addresses.ValidateAddressTests@314c508a]" started-at="2021-04-05T15:17:33 IST" name="VerifyAddressForms" data-provider="getValidateData" finished-at="2021-04-05T15:17:40 IST" duration-ms="6886" status="PASS">
          <params>
            <param index="0">
              <value>
                <![CDATA[muskandureja1984@gmail.com]]>
              </value>
            </param>
            <param index="1">
              <value>
                <![CDATA[muskan@1223]]>
              </value>
            </param>
            <param index="2">
              <value>
                <![CDATA[muskan]]>
              </value>
            </param>
            <param index="3">
              <value>
                <![CDATA[Dureja]]>
              </value>
            </param>
            <param index="4">
              <value>
                <![CDATA[Flat no.12]]>
              </value>
            </param>
            <param index="5">
              <value>
                <![CDATA[Huda city]]>
              </value>
            </param>
            <param index="6">
              <value>
                <![CDATA[chandigarh]]>
              </value>
            </param>
            <param index="7">
              <value>
                <![CDATA[CO]]>
              </value>
            </param>
            <param index="8">
              <value>
                <![CDATA[98765]]>
              </value>
            </param>
            <param index="9">
              <value>
                <![CDATA[22/11/2001]]>
              </value>
            </param>
            <param index="10">
              <value>
                <![CDATA[34]]>
              </value>
            </param>
            <param index="11">
              <value>
                <![CDATA[https://www.globalsqa.com]]>
              </value>
            </param>
            <param index="12">
              <value>
                <![CDATA[987-654-3461]]>
              </value>
            </param>
            <param index="13">
              <value>
                <![CDATA[please look at this.]]>
              </value>
            </param>
          </params>
          <reporter-output>
          </reporter-output>
        </test-method> <!-- VerifyAddressForms -->
        <test-method is-config="true" signature="tearDown(org.testng.ITestResult)[pri:0, instance:com.tests.addresses.ValidateAddressTests@314c508a]" started-at="2021-04-05T15:17:40 IST" name="tearDown" finished-at="2021-04-05T15:17:41 IST" duration-ms="1401" status="PASS">
          <params>
            <param index="0">
              <value>
                <![CDATA[[TestResult name=VerifyAddressForms status=SUCCESS method=ValidateAddressTests.VerifyAddressForms(java.lang.String, java.lang.String, java.lang.String, java.lang.String, java.lang.String, java.lang.String, java.lang.String, java.lang.String, java.lang.String, java.lang.String, java.lang.String, java.lang.String, java.lang.String, java.lang.String)[pri:0, instance:com.tests.addresses.ValidateAddressTests@314c508a] output={null}]]]>
              </value>
            </param>
          </params>
          <reporter-output>
          </reporter-output>
        </test-method> <!-- tearDown -->
        <test-method is-config="true" signature="beforeMethod()[pri:0, instance:com.tests.addresses.ValidateAddressTests@314c508a]" started-at="2021-04-05T15:17:41 IST" name="beforeMethod" finished-at="2021-04-05T15:17:47 IST" duration-ms="5528" status="PASS">
          <reporter-output>
          </reporter-output>
        </test-method> <!-- beforeMethod -->
        <test-method signature="VerifyAddressForms(java.lang.String, java.lang.String, java.lang.String, java.lang.String, java.lang.String, java.lang.String, java.lang.String, java.lang.String, java.lang.String, java.lang.String, java.lang.String, java.lang.String, java.lang.String, java.lang.String)[pri:0, instance:com.tests.addresses.ValidateAddressTests@314c508a]" started-at="2021-04-05T15:17:47 IST" name="VerifyAddressForms" data-provider="getValidateData" finished-at="2021-04-05T15:17:53 IST" duration-ms="6842" status="PASS">
          <params>
            <param index="0">
              <value>
                <![CDATA[13jhamb134@gmail.com]]>
              </value>
            </param>
            <param index="1">
              <value>
                <![CDATA[muskan&12]]>
              </value>
            </param>
            <param index="2">
              <value>
                <![CDATA[Muskan]]>
              </value>
            </param>
            <param index="3">
              <value>
                <![CDATA[Jhamb]]>
              </value>
            </param>
            <param index="4">
              <value>
                <![CDATA[first floor 12]]>
              </value>
            </param>
            <param index="5">
              <value>
                <![CDATA[near noor place]]>
              </value>
            </param>
            <param index="6">
              <value>
                <![CDATA[lucknow]]>
              </value>
            </param>
            <param index="7">
              <value>
                <![CDATA[HI]]>
              </value>
            </param>
            <param index="8">
              <value>
                <![CDATA[0]]>
              </value>
            </param>
            <param index="9">
              <value>
                <![CDATA[22/11/2002]]>
              </value>
            </param>
            <param index="10">
              <value>
                <![CDATA[45]]>
              </value>
            </param>
            <param index="11">
              <value>
                <![CDATA[https://www.globalsqa.com/angularJs]]>
              </value>
            </param>
            <param index="12">
              <value>
                <![CDATA[987-654-3462]]>
              </value>
            </param>
            <param index="13">
              <value>
                <![CDATA[please look at this.]]>
              </value>
            </param>
          </params>
          <reporter-output>
          </reporter-output>
        </test-method> <!-- VerifyAddressForms -->
        <test-method is-config="true" signature="tearDown(org.testng.ITestResult)[pri:0, instance:com.tests.addresses.ValidateAddressTests@314c508a]" started-at="2021-04-05T15:17:53 IST" name="tearDown" finished-at="2021-04-05T15:17:55 IST" duration-ms="1330" status="PASS">
          <params>
            <param index="0">
              <value>
                <![CDATA[[TestResult name=VerifyAddressForms status=SUCCESS method=ValidateAddressTests.VerifyAddressForms(java.lang.String, java.lang.String, java.lang.String, java.lang.String, java.lang.String, java.lang.String, java.lang.String, java.lang.String, java.lang.String, java.lang.String, java.lang.String, java.lang.String, java.lang.String, java.lang.String)[pri:0, instance:com.tests.addresses.ValidateAddressTests@314c508a] output={null}]]]>
              </value>
            </param>
          </params>
          <reporter-output>
          </reporter-output>
        </test-method> <!-- tearDown -->
        <test-method is-config="true" signature="beforeMethod()[pri:0, instance:com.tests.addresses.ValidateAddressTests@314c508a]" started-at="2021-04-05T15:17:55 IST" name="beforeMethod" finished-at="2021-04-05T15:17:58 IST" duration-ms="3698" status="PASS">
          <reporter-output>
          </reporter-output>
        </test-method> <!-- beforeMethod -->
        <test-method signature="VerifyAddressForms(java.lang.String, java.lang.String, java.lang.String, java.lang.String, java.lang.String, java.lang.String, java.lang.String, java.lang.String, java.lang.String, java.lang.String, java.lang.String, java.lang.String, java.lang.String, java.lang.String)[pri:0, instance:com.tests.addresses.ValidateAddressTests@314c508a]" started-at="2021-04-05T15:17:58 IST" name="VerifyAddressForms" data-provider="getValidateData" finished-at="2021-04-05T15:18:05 IST" duration-ms="6896" status="PASS">
          <params>
            <param index="0">
              <value>
                <![CDATA[kaushal1234@gmail.com]]>
              </value>
            </param>
            <param index="1">
              <value>
                <![CDATA[kaushal!12]]>
              </value>
            </param>
            <param index="2">
              <value>
                <![CDATA[Kaushal]]>
              </value>
            </param>
            <param index="3">
              <value>
                <![CDATA[Dhawan]]>
              </value>
            </param>
            <param index="4">
              <value>
                <![CDATA[karnal]]>
              </value>
            </param>
            <param index="5">
              <value>
                <![CDATA[near post office]]>
              </value>
            </param>
            <param index="6">
              <value>
                <![CDATA[1233]]>
              </value>
            </param>
            <param index="7">
              <value>
                <![CDATA[ID]]>
              </value>
            </param>
            <param index="8">
              <value>
                <![CDATA[87654323]]>
              </value>
            </param>
            <param index="9">
              <value>
                <![CDATA[22/11/2003]]>
              </value>
            </param>
            <param index="10">
              <value>
                <![CDATA[56]]>
              </value>
            </param>
            <param index="11">
              <value>
                <![CDATA[https://www.globalsqa.com/angularJs-protractor]]>
              </value>
            </param>
            <param index="12">
              <value>
                <![CDATA[987-654-3463]]>
              </value>
            </param>
            <param index="13">
              <value>
                <![CDATA[please look at this.]]>
              </value>
            </param>
          </params>
          <reporter-output>
          </reporter-output>
        </test-method> <!-- VerifyAddressForms -->
        <test-method is-config="true" signature="tearDown(org.testng.ITestResult)[pri:0, instance:com.tests.addresses.ValidateAddressTests@314c508a]" started-at="2021-04-05T15:18:05 IST" name="tearDown" finished-at="2021-04-05T15:18:07 IST" duration-ms="1432" status="PASS">
          <params>
            <param index="0">
              <value>
                <![CDATA[[TestResult name=VerifyAddressForms status=SUCCESS method=ValidateAddressTests.VerifyAddressForms(java.lang.String, java.lang.String, java.lang.String, java.lang.String, java.lang.String, java.lang.String, java.lang.String, java.lang.String, java.lang.String, java.lang.String, java.lang.String, java.lang.String, java.lang.String, java.lang.String)[pri:0, instance:com.tests.addresses.ValidateAddressTests@314c508a] output={null}]]]>
              </value>
            </param>
          </params>
          <reporter-output>
          </reporter-output>
        </test-method> <!-- tearDown -->
        <test-method is-config="true" signature="beforeMethod()[pri:0, instance:com.tests.addresses.ValidateAddressTests@314c508a]" started-at="2021-04-05T15:18:07 IST" name="beforeMethod" finished-at="2021-04-05T15:18:11 IST" duration-ms="4192" status="PASS">
          <reporter-output>
          </reporter-output>
        </test-method> <!-- beforeMethod -->
        <test-method signature="VerifyAddressForms(java.lang.String, java.lang.String, java.lang.String, java.lang.String, java.lang.String, java.lang.String, java.lang.String, java.lang.String, java.lang.String, java.lang.String, java.lang.String, java.lang.String, java.lang.String, java.lang.String)[pri:0, instance:com.tests.addresses.ValidateAddressTests@314c508a]" started-at="2021-04-05T15:18:11 IST" name="VerifyAddressForms" data-provider="getValidateData" finished-at="2021-04-05T15:18:18 IST" duration-ms="7424" status="PASS">
          <params>
            <param index="0">
              <value>
                <![CDATA[amisha1234@yahoo.com]]>
              </value>
            </param>
            <param index="1">
              <value>
                <![CDATA[12345]]>
              </value>
            </param>
            <param index="2">
              <value>
                <![CDATA[Amisha]]>
              </value>
            </param>
            <param index="3">
              <value>
                <![CDATA[Dureja]]>
              </value>
            </param>
            <param index="4">
              <value>
                <![CDATA[Yamunanagar]]>
              </value>
            </param>
            <param index="5">
              <value>
                <![CDATA[pune]]>
              </value>
            </param>
            <param index="6">
              <value>
                <![CDATA[pune]]>
              </value>
            </param>
            <param index="7">
              <value>
                <![CDATA[IN]]>
              </value>
            </param>
            <param index="8">
              <value>
                <![CDATA[7654]]>
              </value>
            </param>
            <param index="9">
              <value>
                <![CDATA[22/11/2004]]>
              </value>
            </param>
            <param index="10">
              <value>
                <![CDATA[12]]>
              </value>
            </param>
            <param index="11">
              <value>
                <![CDATA[https://www.globalsqa.com/angularJs-protractor]]>
              </value>
            </param>
            <param index="12">
              <value>
                <![CDATA[987-654-3464]]>
              </value>
            </param>
            <param index="13">
              <value>
                <![CDATA[please look at this.]]>
              </value>
            </param>
          </params>
          <reporter-output>
          </reporter-output>
        </test-method> <!-- VerifyAddressForms -->
        <test-method is-config="true" signature="tearDown(org.testng.ITestResult)[pri:0, instance:com.tests.addresses.ValidateAddressTests@314c508a]" started-at="2021-04-05T15:18:18 IST" name="tearDown" finished-at="2021-04-05T15:18:20 IST" duration-ms="1557" status="PASS">
          <params>
            <param index="0">
              <value>
                <![CDATA[[TestResult name=VerifyAddressForms status=SUCCESS method=ValidateAddressTests.VerifyAddressForms(java.lang.String, java.lang.String, java.lang.String, java.lang.String, java.lang.String, java.lang.String, java.lang.String, java.lang.String, java.lang.String, java.lang.String, java.lang.String, java.lang.String, java.lang.String, java.lang.String)[pri:0, instance:com.tests.addresses.ValidateAddressTests@314c508a] output={null}]]]>
              </value>
            </param>
          </params>
          <reporter-output>
          </reporter-output>
        </test-method> <!-- tearDown -->
        <test-method is-config="true" signature="beforeMethod()[pri:0, instance:com.tests.addresses.ValidateAddressTests@314c508a]" started-at="2021-04-05T15:18:20 IST" name="beforeMethod" finished-at="2021-04-05T15:18:24 IST" duration-ms="3923" status="PASS">
          <reporter-output>
          </reporter-output>
        </test-method> <!-- beforeMethod -->
        <test-method signature="VerifyAddressForms(java.lang.String, java.lang.String, java.lang.String, java.lang.String, java.lang.String, java.lang.String, java.lang.String, java.lang.String, java.lang.String, java.lang.String, java.lang.String, java.lang.String, java.lang.String, java.lang.String)[pri:0, instance:com.tests.addresses.ValidateAddressTests@314c508a]" started-at="2021-04-05T15:18:24 IST" name="VerifyAddressForms" data-provider="getValidateData" finished-at="2021-04-05T15:18:31 IST" duration-ms="7002" status="PASS">
          <params>
            <param index="0">
              <value>
                <![CDATA[harsimran394@gmail.com]]>
              </value>
            </param>
            <param index="1">
              <value>
                <![CDATA[harsimran12]]>
              </value>
            </param>
            <param index="2">
              <value>
                <![CDATA[Harsimran]]>
              </value>
            </param>
            <param index="3">
              <value>
                <![CDATA[kaur]]>
              </value>
            </param>
            <param index="4">
              <value>
                <![CDATA[Delhi]]>
              </value>
            </param>
            <param index="5">
              <value>
                <![CDATA[haryana]]>
              </value>
            </param>
            <param index="6">
              <value>
                <![CDATA[mumbai]]>
              </value>
            </param>
            <param index="7">
              <value>
                <![CDATA[MD]]>
              </value>
            </param>
            <param index="8">
              <value>
                <![CDATA[9]]>
              </value>
            </param>
            <param index="9">
              <value>
                <![CDATA[22/11/2005]]>
              </value>
            </param>
            <param index="10">
              <value>
                <![CDATA[89]]>
              </value>
            </param>
            <param index="11">
              <value>
                <![CDATA[https://aka.ms/remoteconnect]]>
              </value>
            </param>
            <param index="12">
              <value>
                <![CDATA[987-654-3465]]>
              </value>
            </param>
            <param index="13">
              <value>
                <![CDATA[please look at this.]]>
              </value>
            </param>
          </params>
          <reporter-output>
          </reporter-output>
        </test-method> <!-- VerifyAddressForms -->
        <test-method is-config="true" signature="tearDown(org.testng.ITestResult)[pri:0, instance:com.tests.addresses.ValidateAddressTests@314c508a]" started-at="2021-04-05T15:18:31 IST" name="tearDown" finished-at="2021-04-05T15:18:33 IST" duration-ms="1622" status="PASS">
          <params>
            <param index="0">
              <value>
                <![CDATA[[TestResult name=VerifyAddressForms status=SUCCESS method=ValidateAddressTests.VerifyAddressForms(java.lang.String, java.lang.String, java.lang.String, java.lang.String, java.lang.String, java.lang.String, java.lang.String, java.lang.String, java.lang.String, java.lang.String, java.lang.String, java.lang.String, java.lang.String, java.lang.String)[pri:0, instance:com.tests.addresses.ValidateAddressTests@314c508a] output={null}]]]>
              </value>
            </param>
          </params>
          <reporter-output>
          </reporter-output>
        </test-method> <!-- tearDown -->
        <test-method is-config="true" signature="afterClass()[pri:0, instance:com.tests.addresses.ValidateAddressTests@314c508a]" started-at="2021-04-05T15:18:33 IST" name="afterClass" finished-at="2021-04-05T15:18:33 IST" duration-ms="0" status="PASS">
          <reporter-output>
          </reporter-output>
        </test-method> <!-- afterClass -->
      </class> <!-- com.tests.addresses.ValidateAddressTests -->
      <class name="com.tests.addresslinks.EditLinkTests">
        <test-method is-config="true" signature="beforeClass()[pri:0, instance:com.tests.addresslinks.EditLinkTests@6b67034]" started-at="2021-04-05T15:20:07 IST" name="beforeClass" finished-at="2021-04-05T15:20:07 IST" duration-ms="0" status="PASS">
          <reporter-output>
          </reporter-output>
        </test-method> <!-- beforeClass -->
        <test-method is-config="true" signature="beforeMethod()[pri:0, instance:com.tests.addresslinks.EditLinkTests@6b67034]" started-at="2021-04-05T15:20:07 IST" name="beforeMethod" finished-at="2021-04-05T15:20:11 IST" duration-ms="3917" status="PASS">
          <reporter-output>
          </reporter-output>
        </test-method> <!-- beforeMethod -->
        <test-method signature="EditLink(java.lang.String, java.lang.String)[pri:0, instance:com.tests.addresslinks.EditLinkTests@6b67034]" started-at="2021-04-05T15:20:11 IST" name="EditLink" data-provider="editData" finished-at="2021-04-05T15:20:19 IST" duration-ms="8100" status="FAIL">
          <params>
            <param index="0">
              <value>
                <![CDATA[amrita2234@gmail.com]]>
              </value>
            </param>
            <param index="1">
              <value>
                <![CDATA[amrita12]]>
              </value>
            </param>
          </params>
          <exception class="org.openqa.selenium.NoSuchElementException">
            <message>
              <![CDATA[no such element: Unable to locate element: {"method":"xpath","selector":"/html/body/div/table/tbody/tr/td[6]/a"}
  (Session info: chrome=89.0.4389.114)
For documentation on this error, please visit: https://www.seleniumhq.org/exceptions/no_such_element.html
Build info: version: '3.141.59', revision: 'e82be7d358', time: '2018-11-14T08:17:03'
System info: host: 'IN-BAV-L0832', ip: '192.168.112.27', os.name: 'Windows 10', os.arch: 'amd64', os.version: '10.0', java.version: '13.0.1'
Driver info: org.openqa.selenium.chrome.ChromeDriver
Capabilities {acceptInsecureCerts: false, browserName: chrome, browserVersion: 89.0.4389.114, chrome: {chromedriverVersion: 89.0.4389.23 (61b08ee2c5002..., userDataDir: C:\Users\MUSKAN~1.DUR\AppDa...}, goog:chromeOptions: {debuggerAddress: localhost:63963}, javascriptEnabled: true, networkConnectionEnabled: false, pageLoadStrategy: normal, platform: WINDOWS, platformName: WINDOWS, proxy: Proxy(), setWindowRect: true, strictFileInteractability: false, timeouts: {implicit: 0, pageLoad: 300000, script: 30000}, unhandledPromptBehavior: dismiss and notify, webauthn:extension:largeBlob: true, webauthn:virtualAuthenticators: true}
Session ID: 6fe53b2ea15f18e9461239b9987c7e18
*** Element info: {Using=xpath, value=/html/body/div/table/tbody/tr/td[6]/a}]]>
            </message>
            <full-stacktrace>
              <![CDATA[org.openqa.selenium.NoSuchElementException: no such element: Unable to locate element: {"method":"xpath","selector":"/html/body/div/table/tbody/tr/td[6]/a"}
  (Session info: chrome=89.0.4389.114)
For documentation on this error, please visit: https://www.seleniumhq.org/exceptions/no_such_element.html
Build info: version: '3.141.59', revision: 'e82be7d358', time: '2018-11-14T08:17:03'
System info: host: 'IN-BAV-L0832', ip: '192.168.112.27', os.name: 'Windows 10', os.arch: 'amd64', os.version: '10.0', java.version: '13.0.1'
Driver info: org.openqa.selenium.chrome.ChromeDriver
Capabilities {acceptInsecureCerts: false, browserName: chrome, browserVersion: 89.0.4389.114, chrome: {chromedriverVersion: 89.0.4389.23 (61b08ee2c5002..., userDataDir: C:\Users\MUSKAN~1.DUR\AppDa...}, goog:chromeOptions: {debuggerAddress: localhost:63963}, javascriptEnabled: true, networkConnectionEnabled: false, pageLoadStrategy: normal, platform: WINDOWS, platformName: WINDOWS, proxy: Proxy(), setWindowRect: true, strictFileInteractability: false, timeouts: {implicit: 0, pageLoad: 300000, script: 30000}, unhandledPromptBehavior: dismiss and notify, webauthn:extension:largeBlob: true, webauthn:virtualAuthenticators: true}
Session ID: 6fe53b2ea15f18e9461239b9987c7e18
*** Element info: {Using=xpath, value=/html/body/div/table/tbody/tr/td[6]/a}
at java.base/jdk.internal.reflect.NativeConstructorAccessorImpl.newInstance0(Native Method)
at java.base/jdk.internal.reflect.NativeConstructorAccessorImpl.newInstance(NativeConstructorAccessorImpl.java:62)
at java.base/jdk.internal.reflect.DelegatingConstructorAccessorImpl.newInstance(DelegatingConstructorAccessorImpl.java:45)
at java.base/java.lang.reflect.Constructor.newInstanceWithCaller(Constructor.java:500)
at java.base/java.lang.reflect.Constructor.newInstance(Constructor.java:481)
at org.openqa.selenium.remote.http.W3CHttpResponseCodec.createException(W3CHttpResponseCodec.java:187)
at org.openqa.selenium.remote.http.W3CHttpResponseCodec.decode(W3CHttpResponseCodec.java:122)
at org.openqa.selenium.remote.http.W3CHttpResponseCodec.decode(W3CHttpResponseCodec.java:49)
at org.openqa.selenium.remote.HttpCommandExecutor.execute(HttpCommandExecutor.java:158)
at org.openqa.selenium.remote.service.DriverCommandExecutor.execute(DriverCommandExecutor.java:83)
at org.openqa.selenium.remote.RemoteWebDriver.execute(RemoteWebDriver.java:552)
at org.openqa.selenium.remote.RemoteWebDriver.findElement(RemoteWebDriver.java:323)
at org.openqa.selenium.remote.RemoteWebDriver.findElementByXPath(RemoteWebDriver.java:428)
at org.openqa.selenium.By$ByXPath.findElement(By.java:353)
at org.openqa.selenium.remote.RemoteWebDriver.findElement(RemoteWebDriver.java:315)
at org.openqa.selenium.support.pagefactory.DefaultElementLocator.findElement(DefaultElementLocator.java:69)
at org.openqa.selenium.support.pagefactory.internal.LocatingElementHandler.invoke(LocatingElementHandler.java:38)
at com.sun.proxy.$Proxy16.click(Unknown Source)
at com.pages.locators.AddressLinksLocators.getEditLink(AddressLinksLocators.java:43)
at com.tests.addresslinks.EditLinkTests.EditLink(EditLinkTests.java:32)
at java.base/jdk.internal.reflect.NativeMethodAccessorImpl.invoke0(Native Method)
at java.base/jdk.internal.reflect.NativeMethodAccessorImpl.invoke(NativeMethodAccessorImpl.java:62)
at java.base/jdk.internal.reflect.DelegatingMethodAccessorImpl.invoke(DelegatingMethodAccessorImpl.java:43)
at java.base/java.lang.reflect.Method.invoke(Method.java:567)
at org.testng.internal.MethodInvocationHelper.invokeMethod(MethodInvocationHelper.java:134)
at org.testng.internal.TestInvoker.invokeMethod(TestInvoker.java:597)
at org.testng.internal.TestInvoker.invokeTestMethod(TestInvoker.java:173)
at org.testng.internal.MethodRunner.runInSequence(MethodRunner.java:46)
at org.testng.internal.TestInvoker$MethodInvocationAgent.invoke(TestInvoker.java:816)
at org.testng.internal.TestInvoker.invokeTestMethods(TestInvoker.java:146)
at org.testng.internal.TestMethodWorker.invokeTestMethods(TestMethodWorker.java:146)
at org.testng.internal.TestMethodWorker.run(TestMethodWorker.java:128)
at java.base/java.util.ArrayList.forEach(ArrayList.java:1507)
at org.testng.TestRunner.privateRun(TestRunner.java:766)
at org.testng.TestRunner.run(TestRunner.java:587)
at org.testng.SuiteRunner.runTest(SuiteRunner.java:384)
at org.testng.SuiteRunner.runSequentially(SuiteRunner.java:378)
at org.testng.SuiteRunner.privateRun(SuiteRunner.java:337)
at org.testng.SuiteRunner.run(SuiteRunner.java:286)
at org.testng.SuiteRunnerWorker.runSuite(SuiteRunnerWorker.java:53)
at org.testng.SuiteRunnerWorker.run(SuiteRunnerWorker.java:96)
at org.testng.TestNG.runSuitesSequentially(TestNG.java:1187)
at org.testng.TestNG.runSuitesLocally(TestNG.java:1109)
at org.testng.TestNG.runSuites(TestNG.java:1039)
at org.testng.TestNG.run(TestNG.java:1007)
at org.apache.maven.surefire.testng.TestNGExecutor.run(TestNGExecutor.java:135)
at org.apache.maven.surefire.testng.TestNGDirectoryTestSuite.executeMulti(TestNGDirectoryTestSuite.java:193)
at org.apache.maven.surefire.testng.TestNGDirectoryTestSuite.execute(TestNGDirectoryTestSuite.java:94)
at org.apache.maven.surefire.testng.TestNGProvider.invoke(TestNGProvider.java:146)
at org.apache.maven.surefire.booter.ForkedBooter.invokeProviderInSameClassLoader(ForkedBooter.java:384)
at org.apache.maven.surefire.booter.ForkedBooter.runSuitesInProcess(ForkedBooter.java:345)
at org.apache.maven.surefire.booter.ForkedBooter.execute(ForkedBooter.java:126)
at org.apache.maven.surefire.booter.ForkedBooter.main(ForkedBooter.java:418)
]]>
            </full-stacktrace>
          </exception> <!-- org.openqa.selenium.NoSuchElementException -->
          <reporter-output>
          </reporter-output>
        </test-method> <!-- EditLink -->
        <test-method is-config="true" signature="tearDown(org.testng.ITestResult)[pri:0, instance:com.tests.addresslinks.EditLinkTests@6b67034]" started-at="2021-04-05T15:20:19 IST" name="tearDown" finished-at="2021-04-05T15:20:21 IST" duration-ms="1873" status="PASS">
          <params>
            <param index="0">
              <value>
                <![CDATA[[TestResult name=EditLink status=FAILURE method=EditLinkTests.EditLink(java.lang.String, java.lang.String)[pri:0, instance:com.tests.addresslinks.EditLinkTests@6b67034] output={null}]]]>
              </value>
            </param>
          </params>
          <reporter-output>
          </reporter-output>
        </test-method> <!-- tearDown -->
        <test-method is-config="true" signature="beforeMethod()[pri:0, instance:com.tests.addresslinks.EditLinkTests@6b67034]" started-at="2021-04-05T15:20:21 IST" name="beforeMethod" finished-at="2021-04-05T15:20:25 IST" duration-ms="4690" status="PASS">
          <reporter-output>
          </reporter-output>
        </test-method> <!-- beforeMethod -->
        <test-method signature="EditLink(java.lang.String, java.lang.String)[pri:0, instance:com.tests.addresslinks.EditLinkTests@6b67034]" started-at="2021-04-05T15:20:25 IST" name="EditLink" data-provider="editData" finished-at="2021-04-05T15:20:33 IST" duration-ms="8027" status="FAIL">
          <params>
            <param index="0">
              <value>
                <![CDATA[fazal2234@yahoo.com]]>
              </value>
            </param>
            <param index="1">
              <value>
                <![CDATA[12Fazal]]>
              </value>
            </param>
          </params>
          <exception class="org.openqa.selenium.NoSuchElementException">
            <message>
              <![CDATA[no such element: Unable to locate element: {"method":"xpath","selector":"/html/body/div/table/tbody/tr/td[6]/a"}
  (Session info: chrome=89.0.4389.114)
For documentation on this error, please visit: https://www.seleniumhq.org/exceptions/no_such_element.html
Build info: version: '3.141.59', revision: 'e82be7d358', time: '2018-11-14T08:17:03'
System info: host: 'IN-BAV-L0832', ip: '192.168.112.27', os.name: 'Windows 10', os.arch: 'amd64', os.version: '10.0', java.version: '13.0.1'
Driver info: org.openqa.selenium.chrome.ChromeDriver
Capabilities {acceptInsecureCerts: false, browserName: chrome, browserVersion: 89.0.4389.114, chrome: {chromedriverVersion: 89.0.4389.23 (61b08ee2c5002..., userDataDir: C:\Users\MUSKAN~1.DUR\AppDa...}, goog:chromeOptions: {debuggerAddress: localhost:63991}, javascriptEnabled: true, networkConnectionEnabled: false, pageLoadStrategy: normal, platform: WINDOWS, platformName: WINDOWS, proxy: Proxy(), setWindowRect: true, strictFileInteractability: false, timeouts: {implicit: 0, pageLoad: 300000, script: 30000}, unhandledPromptBehavior: dismiss and notify, webauthn:extension:largeBlob: true, webauthn:virtualAuthenticators: true}
Session ID: 55c44bfdabea225c274591d88a088a4a
*** Element info: {Using=xpath, value=/html/body/div/table/tbody/tr/td[6]/a}]]>
            </message>
            <full-stacktrace>
              <![CDATA[org.openqa.selenium.NoSuchElementException: no such element: Unable to locate element: {"method":"xpath","selector":"/html/body/div/table/tbody/tr/td[6]/a"}
  (Session info: chrome=89.0.4389.114)
For documentation on this error, please visit: https://www.seleniumhq.org/exceptions/no_such_element.html
Build info: version: '3.141.59', revision: 'e82be7d358', time: '2018-11-14T08:17:03'
System info: host: 'IN-BAV-L0832', ip: '192.168.112.27', os.name: 'Windows 10', os.arch: 'amd64', os.version: '10.0', java.version: '13.0.1'
Driver info: org.openqa.selenium.chrome.ChromeDriver
Capabilities {acceptInsecureCerts: false, browserName: chrome, browserVersion: 89.0.4389.114, chrome: {chromedriverVersion: 89.0.4389.23 (61b08ee2c5002..., userDataDir: C:\Users\MUSKAN~1.DUR\AppDa...}, goog:chromeOptions: {debuggerAddress: localhost:63991}, javascriptEnabled: true, networkConnectionEnabled: false, pageLoadStrategy: normal, platform: WINDOWS, platformName: WINDOWS, proxy: Proxy(), setWindowRect: true, strictFileInteractability: false, timeouts: {implicit: 0, pageLoad: 300000, script: 30000}, unhandledPromptBehavior: dismiss and notify, webauthn:extension:largeBlob: true, webauthn:virtualAuthenticators: true}
Session ID: 55c44bfdabea225c274591d88a088a4a
*** Element info: {Using=xpath, value=/html/body/div/table/tbody/tr/td[6]/a}
at java.base/jdk.internal.reflect.NativeConstructorAccessorImpl.newInstance0(Native Method)
at java.base/jdk.internal.reflect.NativeConstructorAccessorImpl.newInstance(NativeConstructorAccessorImpl.java:62)
at java.base/jdk.internal.reflect.DelegatingConstructorAccessorImpl.newInstance(DelegatingConstructorAccessorImpl.java:45)
at java.base/java.lang.reflect.Constructor.newInstanceWithCaller(Constructor.java:500)
at java.base/java.lang.reflect.Constructor.newInstance(Constructor.java:481)
at org.openqa.selenium.remote.http.W3CHttpResponseCodec.createException(W3CHttpResponseCodec.java:187)
at org.openqa.selenium.remote.http.W3CHttpResponseCodec.decode(W3CHttpResponseCodec.java:122)
at org.openqa.selenium.remote.http.W3CHttpResponseCodec.decode(W3CHttpResponseCodec.java:49)
at org.openqa.selenium.remote.HttpCommandExecutor.execute(HttpCommandExecutor.java:158)
at org.openqa.selenium.remote.service.DriverCommandExecutor.execute(DriverCommandExecutor.java:83)
at org.openqa.selenium.remote.RemoteWebDriver.execute(RemoteWebDriver.java:552)
at org.openqa.selenium.remote.RemoteWebDriver.findElement(RemoteWebDriver.java:323)
at org.openqa.selenium.remote.RemoteWebDriver.findElementByXPath(RemoteWebDriver.java:428)
at org.openqa.selenium.By$ByXPath.findElement(By.java:353)
at org.openqa.selenium.remote.RemoteWebDriver.findElement(RemoteWebDriver.java:315)
at org.openqa.selenium.support.pagefactory.DefaultElementLocator.findElement(DefaultElementLocator.java:69)
at org.openqa.selenium.support.pagefactory.internal.LocatingElementHandler.invoke(LocatingElementHandler.java:38)
at com.sun.proxy.$Proxy16.click(Unknown Source)
at com.pages.locators.AddressLinksLocators.getEditLink(AddressLinksLocators.java:43)
at com.tests.addresslinks.EditLinkTests.EditLink(EditLinkTests.java:32)
at java.base/jdk.internal.reflect.NativeMethodAccessorImpl.invoke0(Native Method)
at java.base/jdk.internal.reflect.NativeMethodAccessorImpl.invoke(NativeMethodAccessorImpl.java:62)
at java.base/jdk.internal.reflect.DelegatingMethodAccessorImpl.invoke(DelegatingMethodAccessorImpl.java:43)
at java.base/java.lang.reflect.Method.invoke(Method.java:567)
at org.testng.internal.MethodInvocationHelper.invokeMethod(MethodInvocationHelper.java:134)
at org.testng.internal.TestInvoker.invokeMethod(TestInvoker.java:597)
at org.testng.internal.TestInvoker.invokeTestMethod(TestInvoker.java:173)
at org.testng.internal.MethodRunner.runInSequence(MethodRunner.java:46)
at org.testng.internal.TestInvoker$MethodInvocationAgent.invoke(TestInvoker.java:816)
at org.testng.internal.TestInvoker.invokeTestMethods(TestInvoker.java:146)
at org.testng.internal.TestMethodWorker.invokeTestMethods(TestMethodWorker.java:146)
at org.testng.internal.TestMethodWorker.run(TestMethodWorker.java:128)
at java.base/java.util.ArrayList.forEach(ArrayList.java:1507)
at org.testng.TestRunner.privateRun(TestRunner.java:766)
at org.testng.TestRunner.run(TestRunner.java:587)
at org.testng.SuiteRunner.runTest(SuiteRunner.java:384)
at org.testng.SuiteRunner.runSequentially(SuiteRunner.java:378)
at org.testng.SuiteRunner.privateRun(SuiteRunner.java:337)
at org.testng.SuiteRunner.run(SuiteRunner.java:286)
at org.testng.SuiteRunnerWorker.runSuite(SuiteRunnerWorker.java:53)
at org.testng.SuiteRunnerWorker.run(SuiteRunnerWorker.java:96)
at org.testng.TestNG.runSuitesSequentially(TestNG.java:1187)
at org.testng.TestNG.runSuitesLocally(TestNG.java:1109)
at org.testng.TestNG.runSuites(TestNG.java:1039)
at org.testng.TestNG.run(TestNG.java:1007)
at org.apache.maven.surefire.testng.TestNGExecutor.run(TestNGExecutor.java:135)
at org.apache.maven.surefire.testng.TestNGDirectoryTestSuite.executeMulti(TestNGDirectoryTestSuite.java:193)
at org.apache.maven.surefire.testng.TestNGDirectoryTestSuite.execute(TestNGDirectoryTestSuite.java:94)
at org.apache.maven.surefire.testng.TestNGProvider.invoke(TestNGProvider.java:146)
at org.apache.maven.surefire.booter.ForkedBooter.invokeProviderInSameClassLoader(ForkedBooter.java:384)
at org.apache.maven.surefire.booter.ForkedBooter.runSuitesInProcess(ForkedBooter.java:345)
at org.apache.maven.surefire.booter.ForkedBooter.execute(ForkedBooter.java:126)
at org.apache.maven.surefire.booter.ForkedBooter.main(ForkedBooter.java:418)
]]>
            </full-stacktrace>
          </exception> <!-- org.openqa.selenium.NoSuchElementException -->
          <reporter-output>
          </reporter-output>
        </test-method> <!-- EditLink -->
        <test-method is-config="true" signature="tearDown(org.testng.ITestResult)[pri:0, instance:com.tests.addresslinks.EditLinkTests@6b67034]" started-at="2021-04-05T15:20:33 IST" name="tearDown" finished-at="2021-04-05T15:20:35 IST" duration-ms="1830" status="PASS">
          <params>
            <param index="0">
              <value>
                <![CDATA[[TestResult name=EditLink status=FAILURE method=EditLinkTests.EditLink(java.lang.String, java.lang.String)[pri:0, instance:com.tests.addresslinks.EditLinkTests@6b67034] output={null}]]]>
              </value>
            </param>
          </params>
          <reporter-output>
          </reporter-output>
        </test-method> <!-- tearDown -->
        <test-method is-config="true" signature="beforeMethod()[pri:0, instance:com.tests.addresslinks.EditLinkTests@6b67034]" started-at="2021-04-05T15:20:35 IST" name="beforeMethod" finished-at="2021-04-05T15:20:39 IST" duration-ms="4196" status="PASS">
          <reporter-output>
          </reporter-output>
        </test-method> <!-- beforeMethod -->
        <test-method signature="EditLink(java.lang.String, java.lang.String)[pri:0, instance:com.tests.addresslinks.EditLinkTests@6b67034]" started-at="2021-04-05T15:20:39 IST" name="EditLink" data-provider="editData" finished-at="2021-04-05T15:20:48 IST" duration-ms="8816" status="FAIL">
          <params>
            <param index="0">
              <value>
                <![CDATA[muskandureja1984@gmail.com]]>
              </value>
            </param>
            <param index="1">
              <value>
                <![CDATA[muskan@1223]]>
              </value>
            </param>
          </params>
          <exception class="org.openqa.selenium.NoSuchElementException">
            <message>
              <![CDATA[no such element: Unable to locate element: {"method":"xpath","selector":"/html/body/div/table/tbody/tr/td[6]/a"}
  (Session info: chrome=89.0.4389.114)
For documentation on this error, please visit: https://www.seleniumhq.org/exceptions/no_such_element.html
Build info: version: '3.141.59', revision: 'e82be7d358', time: '2018-11-14T08:17:03'
System info: host: 'IN-BAV-L0832', ip: '192.168.112.27', os.name: 'Windows 10', os.arch: 'amd64', os.version: '10.0', java.version: '13.0.1'
Driver info: org.openqa.selenium.chrome.ChromeDriver
Capabilities {acceptInsecureCerts: false, browserName: chrome, browserVersion: 89.0.4389.114, chrome: {chromedriverVersion: 89.0.4389.23 (61b08ee2c5002..., userDataDir: C:\Users\MUSKAN~1.DUR\AppDa...}, goog:chromeOptions: {debuggerAddress: localhost:64019}, javascriptEnabled: true, networkConnectionEnabled: false, pageLoadStrategy: normal, platform: WINDOWS, platformName: WINDOWS, proxy: Proxy(), setWindowRect: true, strictFileInteractability: false, timeouts: {implicit: 0, pageLoad: 300000, script: 30000}, unhandledPromptBehavior: dismiss and notify, webauthn:extension:largeBlob: true, webauthn:virtualAuthenticators: true}
Session ID: deb76bbdabe591b9628af4ed227896e4
*** Element info: {Using=xpath, value=/html/body/div/table/tbody/tr/td[6]/a}]]>
            </message>
            <full-stacktrace>
              <![CDATA[org.openqa.selenium.NoSuchElementException: no such element: Unable to locate element: {"method":"xpath","selector":"/html/body/div/table/tbody/tr/td[6]/a"}
  (Session info: chrome=89.0.4389.114)
For documentation on this error, please visit: https://www.seleniumhq.org/exceptions/no_such_element.html
Build info: version: '3.141.59', revision: 'e82be7d358', time: '2018-11-14T08:17:03'
System info: host: 'IN-BAV-L0832', ip: '192.168.112.27', os.name: 'Windows 10', os.arch: 'amd64', os.version: '10.0', java.version: '13.0.1'
Driver info: org.openqa.selenium.chrome.ChromeDriver
Capabilities {acceptInsecureCerts: false, browserName: chrome, browserVersion: 89.0.4389.114, chrome: {chromedriverVersion: 89.0.4389.23 (61b08ee2c5002..., userDataDir: C:\Users\MUSKAN~1.DUR\AppDa...}, goog:chromeOptions: {debuggerAddress: localhost:64019}, javascriptEnabled: true, networkConnectionEnabled: false, pageLoadStrategy: normal, platform: WINDOWS, platformName: WINDOWS, proxy: Proxy(), setWindowRect: true, strictFileInteractability: false, timeouts: {implicit: 0, pageLoad: 300000, script: 30000}, unhandledPromptBehavior: dismiss and notify, webauthn:extension:largeBlob: true, webauthn:virtualAuthenticators: true}
Session ID: deb76bbdabe591b9628af4ed227896e4
*** Element info: {Using=xpath, value=/html/body/div/table/tbody/tr/td[6]/a}
at java.base/jdk.internal.reflect.NativeConstructorAccessorImpl.newInstance0(Native Method)
at java.base/jdk.internal.reflect.NativeConstructorAccessorImpl.newInstance(NativeConstructorAccessorImpl.java:62)
at java.base/jdk.internal.reflect.DelegatingConstructorAccessorImpl.newInstance(DelegatingConstructorAccessorImpl.java:45)
at java.base/java.lang.reflect.Constructor.newInstanceWithCaller(Constructor.java:500)
at java.base/java.lang.reflect.Constructor.newInstance(Constructor.java:481)
at org.openqa.selenium.remote.http.W3CHttpResponseCodec.createException(W3CHttpResponseCodec.java:187)
at org.openqa.selenium.remote.http.W3CHttpResponseCodec.decode(W3CHttpResponseCodec.java:122)
at org.openqa.selenium.remote.http.W3CHttpResponseCodec.decode(W3CHttpResponseCodec.java:49)
at org.openqa.selenium.remote.HttpCommandExecutor.execute(HttpCommandExecutor.java:158)
at org.openqa.selenium.remote.service.DriverCommandExecutor.execute(DriverCommandExecutor.java:83)
at org.openqa.selenium.remote.RemoteWebDriver.execute(RemoteWebDriver.java:552)
at org.openqa.selenium.remote.RemoteWebDriver.findElement(RemoteWebDriver.java:323)
at org.openqa.selenium.remote.RemoteWebDriver.findElementByXPath(RemoteWebDriver.java:428)
at org.openqa.selenium.By$ByXPath.findElement(By.java:353)
at org.openqa.selenium.remote.RemoteWebDriver.findElement(RemoteWebDriver.java:315)
at org.openqa.selenium.support.pagefactory.DefaultElementLocator.findElement(DefaultElementLocator.java:69)
at org.openqa.selenium.support.pagefactory.internal.LocatingElementHandler.invoke(LocatingElementHandler.java:38)
at com.sun.proxy.$Proxy16.click(Unknown Source)
at com.pages.locators.AddressLinksLocators.getEditLink(AddressLinksLocators.java:43)
at com.tests.addresslinks.EditLinkTests.EditLink(EditLinkTests.java:32)
at java.base/jdk.internal.reflect.NativeMethodAccessorImpl.invoke0(Native Method)
at java.base/jdk.internal.reflect.NativeMethodAccessorImpl.invoke(NativeMethodAccessorImpl.java:62)
at java.base/jdk.internal.reflect.DelegatingMethodAccessorImpl.invoke(DelegatingMethodAccessorImpl.java:43)
at java.base/java.lang.reflect.Method.invoke(Method.java:567)
at org.testng.internal.MethodInvocationHelper.invokeMethod(MethodInvocationHelper.java:134)
at org.testng.internal.TestInvoker.invokeMethod(TestInvoker.java:597)
at org.testng.internal.TestInvoker.invokeTestMethod(TestInvoker.java:173)
at org.testng.internal.MethodRunner.runInSequence(MethodRunner.java:46)
at org.testng.internal.TestInvoker$MethodInvocationAgent.invoke(TestInvoker.java:816)
at org.testng.internal.TestInvoker.invokeTestMethods(TestInvoker.java:146)
at org.testng.internal.TestMethodWorker.invokeTestMethods(TestMethodWorker.java:146)
at org.testng.internal.TestMethodWorker.run(TestMethodWorker.java:128)
at java.base/java.util.ArrayList.forEach(ArrayList.java:1507)
at org.testng.TestRunner.privateRun(TestRunner.java:766)
at org.testng.TestRunner.run(TestRunner.java:587)
at org.testng.SuiteRunner.runTest(SuiteRunner.java:384)
at org.testng.SuiteRunner.runSequentially(SuiteRunner.java:378)
at org.testng.SuiteRunner.privateRun(SuiteRunner.java:337)
at org.testng.SuiteRunner.run(SuiteRunner.java:286)
at org.testng.SuiteRunnerWorker.runSuite(SuiteRunnerWorker.java:53)
at org.testng.SuiteRunnerWorker.run(SuiteRunnerWorker.java:96)
at org.testng.TestNG.runSuitesSequentially(TestNG.java:1187)
at org.testng.TestNG.runSuitesLocally(TestNG.java:1109)
at org.testng.TestNG.runSuites(TestNG.java:1039)
at org.testng.TestNG.run(TestNG.java:1007)
at org.apache.maven.surefire.testng.TestNGExecutor.run(TestNGExecutor.java:135)
at org.apache.maven.surefire.testng.TestNGDirectoryTestSuite.executeMulti(TestNGDirectoryTestSuite.java:193)
at org.apache.maven.surefire.testng.TestNGDirectoryTestSuite.execute(TestNGDirectoryTestSuite.java:94)
at org.apache.maven.surefire.testng.TestNGProvider.invoke(TestNGProvider.java:146)
at org.apache.maven.surefire.booter.ForkedBooter.invokeProviderInSameClassLoader(ForkedBooter.java:384)
at org.apache.maven.surefire.booter.ForkedBooter.runSuitesInProcess(ForkedBooter.java:345)
at org.apache.maven.surefire.booter.ForkedBooter.execute(ForkedBooter.java:126)
at org.apache.maven.surefire.booter.ForkedBooter.main(ForkedBooter.java:418)
]]>
            </full-stacktrace>
          </exception> <!-- org.openqa.selenium.NoSuchElementException -->
          <reporter-output>
          </reporter-output>
        </test-method> <!-- EditLink -->
        <test-method is-config="true" signature="tearDown(org.testng.ITestResult)[pri:0, instance:com.tests.addresslinks.EditLinkTests@6b67034]" started-at="2021-04-05T15:20:48 IST" name="tearDown" finished-at="2021-04-05T15:20:50 IST" duration-ms="1974" status="PASS">
          <params>
            <param index="0">
              <value>
                <![CDATA[[TestResult name=EditLink status=FAILURE method=EditLinkTests.EditLink(java.lang.String, java.lang.String)[pri:0, instance:com.tests.addresslinks.EditLinkTests@6b67034] output={null}]]]>
              </value>
            </param>
          </params>
          <reporter-output>
          </reporter-output>
        </test-method> <!-- tearDown -->
        <test-method is-config="true" signature="beforeMethod()[pri:0, instance:com.tests.addresslinks.EditLinkTests@6b67034]" started-at="2021-04-05T15:20:50 IST" name="beforeMethod" finished-at="2021-04-05T15:20:54 IST" duration-ms="4123" status="PASS">
          <reporter-output>
          </reporter-output>
        </test-method> <!-- beforeMethod -->
        <test-method signature="EditLink(java.lang.String, java.lang.String)[pri:0, instance:com.tests.addresslinks.EditLinkTests@6b67034]" started-at="2021-04-05T15:20:54 IST" name="EditLink" data-provider="editData" finished-at="2021-04-05T15:21:03 IST" duration-ms="8447" status="FAIL">
          <params>
            <param index="0">
              <value>
                <![CDATA[13jhamb134@gmail.com]]>
              </value>
            </param>
            <param index="1">
              <value>
                <![CDATA[muskan&12]]>
              </value>
            </param>
          </params>
          <exception class="org.openqa.selenium.NoSuchElementException">
            <message>
              <![CDATA[no such element: Unable to locate element: {"method":"xpath","selector":"/html/body/div/table/tbody/tr/td[6]/a"}
  (Session info: chrome=89.0.4389.114)
For documentation on this error, please visit: https://www.seleniumhq.org/exceptions/no_such_element.html
Build info: version: '3.141.59', revision: 'e82be7d358', time: '2018-11-14T08:17:03'
System info: host: 'IN-BAV-L0832', ip: '192.168.112.27', os.name: 'Windows 10', os.arch: 'amd64', os.version: '10.0', java.version: '13.0.1'
Driver info: org.openqa.selenium.chrome.ChromeDriver
Capabilities {acceptInsecureCerts: false, browserName: chrome, browserVersion: 89.0.4389.114, chrome: {chromedriverVersion: 89.0.4389.23 (61b08ee2c5002..., userDataDir: C:\Users\MUSKAN~1.DUR\AppDa...}, goog:chromeOptions: {debuggerAddress: localhost:64049}, javascriptEnabled: true, networkConnectionEnabled: false, pageLoadStrategy: normal, platform: WINDOWS, platformName: WINDOWS, proxy: Proxy(), setWindowRect: true, strictFileInteractability: false, timeouts: {implicit: 0, pageLoad: 300000, script: 30000}, unhandledPromptBehavior: dismiss and notify, webauthn:extension:largeBlob: true, webauthn:virtualAuthenticators: true}
Session ID: cc27f77eaf56708f6da33817502fa126
*** Element info: {Using=xpath, value=/html/body/div/table/tbody/tr/td[6]/a}]]>
            </message>
            <full-stacktrace>
              <![CDATA[org.openqa.selenium.NoSuchElementException: no such element: Unable to locate element: {"method":"xpath","selector":"/html/body/div/table/tbody/tr/td[6]/a"}
  (Session info: chrome=89.0.4389.114)
For documentation on this error, please visit: https://www.seleniumhq.org/exceptions/no_such_element.html
Build info: version: '3.141.59', revision: 'e82be7d358', time: '2018-11-14T08:17:03'
System info: host: 'IN-BAV-L0832', ip: '192.168.112.27', os.name: 'Windows 10', os.arch: 'amd64', os.version: '10.0', java.version: '13.0.1'
Driver info: org.openqa.selenium.chrome.ChromeDriver
Capabilities {acceptInsecureCerts: false, browserName: chrome, browserVersion: 89.0.4389.114, chrome: {chromedriverVersion: 89.0.4389.23 (61b08ee2c5002..., userDataDir: C:\Users\MUSKAN~1.DUR\AppDa...}, goog:chromeOptions: {debuggerAddress: localhost:64049}, javascriptEnabled: true, networkConnectionEnabled: false, pageLoadStrategy: normal, platform: WINDOWS, platformName: WINDOWS, proxy: Proxy(), setWindowRect: true, strictFileInteractability: false, timeouts: {implicit: 0, pageLoad: 300000, script: 30000}, unhandledPromptBehavior: dismiss and notify, webauthn:extension:largeBlob: true, webauthn:virtualAuthenticators: true}
Session ID: cc27f77eaf56708f6da33817502fa126
*** Element info: {Using=xpath, value=/html/body/div/table/tbody/tr/td[6]/a}
at java.base/jdk.internal.reflect.NativeConstructorAccessorImpl.newInstance0(Native Method)
at java.base/jdk.internal.reflect.NativeConstructorAccessorImpl.newInstance(NativeConstructorAccessorImpl.java:62)
at java.base/jdk.internal.reflect.DelegatingConstructorAccessorImpl.newInstance(DelegatingConstructorAccessorImpl.java:45)
at java.base/java.lang.reflect.Constructor.newInstanceWithCaller(Constructor.java:500)
at java.base/java.lang.reflect.Constructor.newInstance(Constructor.java:481)
at org.openqa.selenium.remote.http.W3CHttpResponseCodec.createException(W3CHttpResponseCodec.java:187)
at org.openqa.selenium.remote.http.W3CHttpResponseCodec.decode(W3CHttpResponseCodec.java:122)
at org.openqa.selenium.remote.http.W3CHttpResponseCodec.decode(W3CHttpResponseCodec.java:49)
at org.openqa.selenium.remote.HttpCommandExecutor.execute(HttpCommandExecutor.java:158)
at org.openqa.selenium.remote.service.DriverCommandExecutor.execute(DriverCommandExecutor.java:83)
at org.openqa.selenium.remote.RemoteWebDriver.execute(RemoteWebDriver.java:552)
at org.openqa.selenium.remote.RemoteWebDriver.findElement(RemoteWebDriver.java:323)
at org.openqa.selenium.remote.RemoteWebDriver.findElementByXPath(RemoteWebDriver.java:428)
at org.openqa.selenium.By$ByXPath.findElement(By.java:353)
at org.openqa.selenium.remote.RemoteWebDriver.findElement(RemoteWebDriver.java:315)
at org.openqa.selenium.support.pagefactory.DefaultElementLocator.findElement(DefaultElementLocator.java:69)
at org.openqa.selenium.support.pagefactory.internal.LocatingElementHandler.invoke(LocatingElementHandler.java:38)
at com.sun.proxy.$Proxy16.click(Unknown Source)
at com.pages.locators.AddressLinksLocators.getEditLink(AddressLinksLocators.java:43)
at com.tests.addresslinks.EditLinkTests.EditLink(EditLinkTests.java:32)
at java.base/jdk.internal.reflect.NativeMethodAccessorImpl.invoke0(Native Method)
at java.base/jdk.internal.reflect.NativeMethodAccessorImpl.invoke(NativeMethodAccessorImpl.java:62)
at java.base/jdk.internal.reflect.DelegatingMethodAccessorImpl.invoke(DelegatingMethodAccessorImpl.java:43)
at java.base/java.lang.reflect.Method.invoke(Method.java:567)
at org.testng.internal.MethodInvocationHelper.invokeMethod(MethodInvocationHelper.java:134)
at org.testng.internal.TestInvoker.invokeMethod(TestInvoker.java:597)
at org.testng.internal.TestInvoker.invokeTestMethod(TestInvoker.java:173)
at org.testng.internal.MethodRunner.runInSequence(MethodRunner.java:46)
at org.testng.internal.TestInvoker$MethodInvocationAgent.invoke(TestInvoker.java:816)
at org.testng.internal.TestInvoker.invokeTestMethods(TestInvoker.java:146)
at org.testng.internal.TestMethodWorker.invokeTestMethods(TestMethodWorker.java:146)
at org.testng.internal.TestMethodWorker.run(TestMethodWorker.java:128)
at java.base/java.util.ArrayList.forEach(ArrayList.java:1507)
at org.testng.TestRunner.privateRun(TestRunner.java:766)
at org.testng.TestRunner.run(TestRunner.java:587)
at org.testng.SuiteRunner.runTest(SuiteRunner.java:384)
at org.testng.SuiteRunner.runSequentially(SuiteRunner.java:378)
at org.testng.SuiteRunner.privateRun(SuiteRunner.java:337)
at org.testng.SuiteRunner.run(SuiteRunner.java:286)
at org.testng.SuiteRunnerWorker.runSuite(SuiteRunnerWorker.java:53)
at org.testng.SuiteRunnerWorker.run(SuiteRunnerWorker.java:96)
at org.testng.TestNG.runSuitesSequentially(TestNG.java:1187)
at org.testng.TestNG.runSuitesLocally(TestNG.java:1109)
at org.testng.TestNG.runSuites(TestNG.java:1039)
at org.testng.TestNG.run(TestNG.java:1007)
at org.apache.maven.surefire.testng.TestNGExecutor.run(TestNGExecutor.java:135)
at org.apache.maven.surefire.testng.TestNGDirectoryTestSuite.executeMulti(TestNGDirectoryTestSuite.java:193)
at org.apache.maven.surefire.testng.TestNGDirectoryTestSuite.execute(TestNGDirectoryTestSuite.java:94)
at org.apache.maven.surefire.testng.TestNGProvider.invoke(TestNGProvider.java:146)
at org.apache.maven.surefire.booter.ForkedBooter.invokeProviderInSameClassLoader(ForkedBooter.java:384)
at org.apache.maven.surefire.booter.ForkedBooter.runSuitesInProcess(ForkedBooter.java:345)
at org.apache.maven.surefire.booter.ForkedBooter.execute(ForkedBooter.java:126)
at org.apache.maven.surefire.booter.ForkedBooter.main(ForkedBooter.java:418)
]]>
            </full-stacktrace>
          </exception> <!-- org.openqa.selenium.NoSuchElementException -->
          <reporter-output>
          </reporter-output>
        </test-method> <!-- EditLink -->
        <test-method is-config="true" signature="tearDown(org.testng.ITestResult)[pri:0, instance:com.tests.addresslinks.EditLinkTests@6b67034]" started-at="2021-04-05T15:21:03 IST" name="tearDown" finished-at="2021-04-05T15:21:05 IST" duration-ms="2451" status="PASS">
          <params>
            <param index="0">
              <value>
                <![CDATA[[TestResult name=EditLink status=FAILURE method=EditLinkTests.EditLink(java.lang.String, java.lang.String)[pri:0, instance:com.tests.addresslinks.EditLinkTests@6b67034] output={null}]]]>
              </value>
            </param>
          </params>
          <reporter-output>
          </reporter-output>
        </test-method> <!-- tearDown -->
        <test-method is-config="true" signature="beforeMethod()[pri:0, instance:com.tests.addresslinks.EditLinkTests@6b67034]" started-at="2021-04-05T15:21:05 IST" name="beforeMethod" finished-at="2021-04-05T15:21:10 IST" duration-ms="5208" status="PASS">
          <reporter-output>
          </reporter-output>
        </test-method> <!-- beforeMethod -->
        <test-method signature="EditLink(java.lang.String, java.lang.String)[pri:0, instance:com.tests.addresslinks.EditLinkTests@6b67034]" started-at="2021-04-05T15:21:10 IST" name="EditLink" data-provider="editData" finished-at="2021-04-05T15:21:18 IST" duration-ms="8080" status="FAIL">
          <params>
            <param index="0">
              <value>
                <![CDATA[kaushal1234@gmail.com]]>
              </value>
            </param>
            <param index="1">
              <value>
                <![CDATA[kaushal!12]]>
              </value>
            </param>
          </params>
          <exception class="org.openqa.selenium.NoSuchElementException">
            <message>
              <![CDATA[no such element: Unable to locate element: {"method":"xpath","selector":"/html/body/div/table/tbody/tr/td[6]/a"}
  (Session info: chrome=89.0.4389.114)
For documentation on this error, please visit: https://www.seleniumhq.org/exceptions/no_such_element.html
Build info: version: '3.141.59', revision: 'e82be7d358', time: '2018-11-14T08:17:03'
System info: host: 'IN-BAV-L0832', ip: '192.168.112.27', os.name: 'Windows 10', os.arch: 'amd64', os.version: '10.0', java.version: '13.0.1'
Driver info: org.openqa.selenium.chrome.ChromeDriver
Capabilities {acceptInsecureCerts: false, browserName: chrome, browserVersion: 89.0.4389.114, chrome: {chromedriverVersion: 89.0.4389.23 (61b08ee2c5002..., userDataDir: C:\Users\MUSKAN~1.DUR\AppDa...}, goog:chromeOptions: {debuggerAddress: localhost:64078}, javascriptEnabled: true, networkConnectionEnabled: false, pageLoadStrategy: normal, platform: WINDOWS, platformName: WINDOWS, proxy: Proxy(), setWindowRect: true, strictFileInteractability: false, timeouts: {implicit: 0, pageLoad: 300000, script: 30000}, unhandledPromptBehavior: dismiss and notify, webauthn:extension:largeBlob: true, webauthn:virtualAuthenticators: true}
Session ID: 45f80d26139b854c3efba1c066644671
*** Element info: {Using=xpath, value=/html/body/div/table/tbody/tr/td[6]/a}]]>
            </message>
            <full-stacktrace>
              <![CDATA[org.openqa.selenium.NoSuchElementException: no such element: Unable to locate element: {"method":"xpath","selector":"/html/body/div/table/tbody/tr/td[6]/a"}
  (Session info: chrome=89.0.4389.114)
For documentation on this error, please visit: https://www.seleniumhq.org/exceptions/no_such_element.html
Build info: version: '3.141.59', revision: 'e82be7d358', time: '2018-11-14T08:17:03'
System info: host: 'IN-BAV-L0832', ip: '192.168.112.27', os.name: 'Windows 10', os.arch: 'amd64', os.version: '10.0', java.version: '13.0.1'
Driver info: org.openqa.selenium.chrome.ChromeDriver
Capabilities {acceptInsecureCerts: false, browserName: chrome, browserVersion: 89.0.4389.114, chrome: {chromedriverVersion: 89.0.4389.23 (61b08ee2c5002..., userDataDir: C:\Users\MUSKAN~1.DUR\AppDa...}, goog:chromeOptions: {debuggerAddress: localhost:64078}, javascriptEnabled: true, networkConnectionEnabled: false, pageLoadStrategy: normal, platform: WINDOWS, platformName: WINDOWS, proxy: Proxy(), setWindowRect: true, strictFileInteractability: false, timeouts: {implicit: 0, pageLoad: 300000, script: 30000}, unhandledPromptBehavior: dismiss and notify, webauthn:extension:largeBlob: true, webauthn:virtualAuthenticators: true}
Session ID: 45f80d26139b854c3efba1c066644671
*** Element info: {Using=xpath, value=/html/body/div/table/tbody/tr/td[6]/a}
at java.base/jdk.internal.reflect.NativeConstructorAccessorImpl.newInstance0(Native Method)
at java.base/jdk.internal.reflect.NativeConstructorAccessorImpl.newInstance(NativeConstructorAccessorImpl.java:62)
at java.base/jdk.internal.reflect.DelegatingConstructorAccessorImpl.newInstance(DelegatingConstructorAccessorImpl.java:45)
at java.base/java.lang.reflect.Constructor.newInstanceWithCaller(Constructor.java:500)
at java.base/java.lang.reflect.Constructor.newInstance(Constructor.java:481)
at org.openqa.selenium.remote.http.W3CHttpResponseCodec.createException(W3CHttpResponseCodec.java:187)
at org.openqa.selenium.remote.http.W3CHttpResponseCodec.decode(W3CHttpResponseCodec.java:122)
at org.openqa.selenium.remote.http.W3CHttpResponseCodec.decode(W3CHttpResponseCodec.java:49)
at org.openqa.selenium.remote.HttpCommandExecutor.execute(HttpCommandExecutor.java:158)
at org.openqa.selenium.remote.service.DriverCommandExecutor.execute(DriverCommandExecutor.java:83)
at org.openqa.selenium.remote.RemoteWebDriver.execute(RemoteWebDriver.java:552)
at org.openqa.selenium.remote.RemoteWebDriver.findElement(RemoteWebDriver.java:323)
at org.openqa.selenium.remote.RemoteWebDriver.findElementByXPath(RemoteWebDriver.java:428)
at org.openqa.selenium.By$ByXPath.findElement(By.java:353)
at org.openqa.selenium.remote.RemoteWebDriver.findElement(RemoteWebDriver.java:315)
at org.openqa.selenium.support.pagefactory.DefaultElementLocator.findElement(DefaultElementLocator.java:69)
at org.openqa.selenium.support.pagefactory.internal.LocatingElementHandler.invoke(LocatingElementHandler.java:38)
at com.sun.proxy.$Proxy16.click(Unknown Source)
at com.pages.locators.AddressLinksLocators.getEditLink(AddressLinksLocators.java:43)
at com.tests.addresslinks.EditLinkTests.EditLink(EditLinkTests.java:32)
at java.base/jdk.internal.reflect.NativeMethodAccessorImpl.invoke0(Native Method)
at java.base/jdk.internal.reflect.NativeMethodAccessorImpl.invoke(NativeMethodAccessorImpl.java:62)
at java.base/jdk.internal.reflect.DelegatingMethodAccessorImpl.invoke(DelegatingMethodAccessorImpl.java:43)
at java.base/java.lang.reflect.Method.invoke(Method.java:567)
at org.testng.internal.MethodInvocationHelper.invokeMethod(MethodInvocationHelper.java:134)
at org.testng.internal.TestInvoker.invokeMethod(TestInvoker.java:597)
at org.testng.internal.TestInvoker.invokeTestMethod(TestInvoker.java:173)
at org.testng.internal.MethodRunner.runInSequence(MethodRunner.java:46)
at org.testng.internal.TestInvoker$MethodInvocationAgent.invoke(TestInvoker.java:816)
at org.testng.internal.TestInvoker.invokeTestMethods(TestInvoker.java:146)
at org.testng.internal.TestMethodWorker.invokeTestMethods(TestMethodWorker.java:146)
at org.testng.internal.TestMethodWorker.run(TestMethodWorker.java:128)
at java.base/java.util.ArrayList.forEach(ArrayList.java:1507)
at org.testng.TestRunner.privateRun(TestRunner.java:766)
at org.testng.TestRunner.run(TestRunner.java:587)
at org.testng.SuiteRunner.runTest(SuiteRunner.java:384)
at org.testng.SuiteRunner.runSequentially(SuiteRunner.java:378)
at org.testng.SuiteRunner.privateRun(SuiteRunner.java:337)
at org.testng.SuiteRunner.run(SuiteRunner.java:286)
at org.testng.SuiteRunnerWorker.runSuite(SuiteRunnerWorker.java:53)
at org.testng.SuiteRunnerWorker.run(SuiteRunnerWorker.java:96)
at org.testng.TestNG.runSuitesSequentially(TestNG.java:1187)
at org.testng.TestNG.runSuitesLocally(TestNG.java:1109)
at org.testng.TestNG.runSuites(TestNG.java:1039)
at org.testng.TestNG.run(TestNG.java:1007)
at org.apache.maven.surefire.testng.TestNGExecutor.run(TestNGExecutor.java:135)
at org.apache.maven.surefire.testng.TestNGDirectoryTestSuite.executeMulti(TestNGDirectoryTestSuite.java:193)
at org.apache.maven.surefire.testng.TestNGDirectoryTestSuite.execute(TestNGDirectoryTestSuite.java:94)
at org.apache.maven.surefire.testng.TestNGProvider.invoke(TestNGProvider.java:146)
at org.apache.maven.surefire.booter.ForkedBooter.invokeProviderInSameClassLoader(ForkedBooter.java:384)
at org.apache.maven.surefire.booter.ForkedBooter.runSuitesInProcess(ForkedBooter.java:345)
at org.apache.maven.surefire.booter.ForkedBooter.execute(ForkedBooter.java:126)
at org.apache.maven.surefire.booter.ForkedBooter.main(ForkedBooter.java:418)
]]>
            </full-stacktrace>
          </exception> <!-- org.openqa.selenium.NoSuchElementException -->
          <reporter-output>
          </reporter-output>
        </test-method> <!-- EditLink -->
        <test-method is-config="true" signature="tearDown(org.testng.ITestResult)[pri:0, instance:com.tests.addresslinks.EditLinkTests@6b67034]" started-at="2021-04-05T15:21:18 IST" name="tearDown" finished-at="2021-04-05T15:21:20 IST" duration-ms="1848" status="PASS">
          <params>
            <param index="0">
              <value>
                <![CDATA[[TestResult name=EditLink status=FAILURE method=EditLinkTests.EditLink(java.lang.String, java.lang.String)[pri:0, instance:com.tests.addresslinks.EditLinkTests@6b67034] output={null}]]]>
              </value>
            </param>
          </params>
          <reporter-output>
          </reporter-output>
        </test-method> <!-- tearDown -->
        <test-method is-config="true" signature="beforeMethod()[pri:0, instance:com.tests.addresslinks.EditLinkTests@6b67034]" started-at="2021-04-05T15:21:20 IST" name="beforeMethod" finished-at="2021-04-05T15:21:25 IST" duration-ms="4535" status="PASS">
          <reporter-output>
          </reporter-output>
        </test-method> <!-- beforeMethod -->
        <test-method signature="EditLink(java.lang.String, java.lang.String)[pri:0, instance:com.tests.addresslinks.EditLinkTests@6b67034]" started-at="2021-04-05T15:21:25 IST" name="EditLink" data-provider="editData" finished-at="2021-04-05T15:21:33 IST" duration-ms="8020" status="FAIL">
          <params>
            <param index="0">
              <value>
                <![CDATA[amisha1234@yahoo.com]]>
              </value>
            </param>
            <param index="1">
              <value>
                <![CDATA[12345]]>
              </value>
            </param>
          </params>
          <exception class="org.openqa.selenium.NoSuchElementException">
            <message>
              <![CDATA[no such element: Unable to locate element: {"method":"xpath","selector":"/html/body/div/table/tbody/tr/td[6]/a"}
  (Session info: chrome=89.0.4389.114)
For documentation on this error, please visit: https://www.seleniumhq.org/exceptions/no_such_element.html
Build info: version: '3.141.59', revision: 'e82be7d358', time: '2018-11-14T08:17:03'
System info: host: 'IN-BAV-L0832', ip: '192.168.112.27', os.name: 'Windows 10', os.arch: 'amd64', os.version: '10.0', java.version: '13.0.1'
Driver info: org.openqa.selenium.chrome.ChromeDriver
Capabilities {acceptInsecureCerts: false, browserName: chrome, browserVersion: 89.0.4389.114, chrome: {chromedriverVersion: 89.0.4389.23 (61b08ee2c5002..., userDataDir: C:\Users\MUSKAN~1.DUR\AppDa...}, goog:chromeOptions: {debuggerAddress: localhost:64107}, javascriptEnabled: true, networkConnectionEnabled: false, pageLoadStrategy: normal, platform: WINDOWS, platformName: WINDOWS, proxy: Proxy(), setWindowRect: true, strictFileInteractability: false, timeouts: {implicit: 0, pageLoad: 300000, script: 30000}, unhandledPromptBehavior: dismiss and notify, webauthn:extension:largeBlob: true, webauthn:virtualAuthenticators: true}
Session ID: 66cdaef9fb49af7a16becaa4d8e105f6
*** Element info: {Using=xpath, value=/html/body/div/table/tbody/tr/td[6]/a}]]>
            </message>
            <full-stacktrace>
              <![CDATA[org.openqa.selenium.NoSuchElementException: no such element: Unable to locate element: {"method":"xpath","selector":"/html/body/div/table/tbody/tr/td[6]/a"}
  (Session info: chrome=89.0.4389.114)
For documentation on this error, please visit: https://www.seleniumhq.org/exceptions/no_such_element.html
Build info: version: '3.141.59', revision: 'e82be7d358', time: '2018-11-14T08:17:03'
System info: host: 'IN-BAV-L0832', ip: '192.168.112.27', os.name: 'Windows 10', os.arch: 'amd64', os.version: '10.0', java.version: '13.0.1'
Driver info: org.openqa.selenium.chrome.ChromeDriver
Capabilities {acceptInsecureCerts: false, browserName: chrome, browserVersion: 89.0.4389.114, chrome: {chromedriverVersion: 89.0.4389.23 (61b08ee2c5002..., userDataDir: C:\Users\MUSKAN~1.DUR\AppDa...}, goog:chromeOptions: {debuggerAddress: localhost:64107}, javascriptEnabled: true, networkConnectionEnabled: false, pageLoadStrategy: normal, platform: WINDOWS, platformName: WINDOWS, proxy: Proxy(), setWindowRect: true, strictFileInteractability: false, timeouts: {implicit: 0, pageLoad: 300000, script: 30000}, unhandledPromptBehavior: dismiss and notify, webauthn:extension:largeBlob: true, webauthn:virtualAuthenticators: true}
Session ID: 66cdaef9fb49af7a16becaa4d8e105f6
*** Element info: {Using=xpath, value=/html/body/div/table/tbody/tr/td[6]/a}
at java.base/jdk.internal.reflect.NativeConstructorAccessorImpl.newInstance0(Native Method)
at java.base/jdk.internal.reflect.NativeConstructorAccessorImpl.newInstance(NativeConstructorAccessorImpl.java:62)
at java.base/jdk.internal.reflect.DelegatingConstructorAccessorImpl.newInstance(DelegatingConstructorAccessorImpl.java:45)
at java.base/java.lang.reflect.Constructor.newInstanceWithCaller(Constructor.java:500)
at java.base/java.lang.reflect.Constructor.newInstance(Constructor.java:481)
at org.openqa.selenium.remote.http.W3CHttpResponseCodec.createException(W3CHttpResponseCodec.java:187)
at org.openqa.selenium.remote.http.W3CHttpResponseCodec.decode(W3CHttpResponseCodec.java:122)
at org.openqa.selenium.remote.http.W3CHttpResponseCodec.decode(W3CHttpResponseCodec.java:49)
at org.openqa.selenium.remote.HttpCommandExecutor.execute(HttpCommandExecutor.java:158)
at org.openqa.selenium.remote.service.DriverCommandExecutor.execute(DriverCommandExecutor.java:83)
at org.openqa.selenium.remote.RemoteWebDriver.execute(RemoteWebDriver.java:552)
at org.openqa.selenium.remote.RemoteWebDriver.findElement(RemoteWebDriver.java:323)
at org.openqa.selenium.remote.RemoteWebDriver.findElementByXPath(RemoteWebDriver.java:428)
at org.openqa.selenium.By$ByXPath.findElement(By.java:353)
at org.openqa.selenium.remote.RemoteWebDriver.findElement(RemoteWebDriver.java:315)
at org.openqa.selenium.support.pagefactory.DefaultElementLocator.findElement(DefaultElementLocator.java:69)
at org.openqa.selenium.support.pagefactory.internal.LocatingElementHandler.invoke(LocatingElementHandler.java:38)
at com.sun.proxy.$Proxy16.click(Unknown Source)
at com.pages.locators.AddressLinksLocators.getEditLink(AddressLinksLocators.java:43)
at com.tests.addresslinks.EditLinkTests.EditLink(EditLinkTests.java:32)
at java.base/jdk.internal.reflect.NativeMethodAccessorImpl.invoke0(Native Method)
at java.base/jdk.internal.reflect.NativeMethodAccessorImpl.invoke(NativeMethodAccessorImpl.java:62)
at java.base/jdk.internal.reflect.DelegatingMethodAccessorImpl.invoke(DelegatingMethodAccessorImpl.java:43)
at java.base/java.lang.reflect.Method.invoke(Method.java:567)
at org.testng.internal.MethodInvocationHelper.invokeMethod(MethodInvocationHelper.java:134)
at org.testng.internal.TestInvoker.invokeMethod(TestInvoker.java:597)
at org.testng.internal.TestInvoker.invokeTestMethod(TestInvoker.java:173)
at org.testng.internal.MethodRunner.runInSequence(MethodRunner.java:46)
at org.testng.internal.TestInvoker$MethodInvocationAgent.invoke(TestInvoker.java:816)
at org.testng.internal.TestInvoker.invokeTestMethods(TestInvoker.java:146)
at org.testng.internal.TestMethodWorker.invokeTestMethods(TestMethodWorker.java:146)
at org.testng.internal.TestMethodWorker.run(TestMethodWorker.java:128)
at java.base/java.util.ArrayList.forEach(ArrayList.java:1507)
at org.testng.TestRunner.privateRun(TestRunner.java:766)
at org.testng.TestRunner.run(TestRunner.java:587)
at org.testng.SuiteRunner.runTest(SuiteRunner.java:384)
at org.testng.SuiteRunner.runSequentially(SuiteRunner.java:378)
at org.testng.SuiteRunner.privateRun(SuiteRunner.java:337)
at org.testng.SuiteRunner.run(SuiteRunner.java:286)
at org.testng.SuiteRunnerWorker.runSuite(SuiteRunnerWorker.java:53)
at org.testng.SuiteRunnerWorker.run(SuiteRunnerWorker.java:96)
at org.testng.TestNG.runSuitesSequentially(TestNG.java:1187)
at org.testng.TestNG.runSuitesLocally(TestNG.java:1109)
at org.testng.TestNG.runSuites(TestNG.java:1039)
at org.testng.TestNG.run(TestNG.java:1007)
at org.apache.maven.surefire.testng.TestNGExecutor.run(TestNGExecutor.java:135)
at org.apache.maven.surefire.testng.TestNGDirectoryTestSuite.executeMulti(TestNGDirectoryTestSuite.java:193)
at org.apache.maven.surefire.testng.TestNGDirectoryTestSuite.execute(TestNGDirectoryTestSuite.java:94)
at org.apache.maven.surefire.testng.TestNGProvider.invoke(TestNGProvider.java:146)
at org.apache.maven.surefire.booter.ForkedBooter.invokeProviderInSameClassLoader(ForkedBooter.java:384)
at org.apache.maven.surefire.booter.ForkedBooter.runSuitesInProcess(ForkedBooter.java:345)
at org.apache.maven.surefire.booter.ForkedBooter.execute(ForkedBooter.java:126)
at org.apache.maven.surefire.booter.ForkedBooter.main(ForkedBooter.java:418)
]]>
            </full-stacktrace>
          </exception> <!-- org.openqa.selenium.NoSuchElementException -->
          <reporter-output>
          </reporter-output>
        </test-method> <!-- EditLink -->
        <test-method is-config="true" signature="tearDown(org.testng.ITestResult)[pri:0, instance:com.tests.addresslinks.EditLinkTests@6b67034]" started-at="2021-04-05T15:21:33 IST" name="tearDown" finished-at="2021-04-05T15:21:35 IST" duration-ms="2090" status="PASS">
          <params>
            <param index="0">
              <value>
                <![CDATA[[TestResult name=EditLink status=FAILURE method=EditLinkTests.EditLink(java.lang.String, java.lang.String)[pri:0, instance:com.tests.addresslinks.EditLinkTests@6b67034] output={null}]]]>
              </value>
            </param>
          </params>
          <reporter-output>
          </reporter-output>
        </test-method> <!-- tearDown -->
        <test-method is-config="true" signature="beforeMethod()[pri:0, instance:com.tests.addresslinks.EditLinkTests@6b67034]" started-at="2021-04-05T15:21:35 IST" name="beforeMethod" finished-at="2021-04-05T15:21:39 IST" duration-ms="3995" status="PASS">
          <reporter-output>
          </reporter-output>
        </test-method> <!-- beforeMethod -->
        <test-method signature="EditLink(java.lang.String, java.lang.String)[pri:0, instance:com.tests.addresslinks.EditLinkTests@6b67034]" started-at="2021-04-05T15:21:39 IST" name="EditLink" data-provider="editData" finished-at="2021-04-05T15:21:47 IST" duration-ms="7865" status="FAIL">
          <params>
            <param index="0">
              <value>
                <![CDATA[harsimran394@gmail.com]]>
              </value>
            </param>
            <param index="1">
              <value>
                <![CDATA[harsimran12]]>
              </value>
            </param>
          </params>
          <exception class="org.openqa.selenium.NoSuchElementException">
            <message>
              <![CDATA[no such element: Unable to locate element: {"method":"xpath","selector":"/html/body/div/table/tbody/tr/td[6]/a"}
  (Session info: chrome=89.0.4389.114)
For documentation on this error, please visit: https://www.seleniumhq.org/exceptions/no_such_element.html
Build info: version: '3.141.59', revision: 'e82be7d358', time: '2018-11-14T08:17:03'
System info: host: 'IN-BAV-L0832', ip: '192.168.112.27', os.name: 'Windows 10', os.arch: 'amd64', os.version: '10.0', java.version: '13.0.1'
Driver info: org.openqa.selenium.chrome.ChromeDriver
Capabilities {acceptInsecureCerts: false, browserName: chrome, browserVersion: 89.0.4389.114, chrome: {chromedriverVersion: 89.0.4389.23 (61b08ee2c5002..., userDataDir: C:\Users\MUSKAN~1.DUR\AppDa...}, goog:chromeOptions: {debuggerAddress: localhost:64133}, javascriptEnabled: true, networkConnectionEnabled: false, pageLoadStrategy: normal, platform: WINDOWS, platformName: WINDOWS, proxy: Proxy(), setWindowRect: true, strictFileInteractability: false, timeouts: {implicit: 0, pageLoad: 300000, script: 30000}, unhandledPromptBehavior: dismiss and notify, webauthn:extension:largeBlob: true, webauthn:virtualAuthenticators: true}
Session ID: 5bcb5d5500b953dbddcaaadc91f5b70d
*** Element info: {Using=xpath, value=/html/body/div/table/tbody/tr/td[6]/a}]]>
            </message>
            <full-stacktrace>
              <![CDATA[org.openqa.selenium.NoSuchElementException: no such element: Unable to locate element: {"method":"xpath","selector":"/html/body/div/table/tbody/tr/td[6]/a"}
  (Session info: chrome=89.0.4389.114)
For documentation on this error, please visit: https://www.seleniumhq.org/exceptions/no_such_element.html
Build info: version: '3.141.59', revision: 'e82be7d358', time: '2018-11-14T08:17:03'
System info: host: 'IN-BAV-L0832', ip: '192.168.112.27', os.name: 'Windows 10', os.arch: 'amd64', os.version: '10.0', java.version: '13.0.1'
Driver info: org.openqa.selenium.chrome.ChromeDriver
Capabilities {acceptInsecureCerts: false, browserName: chrome, browserVersion: 89.0.4389.114, chrome: {chromedriverVersion: 89.0.4389.23 (61b08ee2c5002..., userDataDir: C:\Users\MUSKAN~1.DUR\AppDa...}, goog:chromeOptions: {debuggerAddress: localhost:64133}, javascriptEnabled: true, networkConnectionEnabled: false, pageLoadStrategy: normal, platform: WINDOWS, platformName: WINDOWS, proxy: Proxy(), setWindowRect: true, strictFileInteractability: false, timeouts: {implicit: 0, pageLoad: 300000, script: 30000}, unhandledPromptBehavior: dismiss and notify, webauthn:extension:largeBlob: true, webauthn:virtualAuthenticators: true}
Session ID: 5bcb5d5500b953dbddcaaadc91f5b70d
*** Element info: {Using=xpath, value=/html/body/div/table/tbody/tr/td[6]/a}
at java.base/jdk.internal.reflect.NativeConstructorAccessorImpl.newInstance0(Native Method)
at java.base/jdk.internal.reflect.NativeConstructorAccessorImpl.newInstance(NativeConstructorAccessorImpl.java:62)
at java.base/jdk.internal.reflect.DelegatingConstructorAccessorImpl.newInstance(DelegatingConstructorAccessorImpl.java:45)
at java.base/java.lang.reflect.Constructor.newInstanceWithCaller(Constructor.java:500)
at java.base/java.lang.reflect.Constructor.newInstance(Constructor.java:481)
at org.openqa.selenium.remote.http.W3CHttpResponseCodec.createException(W3CHttpResponseCodec.java:187)
at org.openqa.selenium.remote.http.W3CHttpResponseCodec.decode(W3CHttpResponseCodec.java:122)
at org.openqa.selenium.remote.http.W3CHttpResponseCodec.decode(W3CHttpResponseCodec.java:49)
at org.openqa.selenium.remote.HttpCommandExecutor.execute(HttpCommandExecutor.java:158)
at org.openqa.selenium.remote.service.DriverCommandExecutor.execute(DriverCommandExecutor.java:83)
at org.openqa.selenium.remote.RemoteWebDriver.execute(RemoteWebDriver.java:552)
at org.openqa.selenium.remote.RemoteWebDriver.findElement(RemoteWebDriver.java:323)
at org.openqa.selenium.remote.RemoteWebDriver.findElementByXPath(RemoteWebDriver.java:428)
at org.openqa.selenium.By$ByXPath.findElement(By.java:353)
at org.openqa.selenium.remote.RemoteWebDriver.findElement(RemoteWebDriver.java:315)
at org.openqa.selenium.support.pagefactory.DefaultElementLocator.findElement(DefaultElementLocator.java:69)
at org.openqa.selenium.support.pagefactory.internal.LocatingElementHandler.invoke(LocatingElementHandler.java:38)
at com.sun.proxy.$Proxy16.click(Unknown Source)
at com.pages.locators.AddressLinksLocators.getEditLink(AddressLinksLocators.java:43)
at com.tests.addresslinks.EditLinkTests.EditLink(EditLinkTests.java:32)
at java.base/jdk.internal.reflect.NativeMethodAccessorImpl.invoke0(Native Method)
at java.base/jdk.internal.reflect.NativeMethodAccessorImpl.invoke(NativeMethodAccessorImpl.java:62)
at java.base/jdk.internal.reflect.DelegatingMethodAccessorImpl.invoke(DelegatingMethodAccessorImpl.java:43)
at java.base/java.lang.reflect.Method.invoke(Method.java:567)
at org.testng.internal.MethodInvocationHelper.invokeMethod(MethodInvocationHelper.java:134)
at org.testng.internal.TestInvoker.invokeMethod(TestInvoker.java:597)
at org.testng.internal.TestInvoker.invokeTestMethod(TestInvoker.java:173)
at org.testng.internal.MethodRunner.runInSequence(MethodRunner.java:46)
at org.testng.internal.TestInvoker$MethodInvocationAgent.invoke(TestInvoker.java:816)
at org.testng.internal.TestInvoker.invokeTestMethods(TestInvoker.java:146)
at org.testng.internal.TestMethodWorker.invokeTestMethods(TestMethodWorker.java:146)
at org.testng.internal.TestMethodWorker.run(TestMethodWorker.java:128)
at java.base/java.util.ArrayList.forEach(ArrayList.java:1507)
at org.testng.TestRunner.privateRun(TestRunner.java:766)
at org.testng.TestRunner.run(TestRunner.java:587)
at org.testng.SuiteRunner.runTest(SuiteRunner.java:384)
at org.testng.SuiteRunner.runSequentially(SuiteRunner.java:378)
at org.testng.SuiteRunner.privateRun(SuiteRunner.java:337)
at org.testng.SuiteRunner.run(SuiteRunner.java:286)
at org.testng.SuiteRunnerWorker.runSuite(SuiteRunnerWorker.java:53)
at org.testng.SuiteRunnerWorker.run(SuiteRunnerWorker.java:96)
at org.testng.TestNG.runSuitesSequentially(TestNG.java:1187)
at org.testng.TestNG.runSuitesLocally(TestNG.java:1109)
at org.testng.TestNG.runSuites(TestNG.java:1039)
at org.testng.TestNG.run(TestNG.java:1007)
at org.apache.maven.surefire.testng.TestNGExecutor.run(TestNGExecutor.java:135)
at org.apache.maven.surefire.testng.TestNGDirectoryTestSuite.executeMulti(TestNGDirectoryTestSuite.java:193)
at org.apache.maven.surefire.testng.TestNGDirectoryTestSuite.execute(TestNGDirectoryTestSuite.java:94)
at org.apache.maven.surefire.testng.TestNGProvider.invoke(TestNGProvider.java:146)
at org.apache.maven.surefire.booter.ForkedBooter.invokeProviderInSameClassLoader(ForkedBooter.java:384)
at org.apache.maven.surefire.booter.ForkedBooter.runSuitesInProcess(ForkedBooter.java:345)
at org.apache.maven.surefire.booter.ForkedBooter.execute(ForkedBooter.java:126)
at org.apache.maven.surefire.booter.ForkedBooter.main(ForkedBooter.java:418)
]]>
            </full-stacktrace>
          </exception> <!-- org.openqa.selenium.NoSuchElementException -->
          <reporter-output>
          </reporter-output>
        </test-method> <!-- EditLink -->
        <test-method is-config="true" signature="tearDown(org.testng.ITestResult)[pri:0, instance:com.tests.addresslinks.EditLinkTests@6b67034]" started-at="2021-04-05T15:21:47 IST" name="tearDown" finished-at="2021-04-05T15:21:49 IST" duration-ms="2714" status="PASS">
          <params>
            <param index="0">
              <value>
                <![CDATA[[TestResult name=EditLink status=FAILURE method=EditLinkTests.EditLink(java.lang.String, java.lang.String)[pri:0, instance:com.tests.addresslinks.EditLinkTests@6b67034] output={null}]]]>
              </value>
            </param>
          </params>
          <reporter-output>
          </reporter-output>
        </test-method> <!-- tearDown -->
        <test-method is-config="true" signature="beforeMethod()[pri:0, instance:com.tests.addresslinks.EditLinkTests@6b67034]" started-at="2021-04-05T15:21:49 IST" name="beforeMethod" finished-at="2021-04-05T15:21:54 IST" duration-ms="4601" status="PASS">
          <reporter-output>
          </reporter-output>
        </test-method> <!-- beforeMethod -->
        <test-method signature="EditLink(java.lang.String, java.lang.String)[pri:0, instance:com.tests.addresslinks.EditLinkTests@6b67034]" started-at="2021-04-05T15:21:54 IST" name="EditLink" data-provider="editData" finished-at="2021-04-05T15:22:02 IST" duration-ms="7713" status="FAIL">
          <params>
            <param index="0">
              <value>
                <![CDATA[]]>
              </value>
            </param>
            <param index="1">
              <value>
                <![CDATA[]]>
              </value>
            </param>
          </params>
          <exception class="org.openqa.selenium.NoSuchElementException">
            <message>
              <![CDATA[no such element: Unable to locate element: {"method":"xpath","selector":"/html/body/div/table/tbody/tr/td[6]/a"}
  (Session info: chrome=89.0.4389.114)
For documentation on this error, please visit: https://www.seleniumhq.org/exceptions/no_such_element.html
Build info: version: '3.141.59', revision: 'e82be7d358', time: '2018-11-14T08:17:03'
System info: host: 'IN-BAV-L0832', ip: '192.168.112.27', os.name: 'Windows 10', os.arch: 'amd64', os.version: '10.0', java.version: '13.0.1'
Driver info: org.openqa.selenium.chrome.ChromeDriver
Capabilities {acceptInsecureCerts: false, browserName: chrome, browserVersion: 89.0.4389.114, chrome: {chromedriverVersion: 89.0.4389.23 (61b08ee2c5002..., userDataDir: C:\Users\MUSKAN~1.DUR\AppDa...}, goog:chromeOptions: {debuggerAddress: localhost:64158}, javascriptEnabled: true, networkConnectionEnabled: false, pageLoadStrategy: normal, platform: WINDOWS, platformName: WINDOWS, proxy: Proxy(), setWindowRect: true, strictFileInteractability: false, timeouts: {implicit: 0, pageLoad: 300000, script: 30000}, unhandledPromptBehavior: dismiss and notify, webauthn:extension:largeBlob: true, webauthn:virtualAuthenticators: true}
Session ID: 5e09a183c8b44077926dfa81032e0a7a
*** Element info: {Using=xpath, value=/html/body/div/table/tbody/tr/td[6]/a}]]>
            </message>
            <full-stacktrace>
              <![CDATA[org.openqa.selenium.NoSuchElementException: no such element: Unable to locate element: {"method":"xpath","selector":"/html/body/div/table/tbody/tr/td[6]/a"}
  (Session info: chrome=89.0.4389.114)
For documentation on this error, please visit: https://www.seleniumhq.org/exceptions/no_such_element.html
Build info: version: '3.141.59', revision: 'e82be7d358', time: '2018-11-14T08:17:03'
System info: host: 'IN-BAV-L0832', ip: '192.168.112.27', os.name: 'Windows 10', os.arch: 'amd64', os.version: '10.0', java.version: '13.0.1'
Driver info: org.openqa.selenium.chrome.ChromeDriver
Capabilities {acceptInsecureCerts: false, browserName: chrome, browserVersion: 89.0.4389.114, chrome: {chromedriverVersion: 89.0.4389.23 (61b08ee2c5002..., userDataDir: C:\Users\MUSKAN~1.DUR\AppDa...}, goog:chromeOptions: {debuggerAddress: localhost:64158}, javascriptEnabled: true, networkConnectionEnabled: false, pageLoadStrategy: normal, platform: WINDOWS, platformName: WINDOWS, proxy: Proxy(), setWindowRect: true, strictFileInteractability: false, timeouts: {implicit: 0, pageLoad: 300000, script: 30000}, unhandledPromptBehavior: dismiss and notify, webauthn:extension:largeBlob: true, webauthn:virtualAuthenticators: true}
Session ID: 5e09a183c8b44077926dfa81032e0a7a
*** Element info: {Using=xpath, value=/html/body/div/table/tbody/tr/td[6]/a}
at java.base/jdk.internal.reflect.NativeConstructorAccessorImpl.newInstance0(Native Method)
at java.base/jdk.internal.reflect.NativeConstructorAccessorImpl.newInstance(NativeConstructorAccessorImpl.java:62)
at java.base/jdk.internal.reflect.DelegatingConstructorAccessorImpl.newInstance(DelegatingConstructorAccessorImpl.java:45)
at java.base/java.lang.reflect.Constructor.newInstanceWithCaller(Constructor.java:500)
at java.base/java.lang.reflect.Constructor.newInstance(Constructor.java:481)
at org.openqa.selenium.remote.http.W3CHttpResponseCodec.createException(W3CHttpResponseCodec.java:187)
at org.openqa.selenium.remote.http.W3CHttpResponseCodec.decode(W3CHttpResponseCodec.java:122)
at org.openqa.selenium.remote.http.W3CHttpResponseCodec.decode(W3CHttpResponseCodec.java:49)
at org.openqa.selenium.remote.HttpCommandExecutor.execute(HttpCommandExecutor.java:158)
at org.openqa.selenium.remote.service.DriverCommandExecutor.execute(DriverCommandExecutor.java:83)
at org.openqa.selenium.remote.RemoteWebDriver.execute(RemoteWebDriver.java:552)
at org.openqa.selenium.remote.RemoteWebDriver.findElement(RemoteWebDriver.java:323)
at org.openqa.selenium.remote.RemoteWebDriver.findElementByXPath(RemoteWebDriver.java:428)
at org.openqa.selenium.By$ByXPath.findElement(By.java:353)
at org.openqa.selenium.remote.RemoteWebDriver.findElement(RemoteWebDriver.java:315)
at org.openqa.selenium.support.pagefactory.DefaultElementLocator.findElement(DefaultElementLocator.java:69)
at org.openqa.selenium.support.pagefactory.internal.LocatingElementHandler.invoke(LocatingElementHandler.java:38)
at com.sun.proxy.$Proxy16.click(Unknown Source)
at com.pages.locators.AddressLinksLocators.getEditLink(AddressLinksLocators.java:43)
at com.tests.addresslinks.EditLinkTests.EditLink(EditLinkTests.java:32)
at java.base/jdk.internal.reflect.NativeMethodAccessorImpl.invoke0(Native Method)
at java.base/jdk.internal.reflect.NativeMethodAccessorImpl.invoke(NativeMethodAccessorImpl.java:62)
at java.base/jdk.internal.reflect.DelegatingMethodAccessorImpl.invoke(DelegatingMethodAccessorImpl.java:43)
at java.base/java.lang.reflect.Method.invoke(Method.java:567)
at org.testng.internal.MethodInvocationHelper.invokeMethod(MethodInvocationHelper.java:134)
at org.testng.internal.TestInvoker.invokeMethod(TestInvoker.java:597)
at org.testng.internal.TestInvoker.invokeTestMethod(TestInvoker.java:173)
at org.testng.internal.MethodRunner.runInSequence(MethodRunner.java:46)
at org.testng.internal.TestInvoker$MethodInvocationAgent.invoke(TestInvoker.java:816)
at org.testng.internal.TestInvoker.invokeTestMethods(TestInvoker.java:146)
at org.testng.internal.TestMethodWorker.invokeTestMethods(TestMethodWorker.java:146)
at org.testng.internal.TestMethodWorker.run(TestMethodWorker.java:128)
at java.base/java.util.ArrayList.forEach(ArrayList.java:1507)
at org.testng.TestRunner.privateRun(TestRunner.java:766)
at org.testng.TestRunner.run(TestRunner.java:587)
at org.testng.SuiteRunner.runTest(SuiteRunner.java:384)
at org.testng.SuiteRunner.runSequentially(SuiteRunner.java:378)
at org.testng.SuiteRunner.privateRun(SuiteRunner.java:337)
at org.testng.SuiteRunner.run(SuiteRunner.java:286)
at org.testng.SuiteRunnerWorker.runSuite(SuiteRunnerWorker.java:53)
at org.testng.SuiteRunnerWorker.run(SuiteRunnerWorker.java:96)
at org.testng.TestNG.runSuitesSequentially(TestNG.java:1187)
at org.testng.TestNG.runSuitesLocally(TestNG.java:1109)
at org.testng.TestNG.runSuites(TestNG.java:1039)
at org.testng.TestNG.run(TestNG.java:1007)
at org.apache.maven.surefire.testng.TestNGExecutor.run(TestNGExecutor.java:135)
at org.apache.maven.surefire.testng.TestNGDirectoryTestSuite.executeMulti(TestNGDirectoryTestSuite.java:193)
at org.apache.maven.surefire.testng.TestNGDirectoryTestSuite.execute(TestNGDirectoryTestSuite.java:94)
at org.apache.maven.surefire.testng.TestNGProvider.invoke(TestNGProvider.java:146)
at org.apache.maven.surefire.booter.ForkedBooter.invokeProviderInSameClassLoader(ForkedBooter.java:384)
at org.apache.maven.surefire.booter.ForkedBooter.runSuitesInProcess(ForkedBooter.java:345)
at org.apache.maven.surefire.booter.ForkedBooter.execute(ForkedBooter.java:126)
at org.apache.maven.surefire.booter.ForkedBooter.main(ForkedBooter.java:418)
]]>
            </full-stacktrace>
          </exception> <!-- org.openqa.selenium.NoSuchElementException -->
          <reporter-output>
          </reporter-output>
        </test-method> <!-- EditLink -->
        <test-method is-config="true" signature="tearDown(org.testng.ITestResult)[pri:0, instance:com.tests.addresslinks.EditLinkTests@6b67034]" started-at="2021-04-05T15:22:02 IST" name="tearDown" finished-at="2021-04-05T15:22:04 IST" duration-ms="1924" status="PASS">
          <params>
            <param index="0">
              <value>
                <![CDATA[[TestResult name=EditLink status=FAILURE method=EditLinkTests.EditLink(java.lang.String, java.lang.String)[pri:0, instance:com.tests.addresslinks.EditLinkTests@6b67034] output={null}]]]>
              </value>
            </param>
          </params>
          <reporter-output>
          </reporter-output>
        </test-method> <!-- tearDown -->
        <test-method is-config="true" signature="afterClass()[pri:0, instance:com.tests.addresslinks.EditLinkTests@6b67034]" started-at="2021-04-05T15:22:04 IST" name="afterClass" finished-at="2021-04-05T15:22:04 IST" duration-ms="0" status="PASS">
          <reporter-output>
          </reporter-output>
        </test-method> <!-- afterClass -->
      </class> <!-- com.tests.addresslinks.EditLinkTests -->
      <class name="com.tests.addresslinks.DestroyLinkTests">
        <test-method is-config="true" signature="beforeClass()[pri:0, instance:com.tests.addresslinks.DestroyLinkTests@10b48321]" started-at="2021-04-05T15:18:33 IST" name="beforeClass" finished-at="2021-04-05T15:18:33 IST" duration-ms="0" status="PASS">
          <reporter-output>
          </reporter-output>
        </test-method> <!-- beforeClass -->
        <test-method is-config="true" signature="beforeMethod()[pri:0, instance:com.tests.addresslinks.DestroyLinkTests@10b48321]" started-at="2021-04-05T15:18:33 IST" name="beforeMethod" finished-at="2021-04-05T15:18:37 IST" duration-ms="3916" status="PASS">
          <reporter-output>
          </reporter-output>
        </test-method> <!-- beforeMethod -->
        <test-method signature="destroyLink(java.lang.String, java.lang.String)[pri:0, instance:com.tests.addresslinks.DestroyLinkTests@10b48321]" started-at="2021-04-05T15:18:37 IST" name="destroyLink" data-provider="editData" finished-at="2021-04-05T15:18:43 IST" duration-ms="6727" status="PASS">
          <params>
            <param index="0">
              <value>
                <![CDATA[amrita2234@gmail.com]]>
              </value>
            </param>
            <param index="1">
              <value>
                <![CDATA[amrita12]]>
              </value>
            </param>
          </params>
          <reporter-output>
          </reporter-output>
        </test-method> <!-- destroyLink -->
        <test-method is-config="true" signature="tearDown(org.testng.ITestResult)[pri:0, instance:com.tests.addresslinks.DestroyLinkTests@10b48321]" started-at="2021-04-05T15:18:43 IST" name="tearDown" finished-at="2021-04-05T15:18:45 IST" duration-ms="1574" status="PASS">
          <params>
            <param index="0">
              <value>
                <![CDATA[[TestResult name=destroyLink status=SUCCESS method=DestroyLinkTests.destroyLink(java.lang.String, java.lang.String)[pri:0, instance:com.tests.addresslinks.DestroyLinkTests@10b48321] output={null}]]]>
              </value>
            </param>
          </params>
          <reporter-output>
          </reporter-output>
        </test-method> <!-- tearDown -->
        <test-method is-config="true" signature="beforeMethod()[pri:0, instance:com.tests.addresslinks.DestroyLinkTests@10b48321]" started-at="2021-04-05T15:18:45 IST" name="beforeMethod" finished-at="2021-04-05T15:18:49 IST" duration-ms="4119" status="PASS">
          <reporter-output>
          </reporter-output>
        </test-method> <!-- beforeMethod -->
        <test-method signature="destroyLink(java.lang.String, java.lang.String)[pri:0, instance:com.tests.addresslinks.DestroyLinkTests@10b48321]" started-at="2021-04-05T15:18:49 IST" name="destroyLink" data-provider="editData" finished-at="2021-04-05T15:18:56 IST" duration-ms="6466" status="PASS">
          <params>
            <param index="0">
              <value>
                <![CDATA[fazal2234@yahoo.com]]>
              </value>
            </param>
            <param index="1">
              <value>
                <![CDATA[12Fazal]]>
              </value>
            </param>
          </params>
          <reporter-output>
          </reporter-output>
        </test-method> <!-- destroyLink -->
        <test-method is-config="true" signature="tearDown(org.testng.ITestResult)[pri:0, instance:com.tests.addresslinks.DestroyLinkTests@10b48321]" started-at="2021-04-05T15:18:56 IST" name="tearDown" finished-at="2021-04-05T15:18:57 IST" duration-ms="1828" status="PASS">
          <params>
            <param index="0">
              <value>
                <![CDATA[[TestResult name=destroyLink status=SUCCESS method=DestroyLinkTests.destroyLink(java.lang.String, java.lang.String)[pri:0, instance:com.tests.addresslinks.DestroyLinkTests@10b48321] output={null}]]]>
              </value>
            </param>
          </params>
          <reporter-output>
          </reporter-output>
        </test-method> <!-- tearDown -->
        <test-method is-config="true" signature="beforeMethod()[pri:0, instance:com.tests.addresslinks.DestroyLinkTests@10b48321]" started-at="2021-04-05T15:18:57 IST" name="beforeMethod" finished-at="2021-04-05T15:19:01 IST" duration-ms="3898" status="PASS">
          <reporter-output>
          </reporter-output>
        </test-method> <!-- beforeMethod -->
        <test-method signature="destroyLink(java.lang.String, java.lang.String)[pri:0, instance:com.tests.addresslinks.DestroyLinkTests@10b48321]" started-at="2021-04-05T15:19:01 IST" name="destroyLink" data-provider="editData" finished-at="2021-04-05T15:19:08 IST" duration-ms="6196" status="PASS">
          <params>
            <param index="0">
              <value>
                <![CDATA[muskandureja1984@gmail.com]]>
              </value>
            </param>
            <param index="1">
              <value>
                <![CDATA[muskan@1223]]>
              </value>
            </param>
          </params>
          <reporter-output>
          </reporter-output>
        </test-method> <!-- destroyLink -->
        <test-method is-config="true" signature="tearDown(org.testng.ITestResult)[pri:0, instance:com.tests.addresslinks.DestroyLinkTests@10b48321]" started-at="2021-04-05T15:19:08 IST" name="tearDown" finished-at="2021-04-05T15:19:09 IST" duration-ms="1455" status="PASS">
          <params>
            <param index="0">
              <value>
                <![CDATA[[TestResult name=destroyLink status=SUCCESS method=DestroyLinkTests.destroyLink(java.lang.String, java.lang.String)[pri:0, instance:com.tests.addresslinks.DestroyLinkTests@10b48321] output={null}]]]>
              </value>
            </param>
          </params>
          <reporter-output>
          </reporter-output>
        </test-method> <!-- tearDown -->
        <test-method is-config="true" signature="beforeMethod()[pri:0, instance:com.tests.addresslinks.DestroyLinkTests@10b48321]" started-at="2021-04-05T15:19:09 IST" name="beforeMethod" finished-at="2021-04-05T15:19:13 IST" duration-ms="3870" status="PASS">
          <reporter-output>
          </reporter-output>
        </test-method> <!-- beforeMethod -->
        <test-method signature="destroyLink(java.lang.String, java.lang.String)[pri:0, instance:com.tests.addresslinks.DestroyLinkTests@10b48321]" started-at="2021-04-05T15:19:13 IST" name="destroyLink" data-provider="editData" finished-at="2021-04-05T15:19:19 IST" duration-ms="6268" status="PASS">
          <params>
            <param index="0">
              <value>
                <![CDATA[13jhamb134@gmail.com]]>
              </value>
            </param>
            <param index="1">
              <value>
                <![CDATA[muskan&12]]>
              </value>
            </param>
          </params>
          <reporter-output>
          </reporter-output>
        </test-method> <!-- destroyLink -->
        <test-method is-config="true" signature="tearDown(org.testng.ITestResult)[pri:0, instance:com.tests.addresslinks.DestroyLinkTests@10b48321]" started-at="2021-04-05T15:19:19 IST" name="tearDown" finished-at="2021-04-05T15:19:21 IST" duration-ms="1680" status="PASS">
          <params>
            <param index="0">
              <value>
                <![CDATA[[TestResult name=destroyLink status=SUCCESS method=DestroyLinkTests.destroyLink(java.lang.String, java.lang.String)[pri:0, instance:com.tests.addresslinks.DestroyLinkTests@10b48321] output={null}]]]>
              </value>
            </param>
          </params>
          <reporter-output>
          </reporter-output>
        </test-method> <!-- tearDown -->
        <test-method is-config="true" signature="beforeMethod()[pri:0, instance:com.tests.addresslinks.DestroyLinkTests@10b48321]" started-at="2021-04-05T15:19:21 IST" name="beforeMethod" finished-at="2021-04-05T15:19:25 IST" duration-ms="3991" status="PASS">
          <reporter-output>
          </reporter-output>
        </test-method> <!-- beforeMethod -->
        <test-method signature="destroyLink(java.lang.String, java.lang.String)[pri:0, instance:com.tests.addresslinks.DestroyLinkTests@10b48321]" started-at="2021-04-05T15:19:25 IST" name="destroyLink" data-provider="editData" finished-at="2021-04-05T15:19:31 IST" duration-ms="6671" status="PASS">
          <params>
            <param index="0">
              <value>
                <![CDATA[kaushal1234@gmail.com]]>
              </value>
            </param>
            <param index="1">
              <value>
                <![CDATA[kaushal!12]]>
              </value>
            </param>
          </params>
          <reporter-output>
          </reporter-output>
        </test-method> <!-- destroyLink -->
        <test-method is-config="true" signature="tearDown(org.testng.ITestResult)[pri:0, instance:com.tests.addresslinks.DestroyLinkTests@10b48321]" started-at="2021-04-05T15:19:31 IST" name="tearDown" finished-at="2021-04-05T15:19:33 IST" duration-ms="1470" status="PASS">
          <params>
            <param index="0">
              <value>
                <![CDATA[[TestResult name=destroyLink status=SUCCESS method=DestroyLinkTests.destroyLink(java.lang.String, java.lang.String)[pri:0, instance:com.tests.addresslinks.DestroyLinkTests@10b48321] output={null}]]]>
              </value>
            </param>
          </params>
          <reporter-output>
          </reporter-output>
        </test-method> <!-- tearDown -->
        <test-method is-config="true" signature="beforeMethod()[pri:0, instance:com.tests.addresslinks.DestroyLinkTests@10b48321]" started-at="2021-04-05T15:19:33 IST" name="beforeMethod" finished-at="2021-04-05T15:19:37 IST" duration-ms="3900" status="PASS">
          <reporter-output>
          </reporter-output>
        </test-method> <!-- beforeMethod -->
        <test-method signature="destroyLink(java.lang.String, java.lang.String)[pri:0, instance:com.tests.addresslinks.DestroyLinkTests@10b48321]" started-at="2021-04-05T15:19:37 IST" name="destroyLink" data-provider="editData" finished-at="2021-04-05T15:19:43 IST" duration-ms="6533" status="PASS">
          <params>
            <param index="0">
              <value>
                <![CDATA[amisha1234@yahoo.com]]>
              </value>
            </param>
            <param index="1">
              <value>
                <![CDATA[12345]]>
              </value>
            </param>
          </params>
          <reporter-output>
          </reporter-output>
        </test-method> <!-- destroyLink -->
        <test-method is-config="true" signature="tearDown(org.testng.ITestResult)[pri:0, instance:com.tests.addresslinks.DestroyLinkTests@10b48321]" started-at="2021-04-05T15:19:43 IST" name="tearDown" finished-at="2021-04-05T15:19:45 IST" duration-ms="1405" status="PASS">
          <params>
            <param index="0">
              <value>
                <![CDATA[[TestResult name=destroyLink status=SUCCESS method=DestroyLinkTests.destroyLink(java.lang.String, java.lang.String)[pri:0, instance:com.tests.addresslinks.DestroyLinkTests@10b48321] output={null}]]]>
              </value>
            </param>
          </params>
          <reporter-output>
          </reporter-output>
        </test-method> <!-- tearDown -->
        <test-method is-config="true" signature="beforeMethod()[pri:0, instance:com.tests.addresslinks.DestroyLinkTests@10b48321]" started-at="2021-04-05T15:19:45 IST" name="beforeMethod" finished-at="2021-04-05T15:19:49 IST" duration-ms="3920" status="PASS">
          <reporter-output>
          </reporter-output>
        </test-method> <!-- beforeMethod -->
        <test-method signature="destroyLink(java.lang.String, java.lang.String)[pri:0, instance:com.tests.addresslinks.DestroyLinkTests@10b48321]" started-at="2021-04-05T15:19:49 IST" name="destroyLink" data-provider="editData" finished-at="2021-04-05T15:19:55 IST" duration-ms="6436" status="PASS">
          <params>
            <param index="0">
              <value>
                <![CDATA[harsimran394@gmail.com]]>
              </value>
            </param>
            <param index="1">
              <value>
                <![CDATA[harsimran12]]>
              </value>
            </param>
          </params>
          <reporter-output>
          </reporter-output>
        </test-method> <!-- destroyLink -->
        <test-method is-config="true" signature="tearDown(org.testng.ITestResult)[pri:0, instance:com.tests.addresslinks.DestroyLinkTests@10b48321]" started-at="2021-04-05T15:19:55 IST" name="tearDown" finished-at="2021-04-05T15:19:57 IST" duration-ms="1534" status="PASS">
          <params>
            <param index="0">
              <value>
                <![CDATA[[TestResult name=destroyLink status=SUCCESS method=DestroyLinkTests.destroyLink(java.lang.String, java.lang.String)[pri:0, instance:com.tests.addresslinks.DestroyLinkTests@10b48321] output={null}]]]>
              </value>
            </param>
          </params>
          <reporter-output>
          </reporter-output>
        </test-method> <!-- tearDown -->
        <test-method is-config="true" signature="beforeMethod()[pri:0, instance:com.tests.addresslinks.DestroyLinkTests@10b48321]" started-at="2021-04-05T15:19:57 IST" name="beforeMethod" finished-at="2021-04-05T15:20:02 IST" duration-ms="5473" status="PASS">
          <reporter-output>
          </reporter-output>
        </test-method> <!-- beforeMethod -->
        <test-method signature="destroyLink(java.lang.String, java.lang.String)[pri:0, instance:com.tests.addresslinks.DestroyLinkTests@10b48321]" started-at="2021-04-05T15:20:02 IST" name="destroyLink" data-provider="editData" finished-at="2021-04-05T15:20:03 IST" duration-ms="1014" status="FAIL">
          <params>
            <param index="0">
              <value>
                <![CDATA[]]>
              </value>
            </param>
            <param index="1">
              <value>
                <![CDATA[]]>
              </value>
            </param>
          </params>
          <exception class="java.lang.AssertionError">
            <message>
              <![CDATA[expected [http://a.testaddressbook.com/] but found [http://a.testaddressbook.com/session]]]>
            </message>
            <full-stacktrace>
              <![CDATA[java.lang.AssertionError: expected [http://a.testaddressbook.com/] but found [http://a.testaddressbook.com/session]
at org.testng.Assert.fail(Assert.java:97)
at org.testng.Assert.assertEqualsImpl(Assert.java:136)
at org.testng.Assert.assertEquals(Assert.java:118)
at org.testng.Assert.assertEquals(Assert.java:575)
at org.testng.Assert.assertEquals(Assert.java:585)
at com.tests.addresslinks.DestroyLinkTests.destroyLink(DestroyLinkTests.java:25)
at java.base/jdk.internal.reflect.NativeMethodAccessorImpl.invoke0(Native Method)
at java.base/jdk.internal.reflect.NativeMethodAccessorImpl.invoke(NativeMethodAccessorImpl.java:62)
at java.base/jdk.internal.reflect.DelegatingMethodAccessorImpl.invoke(DelegatingMethodAccessorImpl.java:43)
at java.base/java.lang.reflect.Method.invoke(Method.java:567)
at org.testng.internal.MethodInvocationHelper.invokeMethod(MethodInvocationHelper.java:134)
at org.testng.internal.TestInvoker.invokeMethod(TestInvoker.java:597)
at org.testng.internal.TestInvoker.invokeTestMethod(TestInvoker.java:173)
at org.testng.internal.MethodRunner.runInSequence(MethodRunner.java:46)
at org.testng.internal.TestInvoker$MethodInvocationAgent.invoke(TestInvoker.java:816)
at org.testng.internal.TestInvoker.invokeTestMethods(TestInvoker.java:146)
at org.testng.internal.TestMethodWorker.invokeTestMethods(TestMethodWorker.java:146)
at org.testng.internal.TestMethodWorker.run(TestMethodWorker.java:128)
at java.base/java.util.ArrayList.forEach(ArrayList.java:1507)
at org.testng.TestRunner.privateRun(TestRunner.java:766)
at org.testng.TestRunner.run(TestRunner.java:587)
at org.testng.SuiteRunner.runTest(SuiteRunner.java:384)
at org.testng.SuiteRunner.runSequentially(SuiteRunner.java:378)
at org.testng.SuiteRunner.privateRun(SuiteRunner.java:337)
at org.testng.SuiteRunner.run(SuiteRunner.java:286)
at org.testng.SuiteRunnerWorker.runSuite(SuiteRunnerWorker.java:53)
at org.testng.SuiteRunnerWorker.run(SuiteRunnerWorker.java:96)
at org.testng.TestNG.runSuitesSequentially(TestNG.java:1187)
at org.testng.TestNG.runSuitesLocally(TestNG.java:1109)
at org.testng.TestNG.runSuites(TestNG.java:1039)
at org.testng.TestNG.run(TestNG.java:1007)
at org.apache.maven.surefire.testng.TestNGExecutor.run(TestNGExecutor.java:135)
at org.apache.maven.surefire.testng.TestNGDirectoryTestSuite.executeMulti(TestNGDirectoryTestSuite.java:193)
at org.apache.maven.surefire.testng.TestNGDirectoryTestSuite.execute(TestNGDirectoryTestSuite.java:94)
at org.apache.maven.surefire.testng.TestNGProvider.invoke(TestNGProvider.java:146)
at org.apache.maven.surefire.booter.ForkedBooter.invokeProviderInSameClassLoader(ForkedBooter.java:384)
at org.apache.maven.surefire.booter.ForkedBooter.runSuitesInProcess(ForkedBooter.java:345)
at org.apache.maven.surefire.booter.ForkedBooter.execute(ForkedBooter.java:126)
at org.apache.maven.surefire.booter.ForkedBooter.main(ForkedBooter.java:418)
]]>
            </full-stacktrace>
          </exception> <!-- java.lang.AssertionError -->
          <reporter-output>
          </reporter-output>
        </test-method> <!-- destroyLink -->
        <test-method is-config="true" signature="tearDown(org.testng.ITestResult)[pri:0, instance:com.tests.addresslinks.DestroyLinkTests@10b48321]" started-at="2021-04-05T15:20:03 IST" name="tearDown" finished-at="2021-04-05T15:20:07 IST" duration-ms="3418" status="PASS">
          <params>
            <param index="0">
              <value>
                <![CDATA[[TestResult name=destroyLink status=FAILURE method=DestroyLinkTests.destroyLink(java.lang.String, java.lang.String)[pri:0, instance:com.tests.addresslinks.DestroyLinkTests@10b48321] output={null}]]]>
              </value>
            </param>
          </params>
          <reporter-output>
          </reporter-output>
        </test-method> <!-- tearDown -->
        <test-method is-config="true" signature="afterClass()[pri:0, instance:com.tests.addresslinks.DestroyLinkTests@10b48321]" started-at="2021-04-05T15:20:07 IST" name="afterClass" finished-at="2021-04-05T15:20:07 IST" duration-ms="0" status="PASS">
          <reporter-output>
          </reporter-output>
        </test-method> <!-- afterClass -->
      </class> <!-- com.tests.addresslinks.DestroyLinkTests -->
      <class name="com.tests.registration.SignInTests">
        <test-method is-config="true" signature="beforeClass()[pri:0, instance:com.tests.registration.SignInTests@453da22c]" started-at="2021-04-05T15:22:10 IST" name="beforeClass" finished-at="2021-04-05T15:22:10 IST" duration-ms="0" status="PASS">
          <reporter-output>
          </reporter-output>
        </test-method> <!-- beforeClass -->
        <test-method is-config="true" signature="beforeMethod()[pri:0, instance:com.tests.registration.SignInTests@453da22c]" started-at="2021-04-05T15:22:10 IST" name="beforeMethod" finished-at="2021-04-05T15:22:15 IST" duration-ms="5184" status="PASS">
          <reporter-output>
          </reporter-output>
        </test-method> <!-- beforeMethod -->
        <test-method signature="signInTest(java.lang.String, java.lang.String)[pri:0, instance:com.tests.registration.SignInTests@453da22c]" started-at="2021-04-05T15:22:15 IST" name="signInTest" data-provider="signUp" finished-at="2021-04-05T15:22:26 IST" duration-ms="10925" status="PASS">
          <params>
            <param index="0">
              <value>
                <![CDATA[amrita2234@gmail.com]]>
              </value>
            </param>
            <param index="1">
              <value>
                <![CDATA[amrita12]]>
              </value>
            </param>
          </params>
          <reporter-output>
          </reporter-output>
        </test-method> <!-- signInTest -->
        <test-method is-config="true" signature="tearDown(org.testng.ITestResult)[pri:0, instance:com.tests.registration.SignInTests@453da22c]" started-at="2021-04-05T15:22:26 IST" name="tearDown" finished-at="2021-04-05T15:22:28 IST" duration-ms="1795" status="PASS">
          <params>
            <param index="0">
              <value>
                <![CDATA[[TestResult name=signInTest status=SUCCESS method=SignInTests.signInTest(java.lang.String, java.lang.String)[pri:0, instance:com.tests.registration.SignInTests@453da22c] output={null}]]]>
              </value>
            </param>
          </params>
          <reporter-output>
          </reporter-output>
        </test-method> <!-- tearDown -->
        <test-method is-config="true" signature="beforeMethod()[pri:0, instance:com.tests.registration.SignInTests@453da22c]" started-at="2021-04-05T15:22:28 IST" name="beforeMethod" finished-at="2021-04-05T15:22:32 IST" duration-ms="3799" status="PASS">
          <reporter-output>
          </reporter-output>
        </test-method> <!-- beforeMethod -->
        <test-method signature="signInTest(java.lang.String, java.lang.String)[pri:0, instance:com.tests.registration.SignInTests@453da22c]" started-at="2021-04-05T15:22:32 IST" name="signInTest" data-provider="signUp" finished-at="2021-04-05T15:22:43 IST" duration-ms="10781" status="PASS">
          <params>
            <param index="0">
              <value>
                <![CDATA[fazal2234@yahoo.com]]>
              </value>
            </param>
            <param index="1">
              <value>
                <![CDATA[12Fazal]]>
              </value>
            </param>
          </params>
          <reporter-output>
          </reporter-output>
        </test-method> <!-- signInTest -->
        <test-method is-config="true" signature="tearDown(org.testng.ITestResult)[pri:0, instance:com.tests.registration.SignInTests@453da22c]" started-at="2021-04-05T15:22:43 IST" name="tearDown" finished-at="2021-04-05T15:22:44 IST" duration-ms="1657" status="PASS">
          <params>
            <param index="0">
              <value>
                <![CDATA[[TestResult name=signInTest status=SUCCESS method=SignInTests.signInTest(java.lang.String, java.lang.String)[pri:0, instance:com.tests.registration.SignInTests@453da22c] output={null}]]]>
              </value>
            </param>
          </params>
          <reporter-output>
          </reporter-output>
        </test-method> <!-- tearDown -->
        <test-method is-config="true" signature="beforeMethod()[pri:0, instance:com.tests.registration.SignInTests@453da22c]" started-at="2021-04-05T15:22:44 IST" name="beforeMethod" finished-at="2021-04-05T15:22:49 IST" duration-ms="4868" status="PASS">
          <reporter-output>
          </reporter-output>
        </test-method> <!-- beforeMethod -->
        <test-method signature="signInTest(java.lang.String, java.lang.String)[pri:0, instance:com.tests.registration.SignInTests@453da22c]" started-at="2021-04-05T15:22:49 IST" name="signInTest" data-provider="signUp" finished-at="2021-04-05T15:23:00 IST" duration-ms="11313" status="PASS">
          <params>
            <param index="0">
              <value>
                <![CDATA[muskandureja1984@gmail.com]]>
              </value>
            </param>
            <param index="1">
              <value>
                <![CDATA[muskan@1223]]>
              </value>
            </param>
          </params>
          <reporter-output>
          </reporter-output>
        </test-method> <!-- signInTest -->
        <test-method is-config="true" signature="tearDown(org.testng.ITestResult)[pri:0, instance:com.tests.registration.SignInTests@453da22c]" started-at="2021-04-05T15:23:00 IST" name="tearDown" finished-at="2021-04-05T15:23:02 IST" duration-ms="1509" status="PASS">
          <params>
            <param index="0">
              <value>
                <![CDATA[[TestResult name=signInTest status=SUCCESS method=SignInTests.signInTest(java.lang.String, java.lang.String)[pri:0, instance:com.tests.registration.SignInTests@453da22c] output={null}]]]>
              </value>
            </param>
          </params>
          <reporter-output>
          </reporter-output>
        </test-method> <!-- tearDown -->
        <test-method is-config="true" signature="beforeMethod()[pri:0, instance:com.tests.registration.SignInTests@453da22c]" started-at="2021-04-05T15:23:02 IST" name="beforeMethod" finished-at="2021-04-05T15:23:07 IST" duration-ms="5217" status="PASS">
          <reporter-output>
          </reporter-output>
        </test-method> <!-- beforeMethod -->
        <test-method signature="signInTest(java.lang.String, java.lang.String)[pri:0, instance:com.tests.registration.SignInTests@453da22c]" started-at="2021-04-05T15:23:07 IST" name="signInTest" data-provider="signUp" finished-at="2021-04-05T15:23:18 IST" duration-ms="10806" status="PASS">
          <params>
            <param index="0">
              <value>
                <![CDATA[13jhamb134@gmail.com]]>
              </value>
            </param>
            <param index="1">
              <value>
                <![CDATA[muskan&12]]>
              </value>
            </param>
          </params>
          <reporter-output>
          </reporter-output>
        </test-method> <!-- signInTest -->
        <test-method is-config="true" signature="tearDown(org.testng.ITestResult)[pri:0, instance:com.tests.registration.SignInTests@453da22c]" started-at="2021-04-05T15:23:18 IST" name="tearDown" finished-at="2021-04-05T15:23:19 IST" duration-ms="1351" status="PASS">
          <params>
            <param index="0">
              <value>
                <![CDATA[[TestResult name=signInTest status=SUCCESS method=SignInTests.signInTest(java.lang.String, java.lang.String)[pri:0, instance:com.tests.registration.SignInTests@453da22c] output={null}]]]>
              </value>
            </param>
          </params>
          <reporter-output>
          </reporter-output>
        </test-method> <!-- tearDown -->
        <test-method is-config="true" signature="beforeMethod()[pri:0, instance:com.tests.registration.SignInTests@453da22c]" started-at="2021-04-05T15:23:19 IST" name="beforeMethod" finished-at="2021-04-05T15:23:24 IST" duration-ms="4476" status="PASS">
          <reporter-output>
          </reporter-output>
        </test-method> <!-- beforeMethod -->
        <test-method signature="signInTest(java.lang.String, java.lang.String)[pri:0, instance:com.tests.registration.SignInTests@453da22c]" started-at="2021-04-05T15:23:24 IST" name="signInTest" data-provider="signUp" finished-at="2021-04-05T15:23:35 IST" duration-ms="10792" status="PASS">
          <params>
            <param index="0">
              <value>
                <![CDATA[kaushal1234@gmail.com]]>
              </value>
            </param>
            <param index="1">
              <value>
                <![CDATA[kaushal!12]]>
              </value>
            </param>
          </params>
          <reporter-output>
          </reporter-output>
        </test-method> <!-- signInTest -->
        <test-method is-config="true" signature="tearDown(org.testng.ITestResult)[pri:0, instance:com.tests.registration.SignInTests@453da22c]" started-at="2021-04-05T15:23:35 IST" name="tearDown" finished-at="2021-04-05T15:23:36 IST" duration-ms="1429" status="PASS">
          <params>
            <param index="0">
              <value>
                <![CDATA[[TestResult name=signInTest status=SUCCESS method=SignInTests.signInTest(java.lang.String, java.lang.String)[pri:0, instance:com.tests.registration.SignInTests@453da22c] output={null}]]]>
              </value>
            </param>
          </params>
          <reporter-output>
          </reporter-output>
        </test-method> <!-- tearDown -->
        <test-method is-config="true" signature="beforeMethod()[pri:0, instance:com.tests.registration.SignInTests@453da22c]" started-at="2021-04-05T15:23:36 IST" name="beforeMethod" finished-at="2021-04-05T15:23:40 IST" duration-ms="3948" status="PASS">
          <reporter-output>
          </reporter-output>
        </test-method> <!-- beforeMethod -->
        <test-method signature="signInTest(java.lang.String, java.lang.String)[pri:0, instance:com.tests.registration.SignInTests@453da22c]" started-at="2021-04-05T15:23:40 IST" name="signInTest" data-provider="signUp" finished-at="2021-04-05T15:23:50 IST" duration-ms="10175" status="PASS">
          <params>
            <param index="0">
              <value>
                <![CDATA[amisha1234@yahoo.com]]>
              </value>
            </param>
            <param index="1">
              <value>
                <![CDATA[12345]]>
              </value>
            </param>
          </params>
          <reporter-output>
          </reporter-output>
        </test-method> <!-- signInTest -->
        <test-method is-config="true" signature="tearDown(org.testng.ITestResult)[pri:0, instance:com.tests.registration.SignInTests@453da22c]" started-at="2021-04-05T15:23:50 IST" name="tearDown" finished-at="2021-04-05T15:23:52 IST" duration-ms="1585" status="PASS">
          <params>
            <param index="0">
              <value>
                <![CDATA[[TestResult name=signInTest status=SUCCESS method=SignInTests.signInTest(java.lang.String, java.lang.String)[pri:0, instance:com.tests.registration.SignInTests@453da22c] output={null}]]]>
              </value>
            </param>
          </params>
          <reporter-output>
          </reporter-output>
        </test-method> <!-- tearDown -->
        <test-method is-config="true" signature="beforeMethod()[pri:0, instance:com.tests.registration.SignInTests@453da22c]" started-at="2021-04-05T15:23:52 IST" name="beforeMethod" finished-at="2021-04-05T15:23:57 IST" duration-ms="5333" status="PASS">
          <reporter-output>
          </reporter-output>
        </test-method> <!-- beforeMethod -->
        <test-method signature="signInTest(java.lang.String, java.lang.String)[pri:0, instance:com.tests.registration.SignInTests@453da22c]" started-at="2021-04-05T15:23:57 IST" name="signInTest" data-provider="signUp" finished-at="2021-04-05T15:24:07 IST" duration-ms="10321" status="PASS">
          <params>
            <param index="0">
              <value>
                <![CDATA[harsimran394@gmail.com]]>
              </value>
            </param>
            <param index="1">
              <value>
                <![CDATA[harsimran12]]>
              </value>
            </param>
          </params>
          <reporter-output>
          </reporter-output>
        </test-method> <!-- signInTest -->
        <test-method is-config="true" signature="tearDown(org.testng.ITestResult)[pri:0, instance:com.tests.registration.SignInTests@453da22c]" started-at="2021-04-05T15:24:07 IST" name="tearDown" finished-at="2021-04-05T15:24:09 IST" duration-ms="2126" status="PASS">
          <params>
            <param index="0">
              <value>
                <![CDATA[[TestResult name=signInTest status=SUCCESS method=SignInTests.signInTest(java.lang.String, java.lang.String)[pri:0, instance:com.tests.registration.SignInTests@453da22c] output={null}]]]>
              </value>
            </param>
          </params>
          <reporter-output>
          </reporter-output>
        </test-method> <!-- tearDown -->
        <test-method is-config="true" signature="beforeMethod()[pri:0, instance:com.tests.registration.SignInTests@453da22c]" started-at="2021-04-05T15:24:09 IST" name="beforeMethod" finished-at="2021-04-05T15:24:15 IST" duration-ms="5363" status="PASS">
          <reporter-output>
          </reporter-output>
        </test-method> <!-- beforeMethod -->
        <test-method signature="signInTest(java.lang.String, java.lang.String)[pri:0, instance:com.tests.registration.SignInTests@453da22c]" started-at="2021-04-05T15:24:15 IST" name="signInTest" data-provider="signUp" finished-at="2021-04-05T15:24:25 IST" duration-ms="10561" status="PASS">
          <params>
            <param index="0">
              <value>
                <![CDATA[ridhi@gmail.com]]>
              </value>
            </param>
            <param index="1">
              <value>
                <![CDATA[ridhi12kumar]]>
              </value>
            </param>
          </params>
          <reporter-output>
          </reporter-output>
        </test-method> <!-- signInTest -->
        <test-method is-config="true" signature="tearDown(org.testng.ITestResult)[pri:0, instance:com.tests.registration.SignInTests@453da22c]" started-at="2021-04-05T15:24:25 IST" name="tearDown" finished-at="2021-04-05T15:24:28 IST" duration-ms="2105" status="PASS">
          <params>
            <param index="0">
              <value>
                <![CDATA[[TestResult name=signInTest status=SUCCESS method=SignInTests.signInTest(java.lang.String, java.lang.String)[pri:0, instance:com.tests.registration.SignInTests@453da22c] output={null}]]]>
              </value>
            </param>
          </params>
          <reporter-output>
          </reporter-output>
        </test-method> <!-- tearDown -->
        <test-method is-config="true" signature="beforeMethod()[pri:0, instance:com.tests.registration.SignInTests@453da22c]" started-at="2021-04-05T15:24:28 IST" name="beforeMethod" finished-at="2021-04-05T15:24:31 IST" duration-ms="3640" status="PASS">
          <reporter-output>
          </reporter-output>
        </test-method> <!-- beforeMethod -->
        <test-method signature="signInTest(java.lang.String, java.lang.String)[pri:0, instance:com.tests.registration.SignInTests@453da22c]" started-at="2021-04-05T15:24:31 IST" name="signInTest" data-provider="signUp" finished-at="2021-04-05T15:24:42 IST" duration-ms="10381" status="PASS">
          <params>
            <param index="0">
              <value>
                <![CDATA[kumar23@yahoo.com]]>
              </value>
            </param>
            <param index="1">
              <value>
                <![CDATA[12kumar]]>
              </value>
            </param>
          </params>
          <reporter-output>
          </reporter-output>
        </test-method> <!-- signInTest -->
        <test-method is-config="true" signature="tearDown(org.testng.ITestResult)[pri:0, instance:com.tests.registration.SignInTests@453da22c]" started-at="2021-04-05T15:24:42 IST" name="tearDown" finished-at="2021-04-05T15:24:43 IST" duration-ms="1409" status="PASS">
          <params>
            <param index="0">
              <value>
                <![CDATA[[TestResult name=signInTest status=SUCCESS method=SignInTests.signInTest(java.lang.String, java.lang.String)[pri:0, instance:com.tests.registration.SignInTests@453da22c] output={null}]]]>
              </value>
            </param>
          </params>
          <reporter-output>
          </reporter-output>
        </test-method> <!-- tearDown -->
        <test-method is-config="true" signature="beforeMethod()[pri:0, instance:com.tests.registration.SignInTests@453da22c]" started-at="2021-04-05T15:24:43 IST" name="beforeMethod" finished-at="2021-04-05T15:24:47 IST" duration-ms="4099" status="PASS">
          <reporter-output>
          </reporter-output>
        </test-method> <!-- beforeMethod -->
        <test-method signature="signInTest(java.lang.String, java.lang.String)[pri:0, instance:com.tests.registration.SignInTests@453da22c]" started-at="2021-04-05T15:24:47 IST" name="signInTest" data-provider="signUp" finished-at="2021-04-05T15:24:51 IST" duration-ms="3547" status="PASS">
          <params>
            <param index="0">
              <value>
                <![CDATA[rohan198gmail.com]]>
              </value>
            </param>
            <param index="1">
              <value>
                <![CDATA[rohan@1223]]>
              </value>
            </param>
          </params>
          <reporter-output>
          </reporter-output>
        </test-method> <!-- signInTest -->
        <test-method is-config="true" signature="tearDown(org.testng.ITestResult)[pri:0, instance:com.tests.registration.SignInTests@453da22c]" started-at="2021-04-05T15:24:51 IST" name="tearDown" finished-at="2021-04-05T15:24:52 IST" duration-ms="1530" status="PASS">
          <params>
            <param index="0">
              <value>
                <![CDATA[[TestResult name=signInTest status=SUCCESS method=SignInTests.signInTest(java.lang.String, java.lang.String)[pri:0, instance:com.tests.registration.SignInTests@453da22c] output={null}]]]>
              </value>
            </param>
          </params>
          <reporter-output>
          </reporter-output>
        </test-method> <!-- tearDown -->
        <test-method is-config="true" signature="beforeMethod()[pri:0, instance:com.tests.registration.SignInTests@453da22c]" started-at="2021-04-05T15:24:52 IST" name="beforeMethod" finished-at="2021-04-05T15:24:56 IST" duration-ms="3573" status="PASS">
          <reporter-output>
          </reporter-output>
        </test-method> <!-- beforeMethod -->
        <test-method signature="signInTest(java.lang.String, java.lang.String)[pri:0, instance:com.tests.registration.SignInTests@453da22c]" started-at="2021-04-05T15:24:56 IST" name="signInTest" data-provider="signUp" finished-at="2021-04-05T15:25:06 IST" duration-ms="10784" status="PASS">
          <params>
            <param index="0">
              <value>
                <![CDATA[kumar23@yahoo.com]]>
              </value>
            </param>
            <param index="1">
              <value>
                <![CDATA[12kumar]]>
              </value>
            </param>
          </params>
          <reporter-output>
          </reporter-output>
        </test-method> <!-- signInTest -->
        <test-method is-config="true" signature="tearDown(org.testng.ITestResult)[pri:0, instance:com.tests.registration.SignInTests@453da22c]" started-at="2021-04-05T15:25:06 IST" name="tearDown" finished-at="2021-04-05T15:25:08 IST" duration-ms="1697" status="PASS">
          <params>
            <param index="0">
              <value>
                <![CDATA[[TestResult name=signInTest status=SUCCESS method=SignInTests.signInTest(java.lang.String, java.lang.String)[pri:0, instance:com.tests.registration.SignInTests@453da22c] output={null}]]]>
              </value>
            </param>
          </params>
          <reporter-output>
          </reporter-output>
        </test-method> <!-- tearDown -->
        <test-method is-config="true" signature="afterClass()[pri:0, instance:com.tests.registration.SignInTests@453da22c]" started-at="2021-04-05T15:25:08 IST" name="afterClass" finished-at="2021-04-05T15:25:08 IST" duration-ms="1" status="PASS">
          <reporter-output>
          </reporter-output>
        </test-method> <!-- afterClass -->
      </class> <!-- com.tests.registration.SignInTests -->
      <class name="com.tests.home.HomePageTests">
        <test-method is-config="true" signature="beforeClass()[pri:0, instance:com.tests.home.HomePageTests@16267862]" started-at="2021-04-05T15:22:04 IST" name="beforeClass" finished-at="2021-04-05T15:22:04 IST" duration-ms="0" status="PASS">
          <reporter-output>
          </reporter-output>
        </test-method> <!-- beforeClass -->
        <test-method is-config="true" signature="beforeMethod()[pri:0, instance:com.tests.home.HomePageTests@16267862]" started-at="2021-04-05T15:22:04 IST" name="beforeMethod" finished-at="2021-04-05T15:22:08 IST" duration-ms="4146" status="PASS">
          <reporter-output>
          </reporter-output>
        </test-method> <!-- beforeMethod -->
        <test-method signature="homeTest()[pri:0, instance:com.tests.home.HomePageTests@16267862]" started-at="2021-04-05T15:22:08 IST" name="homeTest" finished-at="2021-04-05T15:22:08 IST" duration-ms="114" status="PASS">
          <reporter-output>
          </reporter-output>
        </test-method> <!-- homeTest -->
        <test-method is-config="true" signature="tearDown(org.testng.ITestResult)[pri:0, instance:com.tests.home.HomePageTests@16267862]" started-at="2021-04-05T15:22:08 IST" name="tearDown" finished-at="2021-04-05T15:22:10 IST" duration-ms="2016" status="PASS">
          <params>
            <param index="0">
              <value>
                <![CDATA[[TestResult name=homeTest status=SUCCESS method=HomePageTests.homeTest()[pri:0, instance:com.tests.home.HomePageTests@16267862] output={null}]]]>
              </value>
            </param>
          </params>
          <reporter-output>
          </reporter-output>
        </test-method> <!-- tearDown -->
        <test-method is-config="true" signature="afterClass()[pri:0, instance:com.tests.home.HomePageTests@16267862]" started-at="2021-04-05T15:22:10 IST" name="afterClass" finished-at="2021-04-05T15:22:10 IST" duration-ms="1" status="PASS">
          <reporter-output>
          </reporter-output>
        </test-method> <!-- afterClass -->
      </class> <!-- com.tests.home.HomePageTests -->
      <class name="com.tests.registration.SignUpTests">
        <test-method is-config="true" signature="beforeClass()[pri:0, instance:com.tests.registration.SignUpTests@71248c21]" started-at="2021-04-05T15:25:08 IST" name="beforeClass" finished-at="2021-04-05T15:25:08 IST" duration-ms="0" status="PASS">
          <reporter-output>
          </reporter-output>
        </test-method> <!-- beforeClass -->
        <test-method is-config="true" signature="beforeMethod()[pri:0, instance:com.tests.registration.SignUpTests@71248c21]" started-at="2021-04-05T15:25:08 IST" name="beforeMethod" finished-at="2021-04-05T15:25:12 IST" duration-ms="3773" status="PASS">
          <reporter-output>
          </reporter-output>
        </test-method> <!-- beforeMethod -->
        <test-method signature="beforeSignUpTest()[pri:0, instance:com.tests.registration.SignUpTests@71248c21]" started-at="2021-04-05T15:25:12 IST" name="beforeSignUpTest" finished-at="2021-04-05T15:25:18 IST" duration-ms="6233" status="PASS">
          <reporter-output>
          </reporter-output>
        </test-method> <!-- beforeSignUpTest -->
        <test-method is-config="true" signature="tearDown(org.testng.ITestResult)[pri:0, instance:com.tests.registration.SignUpTests@71248c21]" started-at="2021-04-05T15:25:18 IST" name="tearDown" finished-at="2021-04-05T15:25:19 IST" duration-ms="1251" status="PASS">
          <params>
            <param index="0">
              <value>
                <![CDATA[[TestResult name=beforeSignUpTest status=SUCCESS method=SignUpTests.beforeSignUpTest()[pri:0, instance:com.tests.registration.SignUpTests@71248c21] output={null}]]]>
              </value>
            </param>
          </params>
          <reporter-output>
          </reporter-output>
        </test-method> <!-- tearDown -->
        <test-method is-config="true" signature="beforeMethod()[pri:0, instance:com.tests.registration.SignUpTests@71248c21]" started-at="2021-04-05T15:25:19 IST" name="beforeMethod" finished-at="2021-04-05T15:25:23 IST" duration-ms="3803" status="PASS">
          <reporter-output>
          </reporter-output>
        </test-method> <!-- beforeMethod -->
        <test-method signature="signUpTest(java.lang.String, java.lang.String)[pri:0, instance:com.tests.registration.SignUpTests@71248c21]" started-at="2021-04-05T15:25:23 IST" name="signUpTest" data-provider="signUp" finished-at="2021-04-05T15:25:29 IST" duration-ms="5452" status="PASS">
          <params>
            <param index="0">
              <value>
                <![CDATA[amrita2234@gmail.com]]>
              </value>
            </param>
            <param index="1">
              <value>
                <![CDATA[amrita12]]>
              </value>
            </param>
          </params>
          <reporter-output>
          </reporter-output>
        </test-method> <!-- signUpTest -->
        <test-method is-config="true" signature="tearDown(org.testng.ITestResult)[pri:0, instance:com.tests.registration.SignUpTests@71248c21]" started-at="2021-04-05T15:25:29 IST" name="tearDown" finished-at="2021-04-05T15:25:30 IST" duration-ms="1571" status="PASS">
          <params>
            <param index="0">
              <value>
                <![CDATA[[TestResult name=signUpTest status=SUCCESS method=SignUpTests.signUpTest(java.lang.String, java.lang.String)[pri:0, instance:com.tests.registration.SignUpTests@71248c21] output={null}]]]>
              </value>
            </param>
          </params>
          <reporter-output>
          </reporter-output>
        </test-method> <!-- tearDown -->
        <test-method is-config="true" signature="beforeMethod()[pri:0, instance:com.tests.registration.SignUpTests@71248c21]" started-at="2021-04-05T15:25:30 IST" name="beforeMethod" finished-at="2021-04-05T15:25:35 IST" duration-ms="4313" status="PASS">
          <reporter-output>
          </reporter-output>
        </test-method> <!-- beforeMethod -->
        <test-method signature="signUpTest(java.lang.String, java.lang.String)[pri:0, instance:com.tests.registration.SignUpTests@71248c21]" started-at="2021-04-05T15:25:35 IST" name="signUpTest" data-provider="signUp" finished-at="2021-04-05T15:25:40 IST" duration-ms="5364" status="PASS">
          <params>
            <param index="0">
              <value>
                <![CDATA[fazal2234@yahoo.com]]>
              </value>
            </param>
            <param index="1">
              <value>
                <![CDATA[12Fazal]]>
              </value>
            </param>
          </params>
          <reporter-output>
          </reporter-output>
        </test-method> <!-- signUpTest -->
        <test-method is-config="true" signature="tearDown(org.testng.ITestResult)[pri:0, instance:com.tests.registration.SignUpTests@71248c21]" started-at="2021-04-05T15:25:40 IST" name="tearDown" finished-at="2021-04-05T15:25:42 IST" duration-ms="1548" status="PASS">
          <params>
            <param index="0">
              <value>
                <![CDATA[[TestResult name=signUpTest status=SUCCESS method=SignUpTests.signUpTest(java.lang.String, java.lang.String)[pri:0, instance:com.tests.registration.SignUpTests@71248c21] output={null}]]]>
              </value>
            </param>
          </params>
          <reporter-output>
          </reporter-output>
        </test-method> <!-- tearDown -->
        <test-method is-config="true" signature="beforeMethod()[pri:0, instance:com.tests.registration.SignUpTests@71248c21]" started-at="2021-04-05T15:25:42 IST" name="beforeMethod" finished-at="2021-04-05T15:25:46 IST" duration-ms="3984" status="PASS">
          <reporter-output>
          </reporter-output>
        </test-method> <!-- beforeMethod -->
        <test-method signature="signUpTest(java.lang.String, java.lang.String)[pri:0, instance:com.tests.registration.SignUpTests@71248c21]" started-at="2021-04-05T15:25:46 IST" name="signUpTest" data-provider="signUp" finished-at="2021-04-05T15:25:51 IST" duration-ms="5531" status="PASS">
          <params>
            <param index="0">
              <value>
                <![CDATA[muskandureja1984@gmail.com]]>
              </value>
            </param>
            <param index="1">
              <value>
                <![CDATA[muskan@1223]]>
              </value>
            </param>
          </params>
          <reporter-output>
          </reporter-output>
        </test-method> <!-- signUpTest -->
        <test-method is-config="true" signature="tearDown(org.testng.ITestResult)[pri:0, instance:com.tests.registration.SignUpTests@71248c21]" started-at="2021-04-05T15:25:51 IST" name="tearDown" finished-at="2021-04-05T15:25:52 IST" duration-ms="1432" status="PASS">
          <params>
            <param index="0">
              <value>
                <![CDATA[[TestResult name=signUpTest status=SUCCESS method=SignUpTests.signUpTest(java.lang.String, java.lang.String)[pri:0, instance:com.tests.registration.SignUpTests@71248c21] output={null}]]]>
              </value>
            </param>
          </params>
          <reporter-output>
          </reporter-output>
        </test-method> <!-- tearDown -->
        <test-method is-config="true" signature="beforeMethod()[pri:0, instance:com.tests.registration.SignUpTests@71248c21]" started-at="2021-04-05T15:25:52 IST" name="beforeMethod" finished-at="2021-04-05T15:25:57 IST" duration-ms="4177" status="PASS">
          <reporter-output>
          </reporter-output>
        </test-method> <!-- beforeMethod -->
        <test-method signature="signUpTest(java.lang.String, java.lang.String)[pri:0, instance:com.tests.registration.SignUpTests@71248c21]" started-at="2021-04-05T15:25:57 IST" name="signUpTest" data-provider="signUp" finished-at="2021-04-05T15:26:02 IST" duration-ms="5501" status="PASS">
          <params>
            <param index="0">
              <value>
                <![CDATA[13jhamb134@gmail.com]]>
              </value>
            </param>
            <param index="1">
              <value>
                <![CDATA[muskan&12]]>
              </value>
            </param>
          </params>
          <reporter-output>
          </reporter-output>
        </test-method> <!-- signUpTest -->
        <test-method is-config="true" signature="tearDown(org.testng.ITestResult)[pri:0, instance:com.tests.registration.SignUpTests@71248c21]" started-at="2021-04-05T15:26:02 IST" name="tearDown" finished-at="2021-04-05T15:26:04 IST" duration-ms="1345" status="PASS">
          <params>
            <param index="0">
              <value>
                <![CDATA[[TestResult name=signUpTest status=SUCCESS method=SignUpTests.signUpTest(java.lang.String, java.lang.String)[pri:0, instance:com.tests.registration.SignUpTests@71248c21] output={null}]]]>
              </value>
            </param>
          </params>
          <reporter-output>
          </reporter-output>
        </test-method> <!-- tearDown -->
        <test-method is-config="true" signature="beforeMethod()[pri:0, instance:com.tests.registration.SignUpTests@71248c21]" started-at="2021-04-05T15:26:04 IST" name="beforeMethod" finished-at="2021-04-05T15:26:07 IST" duration-ms="3640" status="PASS">
          <reporter-output>
          </reporter-output>
        </test-method> <!-- beforeMethod -->
        <test-method signature="signUpTest(java.lang.String, java.lang.String)[pri:0, instance:com.tests.registration.SignUpTests@71248c21]" started-at="2021-04-05T15:26:07 IST" name="signUpTest" data-provider="signUp" finished-at="2021-04-05T15:26:13 IST" duration-ms="5620" status="PASS">
          <params>
            <param index="0">
              <value>
                <![CDATA[kaushal1234@gmail.com]]>
              </value>
            </param>
            <param index="1">
              <value>
                <![CDATA[kaushal!12]]>
              </value>
            </param>
          </params>
          <reporter-output>
          </reporter-output>
        </test-method> <!-- signUpTest -->
        <test-method is-config="true" signature="tearDown(org.testng.ITestResult)[pri:0, instance:com.tests.registration.SignUpTests@71248c21]" started-at="2021-04-05T15:26:13 IST" name="tearDown" finished-at="2021-04-05T15:26:15 IST" duration-ms="1789" status="PASS">
          <params>
            <param index="0">
              <value>
                <![CDATA[[TestResult name=signUpTest status=SUCCESS method=SignUpTests.signUpTest(java.lang.String, java.lang.String)[pri:0, instance:com.tests.registration.SignUpTests@71248c21] output={null}]]]>
              </value>
            </param>
          </params>
          <reporter-output>
          </reporter-output>
        </test-method> <!-- tearDown -->
        <test-method is-config="true" signature="beforeMethod()[pri:0, instance:com.tests.registration.SignUpTests@71248c21]" started-at="2021-04-05T15:26:15 IST" name="beforeMethod" finished-at="2021-04-05T15:26:18 IST" duration-ms="3768" status="PASS">
          <reporter-output>
          </reporter-output>
        </test-method> <!-- beforeMethod -->
        <test-method signature="signUpTest(java.lang.String, java.lang.String)[pri:0, instance:com.tests.registration.SignUpTests@71248c21]" started-at="2021-04-05T15:26:18 IST" name="signUpTest" data-provider="signUp" finished-at="2021-04-05T15:26:24 IST" duration-ms="5390" status="PASS">
          <params>
            <param index="0">
              <value>
                <![CDATA[amisha1234@yahoo.com]]>
              </value>
            </param>
            <param index="1">
              <value>
                <![CDATA[12345]]>
              </value>
            </param>
          </params>
          <reporter-output>
          </reporter-output>
        </test-method> <!-- signUpTest -->
        <test-method is-config="true" signature="tearDown(org.testng.ITestResult)[pri:0, instance:com.tests.registration.SignUpTests@71248c21]" started-at="2021-04-05T15:26:24 IST" name="tearDown" finished-at="2021-04-05T15:26:25 IST" duration-ms="1765" status="PASS">
          <params>
            <param index="0">
              <value>
                <![CDATA[[TestResult name=signUpTest status=SUCCESS method=SignUpTests.signUpTest(java.lang.String, java.lang.String)[pri:0, instance:com.tests.registration.SignUpTests@71248c21] output={null}]]]>
              </value>
            </param>
          </params>
          <reporter-output>
          </reporter-output>
        </test-method> <!-- tearDown -->
        <test-method is-config="true" signature="beforeMethod()[pri:0, instance:com.tests.registration.SignUpTests@71248c21]" started-at="2021-04-05T15:26:25 IST" name="beforeMethod" finished-at="2021-04-05T15:26:30 IST" duration-ms="4928" status="PASS">
          <reporter-output>
          </reporter-output>
        </test-method> <!-- beforeMethod -->
        <test-method signature="signUpTest(java.lang.String, java.lang.String)[pri:0, instance:com.tests.registration.SignUpTests@71248c21]" started-at="2021-04-05T15:26:30 IST" name="signUpTest" data-provider="signUp" finished-at="2021-04-05T15:26:36 IST" duration-ms="5523" status="PASS">
          <params>
            <param index="0">
              <value>
                <![CDATA[harsimran394@gmail.com]]>
              </value>
            </param>
            <param index="1">
              <value>
                <![CDATA[harsimran12]]>
              </value>
            </param>
          </params>
          <reporter-output>
          </reporter-output>
        </test-method> <!-- signUpTest -->
        <test-method is-config="true" signature="tearDown(org.testng.ITestResult)[pri:0, instance:com.tests.registration.SignUpTests@71248c21]" started-at="2021-04-05T15:26:36 IST" name="tearDown" finished-at="2021-04-05T15:26:37 IST" duration-ms="1445" status="PASS">
          <params>
            <param index="0">
              <value>
                <![CDATA[[TestResult name=signUpTest status=SUCCESS method=SignUpTests.signUpTest(java.lang.String, java.lang.String)[pri:0, instance:com.tests.registration.SignUpTests@71248c21] output={null}]]]>
              </value>
            </param>
          </params>
          <reporter-output>
          </reporter-output>
        </test-method> <!-- tearDown -->
        <test-method is-config="true" signature="beforeMethod()[pri:0, instance:com.tests.registration.SignUpTests@71248c21]" started-at="2021-04-05T15:26:37 IST" name="beforeMethod" finished-at="2021-04-05T15:26:42 IST" duration-ms="4289" status="PASS">
          <reporter-output>
          </reporter-output>
        </test-method> <!-- beforeMethod -->
        <test-method signature="signUpTest(java.lang.String, java.lang.String)[pri:0, instance:com.tests.registration.SignUpTests@71248c21]" started-at="2021-04-05T15:26:42 IST" name="signUpTest" data-provider="signUp" finished-at="2021-04-05T15:26:47 IST" duration-ms="5306" status="PASS">
          <params>
            <param index="0">
              <value>
                <![CDATA[ridhi@gmail.com]]>
              </value>
            </param>
            <param index="1">
              <value>
                <![CDATA[ridhi12kumar]]>
              </value>
            </param>
          </params>
          <reporter-output>
          </reporter-output>
        </test-method> <!-- signUpTest -->
        <test-method is-config="true" signature="tearDown(org.testng.ITestResult)[pri:0, instance:com.tests.registration.SignUpTests@71248c21]" started-at="2021-04-05T15:26:47 IST" name="tearDown" finished-at="2021-04-05T15:26:48 IST" duration-ms="1420" status="PASS">
          <params>
            <param index="0">
              <value>
                <![CDATA[[TestResult name=signUpTest status=SUCCESS method=SignUpTests.signUpTest(java.lang.String, java.lang.String)[pri:0, instance:com.tests.registration.SignUpTests@71248c21] output={null}]]]>
              </value>
            </param>
          </params>
          <reporter-output>
          </reporter-output>
        </test-method> <!-- tearDown -->
        <test-method is-config="true" signature="beforeMethod()[pri:0, instance:com.tests.registration.SignUpTests@71248c21]" started-at="2021-04-05T15:26:48 IST" name="beforeMethod" finished-at="2021-04-05T15:26:53 IST" duration-ms="4149" status="PASS">
          <reporter-output>
          </reporter-output>
        </test-method> <!-- beforeMethod -->
        <test-method signature="signUpTest(java.lang.String, java.lang.String)[pri:0, instance:com.tests.registration.SignUpTests@71248c21]" started-at="2021-04-05T15:26:53 IST" name="signUpTest" data-provider="signUp" finished-at="2021-04-05T15:26:58 IST" duration-ms="5276" status="PASS">
          <params>
            <param index="0">
              <value>
                <![CDATA[kumar23@yahoo.com]]>
              </value>
            </param>
            <param index="1">
              <value>
                <![CDATA[12kumar]]>
              </value>
            </param>
          </params>
          <reporter-output>
          </reporter-output>
        </test-method> <!-- signUpTest -->
        <test-method is-config="true" signature="tearDown(org.testng.ITestResult)[pri:0, instance:com.tests.registration.SignUpTests@71248c21]" started-at="2021-04-05T15:26:58 IST" name="tearDown" finished-at="2021-04-05T15:26:59 IST" duration-ms="1393" status="PASS">
          <params>
            <param index="0">
              <value>
                <![CDATA[[TestResult name=signUpTest status=SUCCESS method=SignUpTests.signUpTest(java.lang.String, java.lang.String)[pri:0, instance:com.tests.registration.SignUpTests@71248c21] output={null}]]]>
              </value>
            </param>
          </params>
          <reporter-output>
          </reporter-output>
        </test-method> <!-- tearDown -->
        <test-method is-config="true" signature="beforeMethod()[pri:0, instance:com.tests.registration.SignUpTests@71248c21]" started-at="2021-04-05T15:26:59 IST" name="beforeMethod" finished-at="2021-04-05T15:27:04 IST" duration-ms="4611" status="PASS">
          <reporter-output>
          </reporter-output>
        </test-method> <!-- beforeMethod -->
        <test-method signature="signUpTest(java.lang.String, java.lang.String)[pri:0, instance:com.tests.registration.SignUpTests@71248c21]" started-at="2021-04-05T15:27:04 IST" name="signUpTest" data-provider="signUp" finished-at="2021-04-05T15:27:09 IST" duration-ms="4991" status="PASS">
          <params>
            <param index="0">
              <value>
                <![CDATA[rohan198gmail.com]]>
              </value>
            </param>
            <param index="1">
              <value>
                <![CDATA[rohan@1223]]>
              </value>
            </param>
          </params>
          <reporter-output>
          </reporter-output>
        </test-method> <!-- signUpTest -->
        <test-method is-config="true" signature="tearDown(org.testng.ITestResult)[pri:0, instance:com.tests.registration.SignUpTests@71248c21]" started-at="2021-04-05T15:27:09 IST" name="tearDown" finished-at="2021-04-05T15:27:10 IST" duration-ms="1349" status="PASS">
          <params>
            <param index="0">
              <value>
                <![CDATA[[TestResult name=signUpTest status=SUCCESS method=SignUpTests.signUpTest(java.lang.String, java.lang.String)[pri:0, instance:com.tests.registration.SignUpTests@71248c21] output={null}]]]>
              </value>
            </param>
          </params>
          <reporter-output>
          </reporter-output>
        </test-method> <!-- tearDown -->
        <test-method is-config="true" signature="beforeMethod()[pri:0, instance:com.tests.registration.SignUpTests@71248c21]" started-at="2021-04-05T15:27:10 IST" name="beforeMethod" finished-at="2021-04-05T15:27:20 IST" duration-ms="10019" status="PASS">
          <reporter-output>
          </reporter-output>
        </test-method> <!-- beforeMethod -->
        <test-method signature="signUpTest(java.lang.String, java.lang.String)[pri:0, instance:com.tests.registration.SignUpTests@71248c21]" started-at="2021-04-05T15:27:20 IST" name="signUpTest" data-provider="signUp" finished-at="2021-04-05T15:27:26 IST" duration-ms="5344" status="PASS">
          <params>
            <param index="0">
              <value>
                <![CDATA[kumar23@yahoo.com]]>
              </value>
            </param>
            <param index="1">
              <value>
                <![CDATA[12kumar]]>
              </value>
            </param>
          </params>
          <reporter-output>
          </reporter-output>
        </test-method> <!-- signUpTest -->
        <test-method is-config="true" signature="tearDown(org.testng.ITestResult)[pri:0, instance:com.tests.registration.SignUpTests@71248c21]" started-at="2021-04-05T15:27:26 IST" name="tearDown" finished-at="2021-04-05T15:27:27 IST" duration-ms="1517" status="PASS">
          <params>
            <param index="0">
              <value>
                <![CDATA[[TestResult name=signUpTest status=SUCCESS method=SignUpTests.signUpTest(java.lang.String, java.lang.String)[pri:0, instance:com.tests.registration.SignUpTests@71248c21] output={null}]]]>
              </value>
            </param>
          </params>
          <reporter-output>
          </reporter-output>
        </test-method> <!-- tearDown -->
        <test-method is-config="true" signature="afterClass()[pri:0, instance:com.tests.registration.SignUpTests@71248c21]" started-at="2021-04-05T15:27:27 IST" name="afterClass" finished-at="2021-04-05T15:27:27 IST" duration-ms="0" status="PASS">
          <reporter-output>
          </reporter-output>
        </test-method> <!-- afterClass -->
      </class> <!-- com.tests.registration.SignUpTests -->
      <class name="com.tests.addresses.AddressTests">
        <test-method is-config="true" signature="startup()[pri:0, instance:com.tests.addresses.AddressTests@12405818]" started-at="2021-04-05T15:14:31 IST" name="startup" finished-at="2021-04-05T15:14:31 IST" duration-ms="269" status="PASS">
          <reporter-output>
          </reporter-output>
        </test-method> <!-- startup -->
        <test-method is-config="true" signature="beforeTest()[pri:0, instance:com.tests.addresses.AddressTests@12405818]" started-at="2021-04-05T15:14:31 IST" name="beforeTest" finished-at="2021-04-05T15:14:31 IST" duration-ms="1" status="PASS">
          <reporter-output>
          </reporter-output>
        </test-method> <!-- beforeTest -->
        <test-method is-config="true" signature="beforeClass()[pri:0, instance:com.tests.addresses.AddressTests@12405818]" started-at="2021-04-05T15:14:31 IST" name="beforeClass" finished-at="2021-04-05T15:14:31 IST" duration-ms="0" status="PASS">
          <reporter-output>
          </reporter-output>
        </test-method> <!-- beforeClass -->
        <test-method is-config="true" signature="beforeMethod()[pri:0, instance:com.tests.addresses.AddressTests@12405818]" started-at="2021-04-05T15:14:33 IST" name="beforeMethod" finished-at="2021-04-05T15:14:40 IST" duration-ms="6687" status="PASS">
          <reporter-output>
          </reporter-output>
        </test-method> <!-- beforeMethod -->
        <test-method signature="addressFormsTest(java.lang.String, java.lang.String, java.lang.String, java.lang.String, java.lang.String, java.lang.String, java.lang.String, java.lang.String, java.lang.String, java.lang.String, java.lang.String, java.lang.String, java.lang.String, java.lang.String)[pri:0, instance:com.tests.addresses.AddressTests@12405818]" started-at="2021-04-05T15:14:40 IST" name="addressFormsTest" data-provider="data" finished-at="2021-04-05T15:14:51 IST" duration-ms="11776" status="PASS">
          <params>
            <param index="0">
              <value>
                <![CDATA[amrita2234@gmail.com]]>
              </value>
            </param>
            <param index="1">
              <value>
                <![CDATA[amrita12]]>
              </value>
            </param>
            <param index="2">
              <value>
                <![CDATA[amrita]]>
              </value>
            </param>
            <param index="3">
              <value>
                <![CDATA[kaur]]>
              </value>
            </param>
            <param index="4">
              <value>
                <![CDATA[H.124]]>
              </value>
            </param>
            <param index="5">
              <value>
                <![CDATA[yamunanagar]]>
              </value>
            </param>
            <param index="6">
              <value>
                <![CDATA[Karnal]]>
              </value>
            </param>
            <param index="7">
              <value>
                <![CDATA[AZ]]>
              </value>
            </param>
            <param index="8">
              <value>
                <![CDATA[12345]]>
              </value>
            </param>
            <param index="9">
              <value>
                <![CDATA[22/11/1999]]>
              </value>
            </param>
            <param index="10">
              <value>
                <![CDATA[22]]>
              </value>
            </param>
            <param index="11">
              <value>
                <![CDATA[https://www.google.com]]>
              </value>
            </param>
            <param index="12">
              <value>
                <![CDATA[987-654-3459]]>
              </value>
            </param>
            <param index="13">
              <value>
                <![CDATA[thanks]]>
              </value>
            </param>
          </params>
          <reporter-output>
          </reporter-output>
        </test-method> <!-- addressFormsTest -->
        <test-method is-config="true" signature="tearDown(org.testng.ITestResult)[pri:0, instance:com.tests.addresses.AddressTests@12405818]" started-at="2021-04-05T15:14:51 IST" name="tearDown" finished-at="2021-04-05T15:14:54 IST" duration-ms="2313" status="PASS">
          <params>
            <param index="0">
              <value>
                <![CDATA[[TestResult name=addressFormsTest status=SUCCESS method=AddressTests.addressFormsTest(java.lang.String, java.lang.String, java.lang.String, java.lang.String, java.lang.String, java.lang.String, java.lang.String, java.lang.String, java.lang.String, java.lang.String, java.lang.String, java.lang.String, java.lang.String, java.lang.String)[pri:0, instance:com.tests.addresses.AddressTests@12405818] output={null}]]]>
              </value>
            </param>
          </params>
          <reporter-output>
          </reporter-output>
        </test-method> <!-- tearDown -->
        <test-method is-config="true" signature="beforeMethod()[pri:0, instance:com.tests.addresses.AddressTests@12405818]" started-at="2021-04-05T15:14:54 IST" name="beforeMethod" finished-at="2021-04-05T15:14:58 IST" duration-ms="4375" status="PASS">
          <reporter-output>
          </reporter-output>
        </test-method> <!-- beforeMethod -->
        <test-method signature="addressFormsTest(java.lang.String, java.lang.String, java.lang.String, java.lang.String, java.lang.String, java.lang.String, java.lang.String, java.lang.String, java.lang.String, java.lang.String, java.lang.String, java.lang.String, java.lang.String, java.lang.String)[pri:0, instance:com.tests.addresses.AddressTests@12405818]" started-at="2021-04-05T15:14:58 IST" name="addressFormsTest" data-provider="data" finished-at="2021-04-05T15:15:09 IST" duration-ms="10722" status="PASS">
          <params>
            <param index="0">
              <value>
                <![CDATA[fazal2234@yahoo.com]]>
              </value>
            </param>
            <param index="1">
              <value>
                <![CDATA[12Fazal]]>
              </value>
            </param>
            <param index="2">
              <value>
                <![CDATA[Fazal]]>
              </value>
            </param>
            <param index="3">
              <value>
                <![CDATA[mirza]]>
              </value>
            </param>
            <param index="4">
              <value>
                <![CDATA[234 Sivalik]]>
              </value>
            </param>
            <param index="5">
              <value>
                <![CDATA[Kharar]]>
              </value>
            </param>
            <param index="6">
              <value>
                <![CDATA[Mohali]]>
              </value>
            </param>
            <param index="7">
              <value>
                <![CDATA[CA]]>
              </value>
            </param>
            <param index="8">
              <value>
                <![CDATA[34556]]>
              </value>
            </param>
            <param index="9">
              <value>
                <![CDATA[10/11/00]]>
              </value>
            </param>
            <param index="10">
              <value>
                <![CDATA[12]]>
              </value>
            </param>
            <param index="11">
              <value>
                <![CDATA[https://www.globalsqa.com/angularJs-protractor]]>
              </value>
            </param>
            <param index="12">
              <value>
                <![CDATA[987-654-3460]]>
              </value>
            </param>
            <param index="13">
              <value>
                <![CDATA[please look at this.]]>
              </value>
            </param>
          </params>
          <reporter-output>
          </reporter-output>
        </test-method> <!-- addressFormsTest -->
        <test-method is-config="true" signature="tearDown(org.testng.ITestResult)[pri:0, instance:com.tests.addresses.AddressTests@12405818]" started-at="2021-04-05T15:15:09 IST" name="tearDown" finished-at="2021-04-05T15:15:10 IST" duration-ms="1501" status="PASS">
          <params>
            <param index="0">
              <value>
                <![CDATA[[TestResult name=addressFormsTest status=SUCCESS method=AddressTests.addressFormsTest(java.lang.String, java.lang.String, java.lang.String, java.lang.String, java.lang.String, java.lang.String, java.lang.String, java.lang.String, java.lang.String, java.lang.String, java.lang.String, java.lang.String, java.lang.String, java.lang.String)[pri:0, instance:com.tests.addresses.AddressTests@12405818] output={null}]]]>
              </value>
            </param>
          </params>
          <reporter-output>
          </reporter-output>
        </test-method> <!-- tearDown -->
        <test-method is-config="true" signature="beforeMethod()[pri:0, instance:com.tests.addresses.AddressTests@12405818]" started-at="2021-04-05T15:15:10 IST" name="beforeMethod" finished-at="2021-04-05T15:15:15 IST" duration-ms="5004" status="PASS">
          <reporter-output>
          </reporter-output>
        </test-method> <!-- beforeMethod -->
        <test-method signature="addressFormsTest(java.lang.String, java.lang.String, java.lang.String, java.lang.String, java.lang.String, java.lang.String, java.lang.String, java.lang.String, java.lang.String, java.lang.String, java.lang.String, java.lang.String, java.lang.String, java.lang.String)[pri:0, instance:com.tests.addresses.AddressTests@12405818]" started-at="2021-04-05T15:15:15 IST" name="addressFormsTest" data-provider="data" finished-at="2021-04-05T15:15:26 IST" duration-ms="10486" status="PASS">
          <params>
            <param index="0">
              <value>
                <![CDATA[muskandureja1984@gmail.com]]>
              </value>
            </param>
            <param index="1">
              <value>
                <![CDATA[muskan@1223]]>
              </value>
            </param>
            <param index="2">
              <value>
                <![CDATA[muskan]]>
              </value>
            </param>
            <param index="3">
              <value>
                <![CDATA[Dureja]]>
              </value>
            </param>
            <param index="4">
              <value>
                <![CDATA[Flat no.12]]>
              </value>
            </param>
            <param index="5">
              <value>
                <![CDATA[Huda city]]>
              </value>
            </param>
            <param index="6">
              <value>
                <![CDATA[chandigarh]]>
              </value>
            </param>
            <param index="7">
              <value>
                <![CDATA[CO]]>
              </value>
            </param>
            <param index="8">
              <value>
                <![CDATA[98765]]>
              </value>
            </param>
            <param index="9">
              <value>
                <![CDATA[22/11/2001]]>
              </value>
            </param>
            <param index="10">
              <value>
                <![CDATA[34]]>
              </value>
            </param>
            <param index="11">
              <value>
                <![CDATA[https://www.globalsqa.com]]>
              </value>
            </param>
            <param index="12">
              <value>
                <![CDATA[987-654-3461]]>
              </value>
            </param>
            <param index="13">
              <value>
                <![CDATA[please look at this.]]>
              </value>
            </param>
          </params>
          <reporter-output>
          </reporter-output>
        </test-method> <!-- addressFormsTest -->
        <test-method is-config="true" signature="tearDown(org.testng.ITestResult)[pri:0, instance:com.tests.addresses.AddressTests@12405818]" started-at="2021-04-05T15:15:26 IST" name="tearDown" finished-at="2021-04-05T15:15:27 IST" duration-ms="1739" status="PASS">
          <params>
            <param index="0">
              <value>
                <![CDATA[[TestResult name=addressFormsTest status=SUCCESS method=AddressTests.addressFormsTest(java.lang.String, java.lang.String, java.lang.String, java.lang.String, java.lang.String, java.lang.String, java.lang.String, java.lang.String, java.lang.String, java.lang.String, java.lang.String, java.lang.String, java.lang.String, java.lang.String)[pri:0, instance:com.tests.addresses.AddressTests@12405818] output={null}]]]>
              </value>
            </param>
          </params>
          <reporter-output>
          </reporter-output>
        </test-method> <!-- tearDown -->
        <test-method is-config="true" signature="beforeMethod()[pri:0, instance:com.tests.addresses.AddressTests@12405818]" started-at="2021-04-05T15:15:27 IST" name="beforeMethod" finished-at="2021-04-05T15:15:31 IST" duration-ms="3941" status="PASS">
          <reporter-output>
          </reporter-output>
        </test-method> <!-- beforeMethod -->
        <test-method signature="addressFormsTest(java.lang.String, java.lang.String, java.lang.String, java.lang.String, java.lang.String, java.lang.String, java.lang.String, java.lang.String, java.lang.String, java.lang.String, java.lang.String, java.lang.String, java.lang.String, java.lang.String)[pri:0, instance:com.tests.addresses.AddressTests@12405818]" started-at="2021-04-05T15:15:31 IST" name="addressFormsTest" data-provider="data" finished-at="2021-04-05T15:15:42 IST" duration-ms="10622" status="PASS">
          <params>
            <param index="0">
              <value>
                <![CDATA[13jhamb134@gmail.com]]>
              </value>
            </param>
            <param index="1">
              <value>
                <![CDATA[muskan&12]]>
              </value>
            </param>
            <param index="2">
              <value>
                <![CDATA[Muskan]]>
              </value>
            </param>
            <param index="3">
              <value>
                <![CDATA[Jhamb]]>
              </value>
            </param>
            <param index="4">
              <value>
                <![CDATA[first floor 12]]>
              </value>
            </param>
            <param index="5">
              <value>
                <![CDATA[near noor place]]>
              </value>
            </param>
            <param index="6">
              <value>
                <![CDATA[lucknow]]>
              </value>
            </param>
            <param index="7">
              <value>
                <![CDATA[HI]]>
              </value>
            </param>
            <param index="8">
              <value>
                <![CDATA[0]]>
              </value>
            </param>
            <param index="9">
              <value>
                <![CDATA[22/11/2002]]>
              </value>
            </param>
            <param index="10">
              <value>
                <![CDATA[45]]>
              </value>
            </param>
            <param index="11">
              <value>
                <![CDATA[https://www.globalsqa.com/angularJs]]>
              </value>
            </param>
            <param index="12">
              <value>
                <![CDATA[987-654-3462]]>
              </value>
            </param>
            <param index="13">
              <value>
                <![CDATA[please look at this.]]>
              </value>
            </param>
          </params>
          <reporter-output>
          </reporter-output>
        </test-method> <!-- addressFormsTest -->
        <test-method is-config="true" signature="tearDown(org.testng.ITestResult)[pri:0, instance:com.tests.addresses.AddressTests@12405818]" started-at="2021-04-05T15:15:42 IST" name="tearDown" finished-at="2021-04-05T15:15:44 IST" duration-ms="1780" status="PASS">
          <params>
            <param index="0">
              <value>
                <![CDATA[[TestResult name=addressFormsTest status=SUCCESS method=AddressTests.addressFormsTest(java.lang.String, java.lang.String, java.lang.String, java.lang.String, java.lang.String, java.lang.String, java.lang.String, java.lang.String, java.lang.String, java.lang.String, java.lang.String, java.lang.String, java.lang.String, java.lang.String)[pri:0, instance:com.tests.addresses.AddressTests@12405818] output={null}]]]>
              </value>
            </param>
          </params>
          <reporter-output>
          </reporter-output>
        </test-method> <!-- tearDown -->
        <test-method is-config="true" signature="beforeMethod()[pri:0, instance:com.tests.addresses.AddressTests@12405818]" started-at="2021-04-05T15:15:44 IST" name="beforeMethod" finished-at="2021-04-05T15:15:48 IST" duration-ms="3821" status="PASS">
          <reporter-output>
          </reporter-output>
        </test-method> <!-- beforeMethod -->
        <test-method signature="addressFormsTest(java.lang.String, java.lang.String, java.lang.String, java.lang.String, java.lang.String, java.lang.String, java.lang.String, java.lang.String, java.lang.String, java.lang.String, java.lang.String, java.lang.String, java.lang.String, java.lang.String)[pri:0, instance:com.tests.addresses.AddressTests@12405818]" started-at="2021-04-05T15:15:48 IST" name="addressFormsTest" data-provider="data" finished-at="2021-04-05T15:15:58 IST" duration-ms="10735" status="PASS">
          <params>
            <param index="0">
              <value>
                <![CDATA[kaushal1234@gmail.com]]>
              </value>
            </param>
            <param index="1">
              <value>
                <![CDATA[kaushal!12]]>
              </value>
            </param>
            <param index="2">
              <value>
                <![CDATA[Kaushal]]>
              </value>
            </param>
            <param index="3">
              <value>
                <![CDATA[Dhawan]]>
              </value>
            </param>
            <param index="4">
              <value>
                <![CDATA[karnal]]>
              </value>
            </param>
            <param index="5">
              <value>
                <![CDATA[near post office]]>
              </value>
            </param>
            <param index="6">
              <value>
                <![CDATA[1233]]>
              </value>
            </param>
            <param index="7">
              <value>
                <![CDATA[ID]]>
              </value>
            </param>
            <param index="8">
              <value>
                <![CDATA[87654323]]>
              </value>
            </param>
            <param index="9">
              <value>
                <![CDATA[22/11/2003]]>
              </value>
            </param>
            <param index="10">
              <value>
                <![CDATA[56]]>
              </value>
            </param>
            <param index="11">
              <value>
                <![CDATA[https://www.globalsqa.com/angularJs-protractor]]>
              </value>
            </param>
            <param index="12">
              <value>
                <![CDATA[987-654-3463]]>
              </value>
            </param>
            <param index="13">
              <value>
                <![CDATA[please look at this.]]>
              </value>
            </param>
          </params>
          <reporter-output>
          </reporter-output>
        </test-method> <!-- addressFormsTest -->
        <test-method is-config="true" signature="tearDown(org.testng.ITestResult)[pri:0, instance:com.tests.addresses.AddressTests@12405818]" started-at="2021-04-05T15:15:58 IST" name="tearDown" finished-at="2021-04-05T15:16:00 IST" duration-ms="1691" status="PASS">
          <params>
            <param index="0">
              <value>
                <![CDATA[[TestResult name=addressFormsTest status=SUCCESS method=AddressTests.addressFormsTest(java.lang.String, java.lang.String, java.lang.String, java.lang.String, java.lang.String, java.lang.String, java.lang.String, java.lang.String, java.lang.String, java.lang.String, java.lang.String, java.lang.String, java.lang.String, java.lang.String)[pri:0, instance:com.tests.addresses.AddressTests@12405818] output={null}]]]>
              </value>
            </param>
          </params>
          <reporter-output>
          </reporter-output>
        </test-method> <!-- tearDown -->
        <test-method is-config="true" signature="beforeMethod()[pri:0, instance:com.tests.addresses.AddressTests@12405818]" started-at="2021-04-05T15:16:00 IST" name="beforeMethod" finished-at="2021-04-05T15:16:04 IST" duration-ms="3534" status="PASS">
          <reporter-output>
          </reporter-output>
        </test-method> <!-- beforeMethod -->
        <test-method signature="addressFormsTest(java.lang.String, java.lang.String, java.lang.String, java.lang.String, java.lang.String, java.lang.String, java.lang.String, java.lang.String, java.lang.String, java.lang.String, java.lang.String, java.lang.String, java.lang.String, java.lang.String)[pri:0, instance:com.tests.addresses.AddressTests@12405818]" started-at="2021-04-05T15:16:04 IST" name="addressFormsTest" data-provider="data" finished-at="2021-04-05T15:16:14 IST" duration-ms="10548" status="PASS">
          <params>
            <param index="0">
              <value>
                <![CDATA[amisha1234@yahoo.com]]>
              </value>
            </param>
            <param index="1">
              <value>
                <![CDATA[12345]]>
              </value>
            </param>
            <param index="2">
              <value>
                <![CDATA[Amisha]]>
              </value>
            </param>
            <param index="3">
              <value>
                <![CDATA[Dureja]]>
              </value>
            </param>
            <param index="4">
              <value>
                <![CDATA[Yamunanagar]]>
              </value>
            </param>
            <param index="5">
              <value>
                <![CDATA[pune]]>
              </value>
            </param>
            <param index="6">
              <value>
                <![CDATA[pune]]>
              </value>
            </param>
            <param index="7">
              <value>
                <![CDATA[IN]]>
              </value>
            </param>
            <param index="8">
              <value>
                <![CDATA[7654]]>
              </value>
            </param>
            <param index="9">
              <value>
                <![CDATA[22/11/2004]]>
              </value>
            </param>
            <param index="10">
              <value>
                <![CDATA[12]]>
              </value>
            </param>
            <param index="11">
              <value>
                <![CDATA[https://www.globalsqa.com/angularJs-protractor]]>
              </value>
            </param>
            <param index="12">
              <value>
                <![CDATA[987-654-3464]]>
              </value>
            </param>
            <param index="13">
              <value>
                <![CDATA[please look at this.]]>
              </value>
            </param>
          </params>
          <reporter-output>
          </reporter-output>
        </test-method> <!-- addressFormsTest -->
        <test-method is-config="true" signature="tearDown(org.testng.ITestResult)[pri:0, instance:com.tests.addresses.AddressTests@12405818]" started-at="2021-04-05T15:16:14 IST" name="tearDown" finished-at="2021-04-05T15:16:16 IST" duration-ms="1757" status="PASS">
          <params>
            <param index="0">
              <value>
                <![CDATA[[TestResult name=addressFormsTest status=SUCCESS method=AddressTests.addressFormsTest(java.lang.String, java.lang.String, java.lang.String, java.lang.String, java.lang.String, java.lang.String, java.lang.String, java.lang.String, java.lang.String, java.lang.String, java.lang.String, java.lang.String, java.lang.String, java.lang.String)[pri:0, instance:com.tests.addresses.AddressTests@12405818] output={null}]]]>
              </value>
            </param>
          </params>
          <reporter-output>
          </reporter-output>
        </test-method> <!-- tearDown -->
        <test-method is-config="true" signature="beforeMethod()[pri:0, instance:com.tests.addresses.AddressTests@12405818]" started-at="2021-04-05T15:16:16 IST" name="beforeMethod" finished-at="2021-04-05T15:16:20 IST" duration-ms="3726" status="PASS">
          <reporter-output>
          </reporter-output>
        </test-method> <!-- beforeMethod -->
        <test-method signature="addressFormsTest(java.lang.String, java.lang.String, java.lang.String, java.lang.String, java.lang.String, java.lang.String, java.lang.String, java.lang.String, java.lang.String, java.lang.String, java.lang.String, java.lang.String, java.lang.String, java.lang.String)[pri:0, instance:com.tests.addresses.AddressTests@12405818]" started-at="2021-04-05T15:16:20 IST" name="addressFormsTest" data-provider="data" finished-at="2021-04-05T15:16:30 IST" duration-ms="10022" status="PASS">
          <params>
            <param index="0">
              <value>
                <![CDATA[harsimran394@gmail.com]]>
              </value>
            </param>
            <param index="1">
              <value>
                <![CDATA[harsimran12]]>
              </value>
            </param>
            <param index="2">
              <value>
                <![CDATA[Harsimran]]>
              </value>
            </param>
            <param index="3">
              <value>
                <![CDATA[kaur]]>
              </value>
            </param>
            <param index="4">
              <value>
                <![CDATA[Delhi]]>
              </value>
            </param>
            <param index="5">
              <value>
                <![CDATA[haryana]]>
              </value>
            </param>
            <param index="6">
              <value>
                <![CDATA[mumbai]]>
              </value>
            </param>
            <param index="7">
              <value>
                <![CDATA[MD]]>
              </value>
            </param>
            <param index="8">
              <value>
                <![CDATA[9]]>
              </value>
            </param>
            <param index="9">
              <value>
                <![CDATA[22/11/2005]]>
              </value>
            </param>
            <param index="10">
              <value>
                <![CDATA[89]]>
              </value>
            </param>
            <param index="11">
              <value>
                <![CDATA[https://aka.ms/remoteconnect]]>
              </value>
            </param>
            <param index="12">
              <value>
                <![CDATA[987-654-3465]]>
              </value>
            </param>
            <param index="13">
              <value>
                <![CDATA[please look at this.]]>
              </value>
            </param>
          </params>
          <reporter-output>
          </reporter-output>
        </test-method> <!-- addressFormsTest -->
        <test-method is-config="true" signature="tearDown(org.testng.ITestResult)[pri:0, instance:com.tests.addresses.AddressTests@12405818]" started-at="2021-04-05T15:16:30 IST" name="tearDown" finished-at="2021-04-05T15:16:31 IST" duration-ms="1783" status="PASS">
          <params>
            <param index="0">
              <value>
                <![CDATA[[TestResult name=addressFormsTest status=SUCCESS method=AddressTests.addressFormsTest(java.lang.String, java.lang.String, java.lang.String, java.lang.String, java.lang.String, java.lang.String, java.lang.String, java.lang.String, java.lang.String, java.lang.String, java.lang.String, java.lang.String, java.lang.String, java.lang.String)[pri:0, instance:com.tests.addresses.AddressTests@12405818] output={null}]]]>
              </value>
            </param>
          </params>
          <reporter-output>
          </reporter-output>
        </test-method> <!-- tearDown -->
        <test-method is-config="true" signature="beforeMethod()[pri:0, instance:com.tests.addresses.AddressTests@12405818]" started-at="2021-04-05T15:16:31 IST" name="beforeMethod" finished-at="2021-04-05T15:16:35 IST" duration-ms="3961" status="PASS">
          <reporter-output>
          </reporter-output>
        </test-method> <!-- beforeMethod -->
        <test-method signature="addressFormsTest(java.lang.String, java.lang.String, java.lang.String, java.lang.String, java.lang.String, java.lang.String, java.lang.String, java.lang.String, java.lang.String, java.lang.String, java.lang.String, java.lang.String, java.lang.String, java.lang.String)[pri:0, instance:com.tests.addresses.AddressTests@12405818]" started-at="2021-04-05T15:16:35 IST" name="addressFormsTest" data-provider="data" finished-at="2021-04-05T15:16:45 IST" duration-ms="9438" status="PASS">
          <params>
            <param index="0">
              <value>
                <![CDATA[ridhi@gmail.com]]>
              </value>
            </param>
            <param index="1">
              <value>
                <![CDATA[ridhi12kumar]]>
              </value>
            </param>
            <param index="2">
              <value>
                <![CDATA[ridhi]]>
              </value>
            </param>
            <param index="3">
              <value>
                <![CDATA[singh]]>
              </value>
            </param>
            <param index="4">
              <value>
                <![CDATA[haryana]]>
              </value>
            </param>
            <param index="5">
              <value>
                <![CDATA[karnal]]>
              </value>
            </param>
            <param index="6">
              <value>
                <![CDATA[delhi]]>
              </value>
            </param>
            <param index="7">
              <value>
                <![CDATA[MA]]>
              </value>
            </param>
            <param index="8">
              <value>
                <![CDATA[9]]>
              </value>
            </param>
            <param index="9">
              <value>
                <![CDATA[22/11/2006]]>
              </value>
            </param>
            <param index="10">
              <value>
                <![CDATA[34]]>
              </value>
            </param>
            <param index="11">
              <value>
                <![CDATA[federaloverseas.com/]]>
              </value>
            </param>
            <param index="12">
              <value>
                <![CDATA[987-654-3466]]>
              </value>
            </param>
            <param index="13">
              <value>
                <![CDATA[please look at this.]]>
              </value>
            </param>
          </params>
          <reporter-output>
          </reporter-output>
        </test-method> <!-- addressFormsTest -->
        <test-method is-config="true" signature="tearDown(org.testng.ITestResult)[pri:0, instance:com.tests.addresses.AddressTests@12405818]" started-at="2021-04-05T15:16:45 IST" name="tearDown" finished-at="2021-04-05T15:16:47 IST" duration-ms="1831" status="PASS">
          <params>
            <param index="0">
              <value>
                <![CDATA[[TestResult name=addressFormsTest status=SUCCESS method=AddressTests.addressFormsTest(java.lang.String, java.lang.String, java.lang.String, java.lang.String, java.lang.String, java.lang.String, java.lang.String, java.lang.String, java.lang.String, java.lang.String, java.lang.String, java.lang.String, java.lang.String, java.lang.String)[pri:0, instance:com.tests.addresses.AddressTests@12405818] output={null}]]]>
              </value>
            </param>
          </params>
          <reporter-output>
          </reporter-output>
        </test-method> <!-- tearDown -->
        <test-method is-config="true" signature="beforeMethod()[pri:0, instance:com.tests.addresses.AddressTests@12405818]" started-at="2021-04-05T15:16:47 IST" name="beforeMethod" finished-at="2021-04-05T15:16:51 IST" duration-ms="4246" status="PASS">
          <reporter-output>
          </reporter-output>
        </test-method> <!-- beforeMethod -->
        <test-method signature="addressFormsTest(java.lang.String, java.lang.String, java.lang.String, java.lang.String, java.lang.String, java.lang.String, java.lang.String, java.lang.String, java.lang.String, java.lang.String, java.lang.String, java.lang.String, java.lang.String, java.lang.String)[pri:0, instance:com.tests.addresses.AddressTests@12405818]" started-at="2021-04-05T15:16:51 IST" name="addressFormsTest" data-provider="data" finished-at="2021-04-05T15:17:01 IST" duration-ms="9652" status="PASS">
          <params>
            <param index="0">
              <value>
                <![CDATA[kumar23@yahoo.com]]>
              </value>
            </param>
            <param index="1">
              <value>
                <![CDATA[12kumar]]>
              </value>
            </param>
            <param index="2">
              <value>
                <![CDATA[]]>
              </value>
            </param>
            <param index="3">
              <value>
                <![CDATA[]]>
              </value>
            </param>
            <param index="4">
              <value>
                <![CDATA[]]>
              </value>
            </param>
            <param index="5">
              <value>
                <![CDATA[]]>
              </value>
            </param>
            <param index="6">
              <value>
                <![CDATA[haryana]]>
              </value>
            </param>
            <param index="7">
              <value>
                <![CDATA[NH]]>
              </value>
            </param>
            <param index="8">
              <value>
                <![CDATA[99877667]]>
              </value>
            </param>
            <param index="9">
              <value>
                <![CDATA[22/11/2007]]>
              </value>
            </param>
            <param index="10">
              <value>
                <![CDATA[5]]>
              </value>
            </param>
            <param index="11">
              <value>
                <![CDATA[http://federaloverseas.com/]]>
              </value>
            </param>
            <param index="12">
              <value>
                <![CDATA[]]>
              </value>
            </param>
            <param index="13">
              <value>
                <![CDATA[please look at this.]]>
              </value>
            </param>
          </params>
          <reporter-output>
          </reporter-output>
        </test-method> <!-- addressFormsTest -->
        <test-method is-config="true" signature="tearDown(org.testng.ITestResult)[pri:0, instance:com.tests.addresses.AddressTests@12405818]" started-at="2021-04-05T15:17:01 IST" name="tearDown" finished-at="2021-04-05T15:17:02 IST" duration-ms="1743" status="PASS">
          <params>
            <param index="0">
              <value>
                <![CDATA[[TestResult name=addressFormsTest status=SUCCESS method=AddressTests.addressFormsTest(java.lang.String, java.lang.String, java.lang.String, java.lang.String, java.lang.String, java.lang.String, java.lang.String, java.lang.String, java.lang.String, java.lang.String, java.lang.String, java.lang.String, java.lang.String, java.lang.String)[pri:0, instance:com.tests.addresses.AddressTests@12405818] output={null}]]]>
              </value>
            </param>
          </params>
          <reporter-output>
          </reporter-output>
        </test-method> <!-- tearDown -->
        <test-method is-config="true" signature="afterClass()[pri:0, instance:com.tests.addresses.AddressTests@12405818]" started-at="2021-04-05T15:17:02 IST" name="afterClass" finished-at="2021-04-05T15:17:02 IST" duration-ms="0" status="PASS">
          <reporter-output>
          </reporter-output>
        </test-method> <!-- afterClass -->
        <test-method is-config="true" signature="afterTest()[pri:0, instance:com.tests.addresses.AddressTests@12405818]" started-at="2021-04-05T15:27:27 IST" name="afterTest" finished-at="2021-04-05T15:27:27 IST" duration-ms="0" status="PASS">
          <reporter-output>
          </reporter-output>
        </test-method> <!-- afterTest -->
        <test-method is-config="true" signature="afterSuite()[pri:0, instance:com.tests.addresses.AddressTests@12405818]" started-at="2021-04-05T15:27:27 IST" name="afterSuite" finished-at="2021-04-05T15:27:27 IST" duration-ms="0" status="PASS">
          <reporter-output>
          </reporter-output>
        </test-method> <!-- afterSuite -->
      </class> <!-- com.tests.addresses.AddressTests -->
    </test> <!-- Surefire test -->
  </suite> <!-- Surefire suite -->
</testng-results>
