<?xml version="1.0" encoding="UTF-8"?>
<!-- Generated by org.testng.reporters.JUnitReportReporter -->
<testsuite hostname="IN-BAV-L0832" failures="0" tests="1" name="com.tests.addresslinks.EditLinkTests" time="0.971" errors="1" timestamp="2021-04-04T23:34:27 IST" skipped="0">
  <testcase classname="com.tests.addresslinks.EditLinkTests" name="EditLink" time="0.971">
    <error message="
[public void com.tests.addresslinks.EditLinkTests.EditLink(java.lang.String,java.lang.String) throws java.lang.InterruptedException] has no parameters defined but was found to be using a data provider (either explicitly specified or inherited from class level annotation).
Data provider mismatch
Method: EditLink([Parameter{index=0, type=java.lang.String, declaredAnnotations=[]}, Parameter{index=1, type=java.lang.String, declaredAnnotations=[]}])
Arguments: [(java.lang.String) amrita2234@gmail.com,(java.lang.String) amrita12,(java.lang.String) amrita,(java.lang.String) kaur,(java.lang.String) H.124,(java.lang.String) yamunanagar,(java.lang.String) Karnal,(java.lang.String) AZ,(java.lang.String) 12345,(java.lang.String) 22/11/1999,(java.lang.String) 22,(java.lang.String) https://www.google.com,(java.lang.String) 987-654-3459,(java.lang.String) thanks]" type="org.testng.internal.reflect.MethodMatcherException">
      <![CDATA[org.testng.internal.reflect.MethodMatcherException: 
[public void com.tests.addresslinks.EditLinkTests.EditLink(java.lang.String,java.lang.String) throws java.lang.InterruptedException] has no parameters defined but was found to be using a data provider (either explicitly specified or inherited from class level annotation).
Data provider mismatch
Method: EditLink([Parameter{index=0, type=java.lang.String, declaredAnnotations=[]}, Parameter{index=1, type=java.lang.String, declaredAnnotations=[]}])
Arguments: [(java.lang.String) amrita2234@gmail.com,(java.lang.String) amrita12,(java.lang.String) amrita,(java.lang.String) kaur,(java.lang.String) H.124,(java.lang.String) yamunanagar,(java.lang.String) Karnal,(java.lang.String) AZ,(java.lang.String) 12345,(java.lang.String) 22/11/1999,(java.lang.String) 22,(java.lang.String) https://www.google.com,(java.lang.String) 987-654-3459,(java.lang.String) thanks]
at org.testng.internal.reflect.DataProviderMethodMatcher.getConformingArguments(DataProviderMethodMatcher.java:43)
at org.testng.internal.Parameters.injectParameters(Parameters.java:905)
at org.testng.internal.MethodRunner.runInSequence(MethodRunner.java:34)
at org.testng.internal.TestInvoker$MethodInvocationAgent.invoke(TestInvoker.java:822)
at org.testng.internal.TestInvoker.invokeTestMethods(TestInvoker.java:147)
at org.testng.internal.TestMethodWorker.invokeTestMethods(TestMethodWorker.java:146)
at org.testng.internal.TestMethodWorker.run(TestMethodWorker.java:128)
at java.base/java.util.ArrayList.forEach(ArrayList.java:1507)
at org.testng.TestRunner.privateRun(TestRunner.java:764)
at org.testng.TestRunner.run(TestRunner.java:585)
at org.testng.SuiteRunner.runTest(SuiteRunner.java:384)
at org.testng.SuiteRunner.runSequentially(SuiteRunner.java:378)
at org.testng.SuiteRunner.privateRun(SuiteRunner.java:337)
at org.testng.SuiteRunner.run(SuiteRunner.java:286)
at org.testng.SuiteRunnerWorker.runSuite(SuiteRunnerWorker.java:53)
at org.testng.SuiteRunnerWorker.run(SuiteRunnerWorker.java:96)
at org.testng.TestNG.runSuitesSequentially(TestNG.java:1218)
at org.testng.TestNG.runSuitesLocally(TestNG.java:1140)
at org.testng.TestNG.runSuites(TestNG.java:1069)
at org.testng.TestNG.run(TestNG.java:1037)
at org.testng.remote.AbstractRemoteTestNG.run(AbstractRemoteTestNG.java:115)
at org.testng.remote.RemoteTestNG.initAndRun(RemoteTestNG.java:251)
at org.testng.remote.RemoteTestNG.main(RemoteTestNG.java:77)
]]>
    </error>
  </testcase> <!-- EditLink -->
  <system-out/>
</testsuite> <!-- com.tests.addresslinks.EditLinkTests -->
